           1
           1
           0
           1          26
        1414        1415        1416        1417        1418        1419
        1420        1421        1422        1423        1424        1425
        1426        1427        1428        1429        1430        1431
        1432        1433        1434        1435        1436        1437
        1438
           1
           0
           1          29
           1           2           7         220         221         259
         260         261         538         590         657         716
         770         825         877         924         965        1001
        1038        1045        1046        1087        1089        1090
        1091        1134        1136        1141
           1
           0
           1         748
       47867       47868       47869       47870       47871       47872
       47873       47874       47875       47876       47877       47878
       47879       47880       47881       47882       47883       47884
       47885       47886       47887       47888       47889       47890
       47891       47892       47893       47894       47895       47896
       47897       47898       47899       47900       47901       47902
       47903       47904       47905       47906       47907       47908
       47909       47910       47911       47912       47913       47914
       47915       47916       47917       47918       47919       47920
       47921       47922       47923       47924       47925       47926
       47927       47928       47929       47930       47931       47932
       47933       47934       47935       47936       47937       47938
       47939       47940       47941       47942       47943       47944
       47945       47946       47947       47948       47949       47950
       47951       47952       47953       47954       47955       47956
       47957       47958       47959       47960       47961       47962
       47963       47964       47965       47966       47967       47968
       47969       47970       47971       47972       47973       47974
       47975       47976       47977       47978       47979       47980
       47981       47982       47983       47984       47985       47986
       47987       47988       47989       47990       47991       47992
       47993       47994       47995       47996       47997       47998
       47999       48000       48001       48002       48003       48004
       48005       48006       48007       48008       48009       48010
       48011       48012       48013       48014       48015       48016
       48017       48018       48019       48020       48021       48022
       48023       48024       48025       48026       48027       48028
       48029       48030       48031       48032       48033       48034
       48035       48036       48037       48038       48039       48040
       48041       48042       48043       48044       48045       48046
       48047       48048       48049       48050       48051       48052
       48053       48054       48055       48056       48057       48058
       48059       48060       48061       48062       48063       48064
       48065       48066       48067       48068       48069       48070
       48071       48072       48073       48074       48075       48076
       48077       48078       48079       48080       48081       48082
       48083       48084       48085       48086       48087       48088
       48089       48090       48091       48092       48093       48094
       48095       48096       48097       48098       48099       48100
       48101       48102       48103       48104       48105       48106
       48107       48108       48109       48110       48111       48112
       48113       48114       48115       48116       48117       48118
       48119       48120       48121       48122       48123       48124
       48125       48126       48127       48128       48129       48130
       48131       48132       48133       48134       48135       48136
       48137       48138       48139       48140       48141       48142
       48143       48144       48145       48146       48147       48148
       48149       48150       48151       48152       48153       48154
       48155       48156       48157       48158       48159       48160
       48161       48162       48163       48164       48165       48166
       48167       48168       48169       48170       48171       48172
       48173       48174       48175       48176       48177       48178
       48179       48180       48181       48182       48183       48184
       48185       48186       48187       48188       48189       48190
       48191       48192       48193       48194       48195       48196
       48197       48198       48199       48200       48201       48202
       48203       48204       48205       48206       48207       48208
       48209       48210       48211       48212       48213       48214
       48215       48216       48217       48218       48219       48220
       48221       48222       48223       48224       48225       48226
       48227       48228       48229       48230       48231       48232
       48233       48234       48235       48236       48237       48238
       48239       48240       48241       48242       48243       48244
       48245       48246       48247       48248       48249       48250
       48251       48252       48253       48254       48255       48256
       48257       48258       48259       48260       48261       48262
       48263       48264       48265       48266       48267       48268
       48269       48270       48271       48272       48273       48274
       48275       48276       48277       48278       48279       48280
       48281       48282       48283       48284       48285       48286
       48287       48288       48289       48290       48291       48292
       48293       48294       48295       48296       48297       48298
       48299       48300       48301       48302       48303       48304
       48305       48306       48307       48308       48309       48310
       48311       48312       48313       48314       48315       48316
       48317       48318       48319       48320       48321       48322
       48323       48324       48325       48326       48327       48328
       48329       48330       48331       48332       48333       48334
       48335       48336       48337       48338       48339       48340
       48341       48342       48343       48344       48345       48346
       48347       48348       48349       48350       48351       48352
       48353       48354       48355       48356       48357       48358
       48359       48360       48361       48362       48363       48364
       48365       48366       48367       48368       48369       48370
       48371       48372       48373       48374       48375       48376
       48377       48378       48379       48380       48381       48382
       48383       48384       48385       48386       48387       48388
       48389       48390       48391       48392       48393       48394
       48395       48396       48397       48398       48399       48400
       48401       48402       48403       48404       48405       48406
       48407       48408       48409       48410       48411       48412
       48413       48414       48415       48416       48417       48418
       48419       48420       48421       48422       48423       48424
       48425       48426       48427       48428       48429       48430
       48431       48432       48433       48434       48435       48436
       48437       48438       48439       48440       48441       48442
       48443       48444       48445       48446       48447       48448
       48449       48450       48451       48452       48453       48454
       48455       48456       48457       48458       48459       48460
       48461       48462       48463       48464       48465       48466
       48467       48468       48469       48470       48471       48472
       48473       48474       48475       48476       48477       48478
       48479       48480       48481       48482       48483       48484
       48485       48486       48487       48488       48489       48490
       48491       48492       48493       48494       48495       48496
       48497       48498       48499       48500       48501       48502
       48503       48504       48505       48506       48507       48508
       48509       48510       48511       48512       48513       48514
       48515       48516       48517       48518       48519       48520
       48521       48522       48523       48524       48525       48526
       48527       48528       48529       48530       48531       48532
       48533       48534       48535       48536       48537       48538
       48539       48540       48541       48542       48543       48544
       48545       48546       48547       48548       48549       48550
       48551       48552       48553       48554       48555       48556
       48557       48558       48559       48560       48561       48562
       48563       48564       48565       48566       48567       48568
       48569       48570       48571       48572       48573       48574
       48575       48576       48577       48578       48579       48580
       48581       48582       48583       48584       48585       48586
       48587       48588       48589       48590       48591       48592
       48593       48594       48595       48596       48597       48598
       48599       48600       48601       48602       48603       48604
       48605       48606       48607       48608       48609       48610
       48611       48612       48613
           1
           0
           1         787
           1        1414        1415        1416           2        1417
        1418        1419           7        1470        1471        1472
         220        8881        8882        8883        8884        8885
        8886        8887        8888        8889        8890        8891
        8892        8893        8894        8895        8896        8897
        8898        8899        8900        8901        8902        8903
        8904        8905        8906        8907        8908        8909
        8910        8911        8912        8913        8914        8915
        8916         221        8917        8918        8919        8920
        8921        8922        8923        8924        8925        8926
        8927        8928        8929        8930        8931        8932
         259       10345       10346       10347       10348       10349
       10350       10351       10352       10353       10354       10355
       10356       10357       10358       10359       10360       10361
       10362       10363       10364       10365       10366       10367
       10368       10369       10370       10371       10372       10373
       10374       10375       10376       10377       10378       10379
       10380       10381       10382       10383       10384       10385
         260       10386       10387       10388       10389       10390
       10391       10392       10393       10394       10395       10396
       10397       10398       10399       10400       10401       10402
       10403       10404       10405       10406       10407       10408
       10409       10410       10411       10412       10413       10414
       10415       10416       10417       10418       10419       10420
       10421       10422       10423       10424         261       10425
       10426       10427       10428       10429       10430       10431
       10432       10433       10434       10435       10436       10437
       10438       10439       10440       10441       10442       10443
       10444       10445       10446       10447       10448       10449
       10450       10451       10452       10453       10454       10455
       10456       10457       10458       10459       10460       10461
         538       19530       19531       19532         590       21213
       21214       21215       21216       21217       21218       21219
       21220       21221       21222       21223       21224       21225
       21226       21227       21228       21229       21230       21231
       21232       21233       21234       21235       21236       21237
       21238       21239       21240       21241       21242       21243
         657       23399       23400       23401         716       25122
       25123       25124       25125       25126       25127       25128
       25129       25130       25131       25132       25133       25134
       25135         770       26762       26763       26764       26765
       26766       26767       26768       26769       26770       26771
       26772       26773       26774       26775       26776       26777
       26778       26779       26780       26781       26782       26783
       26784       26785       26786       26787       26788       26789
       26790       26791       26792       26793       26794       26795
       26796       26797       26798       26799       26800       26801
       26802         825       28449       28450       28451       28452
       28453       28454       28455       28456       28457       28458
       28459       28460       28461       28462       28463       28464
       28465       28466       28467       28468       28469       28470
       28471       28472       28473       28474       28475       28476
       28477       28478       28479       28480       28481       28482
       28483       28484       28485       28486       28487       28488
       28489         877       30164       30165       30166       30167
       30168       30169       30170       30171       30172       30173
       30174       30175       30176       30177       30178       30179
       30180       30181       30182       30183       30184       30185
       30186       30187       30188       30189       30190       30191
       30192       30193       30194       30195       30196       30197
       30198       30199       30200       30201       30202       30203
       30204         924       31775       31776       31777       31778
       31779       31780       31781       31782       31783       31784
       31785       31786       31787       31788       31789       31790
       31791       31792       31793       31794       31795       31796
       31797       31798       31799       31800       31801       31802
       31803       31804       31805       31806       31807       31808
       31809       31810         965       33154       33155       33156
       33157       33158       33159       33160       33161       33162
       33163       33164       33165       33166       33167       33168
       33169       33170       33171       33172       33173       33174
       33175       33176       33177       33178       33179       33180
       33181       33182       33183       33184       33185       33186
       33187       33188       33189       33190       33191       33192
        1001       34361       34362       34363       34364       34365
       34366       34367       34368       34369       34370       34371
       34372       34373       34374       34375       34376       34377
       34378       34379       34380       34381       34382       34383
       34384       34385       34386       34387       34388       34389
       34390       34391       34392       34393       34394       34395
       34396       34397       34398       34399        1038       35550
       35551       35552       35553       35554       35555       35556
       35557       35558       35559       35560       35561       35562
       35563       35564       35565       35566       35567       35568
       35569       35570       35571       35572       35573       35574
       35575       35576       35577       35578       35579       35580
       35581       35582       35583       35584       35585       35586
        1045       35807       35808       35809       35810       35811
       35812       35813       35814       35815       35816       35817
       35818       35819       35820       35821       35822       35823
       35824       35825       35826       35827       35828       35829
       35830        1046       35831       35832       35833       35834
       35835       35836       35837       35838       35839       35840
       35841       35842       35843       35844       35845       35846
       35847       35848        1087       37153       37154       37155
       37156       37157       37158       37159       37160       37161
       37162       37163       37164       37165       37166       37167
       37168       37169       37170       37171       37172       37173
       37174       37175       37176       37177       37178       37179
       37180       37181       37182       37183       37184       37185
        1089       37217       37218       37219       37220       37221
       37222       37223       37224       37225       37226       37227
       37228       37229       37230       37231       37232       37233
       37234       37235       37236       37237       37238       37239
       37240       37241       37242       37243       37244       37245
       37246       37247       37248       37249       37250       37251
       37252        1090       37253       37254       37255       37256
       37257       37258       37259       37260       37261       37262
       37263       37264       37265       37266       37267       37268
       37269       37270       37271       37272       37273       37274
       37275       37276       37277       37278       37279       37280
       37281       37282       37283       37284       37285       37286
       37287       37288        1091       37289       37290       37291
       37292       37293       37294       37295       37296       37297
       37298       37299       37300       37301       37302       37303
       37304       37305       37306       37307       37308       37309
       37310       37311       37312       37313       37314       37315
       37316       37317       37318       37319       37320        1134
       38797       38798       38799       38800       38801       38802
       38803       38804       38805       38806       38807       38808
       38809       38810       38811       38812       38813       38814
       38815       38816       38817       38818       38819       38820
        1136       38861       38862       38863       38864       38865
       38866       38867       38868       38869       38870       38871
       38872       38873       38874       38875       38876       38877
       38878       38879       38880       38881       38882       38883
       38884       38885       38886       38887       38888       38889
       38890       38891       38892       38893       38894       38895
        1141       39031       39032       39033       39034       39035
       39036       39037       39038       39039       39040       39041
       39042       39043       39044       39045       39046       39047
