           0
           2
           1           3
           1          16          21
        1101        1102        1103        1104        1105        1106
        1107        1108        1109        1110        1111        1112
        1113        1114        1115        1116        1117        1118
        1119        1120
           2
           1           3
           1          18          26
         909         910         956         993         997        1001
        1002        1003        1004        1005        1006        1027
        1029        1030        1031        1049        1050        1087
        1088        1092        1095        1097        1098        1099
        1100
           2
           1           3
           1         436         462
       23941       23942       23943       23944       23945       23946
       23947       23948       23949       23950       23951       23952
       23953       23954       23955       23956       23957       23958
       23959       23960       23961       23962       23963       23964
       23965       23966       23967       23968       23969       23970
       23971       23972       23973       23974       23975       23976
       23977       23978       23979       23980       23981       23982
       23983       23984       23985       23986       23987       23988
       23989       23990       23991       23992       23993       23994
       23995       23996       23997       23998       23999       24000
       24001       24002       24003       24004       24005       24006
       24007       24008       24009       24010       24011       24012
       24013       24014       24015       24016       24017       24018
       24019       24020       24021       24022       24023       24024
       24025       24026       24027       24028       24029       24030
       24031       24032       24033       24034       24035       24036
       24037       24038       24039       24040       24041       24042
       24043       24044       24045       24046       24047       24048
       24049       24050       24051       24052       24053       24054
       24055       24056       24057       24058       24059       24060
       24061       24062       24063       24064       24065       24066
       24067       24068       24069       24070       24071       24072
       24073       24074       24075       24076       24077       24078
       24079       24080       24081       24082       24083       24084
       24085       24086       24087       24088       24089       24090
       24091       24092       24093       24094       24095       24096
       24097       24098       24099       24100       24101       24102
       24103       24104       24105       24106       24107       24108
       24109       24110       24111       24112       24113       24114
       24115       24116       24117       24118       24119       24120
       24121       24122       24123       24124       24125       24126
       24127       24128       24129       24130       24131       24132
       24133       24134       24135       24136       24137       24138
       24139       24140       24141       24142       24143       24144
       24145       24146       24147       24148       24149       24150
       24151       24152       24153       24154       24155       24156
       24157       24158       24159       24160       24161       24162
       24163       24164       24165       24166       24167       24168
       24169       24170       24171       24172       24173       24174
       24175       24176       24177       24178       24179       24180
       24181       24182       24183       24184       24185       24186
       24187       24188       24189       24190       24191       24192
       24193       24194       24195       24196       24197       24198
       24199       24200       24201       24202       24203       24204
       24205       24206       24207       24208       24209       24210
       24211       24212       24213       24214       24215       24216
       24217       24218       24219       24220       24221       24222
       24223       24224       24225       24226       24227       24228
       24229       24230       24231       24232       24233       24234
       24235       24236       24237       24238       24239       24240
       24241       24242       24243       24244       24245       24246
       24247       24248       24249       24250       24251       24252
       24253       24254       24255       24256       24257       24258
       24259       24260       24261       24262       24263       24264
       24265       24266       24267       24268       24269       24270
       24271       24272       24273       24274       24275       24276
       24277       24278       24279       24280       24281       24282
       24283       24284       24285       24286       24287       24288
       24289       24290       24291       24292       24293       24294
       24295       24296       24297       24298       24299       24300
       24301       24302       24303       24304       24305       24306
       24307       24308       24309       24310       24311       24312
       24313       24314       24315       24316       24317       24318
       24319       24320       24321       24322       24323       24324
       24325       24326       24327       24328       24329       24330
       24331       24332       24333       24334       24335       24336
       24337       24338       24339       24340       24341       24342
       24343       24344       24345       24346       24347       24348
       24349       24350       24351       24352       24353       24354
       24355       24356       24357       24358       24359       24360
       24361       24362       24363       24364       24365       24366
       24367       24368       24369       24370       24371       24372
       24373       24374       24375       24376       24377       24378
       24379       24380       24381       24382       24383       24384
       24385       24386       24387       24388       24389       24390
       24391       24392       24393       24394       24395       24396
       24397       24398       24399       24400       24401
           2
           1           3
           1         487         586
         909       19328       19329       19330       19331       19332
       19333       19334       19335       19336       19337       19338
       19339       19340       19341       19342       19343         910
       19344       19345       19346         956       20482       20483
       20484       20485       20486       20487       20488       20489
       20490       20491       20492       20493       20494       20495
       20496       20497       20498       20499       20500       20501
       20502       20503       20504       20505         993       21426
       21427       21428       21429       21430       21431       21432
       21433       21434       21435       21436       21437       21438
       21439       21440       21441       21442       21443       21444
       21445       21446       21447       21448       21449       21450
       21451       21452       21453       21454       21455       21456
       21457         997       21555       21556       21557       21558
       21559       21560       21561       21562       21563       21564
       21565       21566       21567       21568       21569       21570
       21571       21572       21573       21574       21575       21576
       21577       21578       21579       21580       21581       21582
       21583       21584       21585       21586       21587       21588
        1001       21690       21691       21692       21693       21694
       21695       21696       21697       21698       21699       21700
       21701       21702       21703       21704       21705       21706
       21707       21708       21709       21710       21711       21712
       21713       21714       21715       21716       21717       21718
       21719       21720       21721       21722       21723        1002
       21724       21725       21726       21727       21728       21729
       21730       21731       21732       21733       21734       21735
       21736       21737       21738       21739       21740       21741
       21742       21743       21744       21745       21746       21747
       21748       21749       21750       21751       21752       21753
       21754        1003       21755       21756       21757       21758
       21759       21760       21761       21762       21763       21764
       21765       21766       21767       21768       21769       21770
       21771       21772       21773       21774       21775       21776
       21777       21778       21779        1004       21780       21781
       21782       21783       21784       21785       21786       21787
       21788       21789       21790       21791       21792       21793
       21794       21795       21796       21797       21798       21799
       21800       21801       21802       21803       21804       21805
       21806       21807       21808       21809       21810        1005
       21811       21812       21813       21814       21815       21816
       21817       21818       21819       21820       21821       21822
       21823       21824       21825       21826       21827       21828
       21829        1006       21830       21831       21832        1027
       22335       22336       22337       22338       22339       22340
       22341       22342       22343       22344       22345       22346
       22347       22348       22349       22350       22351       22352
       22353       22354       22355       22356       22357       22358
       22359       22360       22361       22362       22363       22364
       22365       22366       22367       22368       22369       22370
       22371        1029       22409       22410       22411       22412
       22413       22414       22415       22416       22417       22418
       22419       22420       22421       22422       22423       22424
       22425       22426       22427       22428       22429       22430
       22431       22432       22433       22434       22435       22436
       22437       22438       22439       22440       22441        1030
       22442       22443       22444       22445       22446       22447
       22448       22449       22450       22451       22452       22453
       22454       22455       22456       22457       22458       22459
       22460       22461       22462       22463       22464       22465
       22466       22467       22468       22469       22470       22471
       22472       22473       22474       22475       22476       22477
        1031       22478       22479       22480       22481       22482
       22483       22484       22485       22486       22487       22488
       22489       22490       22491       22492       22493       22494
       22495       22496       22497       22498       22499       22500
       22501       22502       22503       22504       22505       22506
       22507       22508       22509       22510       22511       22512
       22513        1049       22979       22980       22981       22982
       22983       22984       22985       22986       22987       22988
       22989       22990       22991       22992       22993       22994
       22995       22996       22997       22998       22999       23000
       23001       23002       23003       23004       23005       23006
       23007       23008       23009       23010       23011       23012
       23013       23014       23015        1050       23016       23017
       23018       23019       23020       23021       23022       23023
       23024       23025       23026       23027       23028       23029
       23030       23031       23032       23033       23034       23035
       23036       23037       23038       23039       23040       23041
       23042       23043       23044       23045       23046       23047
       23048       23049       23050       23051       23052       23053
        1087       23766       23767       23768       23769       23770
       23771       23772       23773       23774       23775       23776
       23777       23778       23779        1088       23780       23781
       23782       23783       23784       23785       23786       23787
       23788       23789       23790       23791       23792       23793
       23794       23795       23796       23797       23798       23799
       23800       23801       23802        1092       23877       23878
       23879       23880       23881       23882       23883       23884
       23885       23886       23887       23888       23889        1095
       23896       23897       23898       23899       23900       23901
        1097       23906       23907       23908       23909       23910
       23911       23912       23913       23914       23915       23916
       23917       23918       23919       23920       23921       23922
       23923       23924       23925       23926       23927       23928
       23929       23930        1098       23931       23932       23933
        1099       23934       23935       23936        1100       23937
       23938       23939       23940
