           1
           3
           0           2           3
           1          18          37          41
         705         706         707         708         709         710
         711         712         713         714         715         716
         717         718         719         720         721         722
         723         724         725         726         727         728
         729         730         731         732         733         734
         735         736         737         738         739         740
         741         742         743         744
           3
           0           2           3
           1          16          37          41
           1           2           8          21          24          25
          26          27          28          30          48          51
          52          75          78         608         639         641
         649         665         666         668         670         672
         684         686         687         693         694         695
         696         697         698         699         703         704
         294         295         296         297
           3
           0           2           3
           1         487        1220        1351
       23913       23914       23915       23916       23917       23918
       23919       23920       23921       23922       23923       23924
       23925       23926       23927       23928       23929       23930
       23931       23932       23933       23934       23935       23936
       23937       23938       23939       23940       23941       23942
       23943       23944       23945       23946       23947       23948
       23949       23950       23951       23952       23953       23954
       23955       23956       23957       23958       23959       23960
       23961       23962       23963       23964       23965       23966
       23967       23968       23969       23970       23971       23972
       23973       23974       23975       23976       23977       23978
       23979       23980       23981       23982       23983       23984
       23985       23986       23987       23988       23989       23990
       23991       23992       23993       23994       23995       23996
       23997       23998       23999       24000       24001       24002
       24003       24004       24005       24006       24007       24008
       24009       24010       24011       24012       24013       24014
       24015       24016       24017       24018       24019       24020
       24021       24022       24023       24024       24025       24026
       24027       24028       24029       24030       24031       24032
       24033       24034       24035       24036       24037       24038
       24039       24040       24041       24042       24043       24044
       24045       24046       24047       24048       24049       24050
       24051       24052       24053       24054       24055       24056
       24057       24058       24059       24060       24061       24062
       24063       24064       24065       24066       24067       24068
       24069       24070       24071       24072       24073       24074
       24075       24076       24077       24078       24079       24080
       24081       24082       24083       24084       24085       24086
       24087       24088       24089       24090       24091       24092
       24093       24094       24095       24096       24097       24098
       24099       24100       24101       24102       24103       24104
       24105       24106       24107       24108       24109       24110
       24111       24112       24113       24114       24115       24116
       24117       24118       24119       24120       24121       24122
       24123       24124       24125       24126       24127       24128
       24129       24130       24131       24132       24133       24134
       24135       24136       24137       24138       24139       24140
       24141       24142       24143       24144       24145       24146
       24147       24148       24149       24150       24151       24152
       24153       24154       24155       24156       24157       24158
       24159       24160       24161       24162       24163       24164
       24165       24166       24167       24168       24169       24170
       24171       24172       24173       24174       24175       24176
       24177       24178       24179       24180       24181       24182
       24183       24184       24185       24186       24187       24188
       24189       24190       24191       24192       24193       24194
       24195       24196       24197       24198       24199       24200
       24201       24202       24203       24204       24205       24206
       24207       24208       24209       24210       24211       24212
       24213       24214       24215       24216       24217       24218
       24219       24220       24221       24222       24223       24224
       24225       24226       24227       24228       24229       24230
       24231       24232       24233       24234       24235       24236
       24237       24238       24239       24240       24241       24242
       24243       24244       24245       24246       24247       24248
       24249       24250       24251       24252       24253       24254
       24255       24256       24257       24258       24259       24260
       24261       24262       24263       24264       24265       24266
       24267       24268       24269       24270       24271       24272
       24273       24274       24275       24276       24277       24278
       24279       24280       24281       24282       24283       24284
       24285       24286       24287       24288       24289       24290
       24291       24292       24293       24294       24295       24296
       24297       24298       24299       24300       24301       24302
       24303       24304       24305       24306       24307       24308
       24309       24310       24311       24312       24313       24314
       24315       24316       24317       24318       24319       24320
       24321       24322       24323       24324       24325       24326
       24327       24328       24329       24330       24331       24332
       24333       24334       24335       24336       24337       24338
       24339       24340       24341       24342       24343       24344
       24345       24346       24347       24348       24349       24350
       24351       24352       24353       24354       24355       24356
       24357       24358       24359       24360       24361       24362
       24363       24364       24365       24366       24367       24368
       24369       24370       24371       24372       24373       24374
       24375       24376       24377       24378       24379       24380
       24381       24382       24383       24384       24385       24386
       24387       24388       24389       24390       24391       24392
       24393       24394       24395       24396       24397       24398
       24399       24400       24401       24402       24403       24404
       24405       24406       24407       24408       24409       24410
       24411       24412       24413       24414       24415       24416
       24417       24418       24419       24420       24421       24422
       24423       24424       24425       24426       24427       24428
       24429       24430       24431       24432       24433       24434
       24435       24436       24437       24438       24439       24440
       24441       24442       24443       24444       24445       24446
       24447       24448       24449       24450       24451       24452
       24453       24454       24455       24456       24457       24458
       24459       24460       24461       24462       24463       24464
       24465       24466       24467       24468       24469       24470
       24471       24472       24473       24474       24475       24476
       24477       24478       24479       24480       24481       24482
       24483       24484       24485       24486       24487       24488
       24489       24490       24491       24492       24493       24494
       24495       24496       24497       24498       24499       24500
       24501       24502       24503       24504       24505       24506
       24507       24508       24509       24510       24511       24512
       24513       24514       24515       24516       24517       24518
       24519       24520       24521       24522       24523       24524
       24525       24526       24527       24528       24529       24530
       24531       24532       24533       24534       24535       24536
       24537       24538       24539       24540       24541       24542
       24543       24544       24545       24546       24547       24548
       24549       24550       24551       24552       24553       24554
       24555       24556       24557       24558       24559       24560
       24561       24562       24563       24564       24565       24566
       24567       24568       24569       24570       24571       24572
       24573       24574       24575       24576       24577       24578
       24579       24580       24581       24582       24583       24584
       24585       24586       24587       24588       24589       24590
       24591       24592       24593       24594       24595       24596
       24597       24598       24599       24600       24601       24602
       24603       24604       24605       24606       24607       24608
       24609       24610       24611       24612       24613       24614
       24615       24616       24617       24618       24619       24620
       24621       24622       24623       24624       24625       24626
       24627       24628       24629       24630       24631       24632
       24633       24634       24635       24636       24637       24638
       24639       24640       24641       24642       24643       24644
       24645       24646       24647       24648       24649       24650
       24651       24652       24653       24654       24655       24656
       24657       24658       24659       24660       24661       24662
       24663       24664       24665       24666       24667       24668
       24669       24670       24671       24672       24673       24674
       24675       24676       24677       24678       24679       24680
       24681       24682       24683       24684       24685       24686
       24687       24688       24689       24690       24691       24692
       24693       24694       24695       24696       24697       24698
       24699       24700       24701       24702       24703       24704
       24705       24706       24707       24708       24709       24710
       24711       24712       24713       24714       24715       24716
       24717       24718       24719       24720       24721       24722
       24723       24724       24725       24726       24727       24728
       24729       24730       24731       24732       24733       24734
       24735       24736       24737       24738       24739       24740
       24741       24742       24743       24744       24745       24746
       24747       24748       24749       24750       24751       24752
       24753       24754       24755       24756       24757       24758
       24759       24760       24761       24762       24763       24764
       24765       24766       24767       24768       24769       24770
       24771       24772       24773       24774       24775       24776
       24777       24778       24779       24780       24781       24782
       24783       24784       24785       24786       24787       24788
       24789       24790       24791       24792       24793       24794
       24795       24796       24797       24798       24799       24800
       24801       24802       24803       24804       24805       24806
       24807       24808       24809       24810       24811       24812
       24813       24814       24815       24816       24817       24818
       24819       24820       24821       24822       24823       24824
       24825       24826       24827       24828       24829       24830
       24831       24832       24833       24834       24835       24836
       24837       24838       24839       24840       24841       24842
       24843       24844       24845       24846       24847       24848
       24849       24850       24851       24852       24853       24854
       24855       24856       24857       24858       24859       24860
       24861       24862       24863       24864       24865       24866
       24867       24868       24869       24870       24871       24872
       24873       24874       24875       24876       24877       24878
       24879       24880       24881       24882       24883       24884
       24885       24886       24887       24888       24889       24890
       24891       24892       24893       24894       24895       24896
       24897       24898       24899       24900       24901       24902
       24903       24904       24905       24906       24907       24908
       24909       24910       24911       24912       24913       24914
       24915       24916       24917       24918       24919       24920
       24921       24922       24923       24924       24925       24926
       24927       24928       24929       24930       24931       24932
       24933       24934       24935       24936       24937       24938
       24939       24940       24941       24942       24943       24944
       24945       24946       24947       24948       24949       24950
       24951       24952       24953       24954       24955       24956
       24957       24958       24959       24960       24961       24962
       24963       24964       24965       24966       24967       24968
       24969       24970       24971       24972       24973       24974
       24975       24976       24977       24978       24979       24980
       24981       24982       24983       24984       24985       24986
       24987       24988       24989       24990       24991       24992
       24993       24994       24995       24996       24997       24998
       24999       25000       25001       25002       25003       25004
       25005       25006       25007       25008       25009       25010
       25011       25012       25013       25014       25015       25016
       25017       25018       25019       25020       25021       25022
       25023       25024       25025       25026       25027       25028
       25029       25030       25031       25032       25033       25034
       25035       25036       25037       25038       25039       25040
       25041       25042       25043       25044       25045       25046
       25047       25048       25049       25050       25051       25052
       25053       25054       25055       25056       25057       25058
       25059       25060       25061       25062       25063       25064
       25065       25066       25067       25068       25069       25070
       25071       25072       25073       25074       25075       25076
       25077       25078       25079       25080       25081       25082
       25083       25084       25085       25086       25087       25088
       25089       25090       25091       25092       25093       25094
       25095       25096       25097       25098       25099       25100
       25101       25102       25103       25104       25105       25106
       25107       25108       25109       25110       25111       25112
       25113       25114       25115       25116       25117       25118
       25119       25120       25121       25122       25123       25124
       25125       25126       25127       25128       25129       25130
       25131       25132       25133       25134       25135       25136
       25137       25138       25139       25140       25141       25142
       25143       25144       25145       25146       25147       25148
       25149       25150       25151       25152       25153       25154
       25155       25156       25157       25158       25159       25160
       25161       25162       25163       25164       25165       25166
       25167       25168       25169       25170       25171       25172
       25173       25174       25175       25176       25177       25178
       25179       25180       25181       25182       25183       25184
       25185       25186       25187       25188       25189       25190
       25191       25192       25193       25194       25195       25196
       25197       25198       25199       25200       25201       25202
       25203       25204       25205       25206       25207       25208
       25209       25210       25211       25212       25213       25214
       25215       25216       25217       25218       25219       25220
       25221       25222       25223       25224       25225       25226
       25227       25228       25229       25230       25231       25232
       25233       25234       25235       25236       25237       25238
       25239       25240       25241       25242       25243       25244
       25245       25246       25247       25248       25249       25250
       25251       25252       25253       25254       25255       25256
       25257       25258       25259       25260       25261       25262
           3
           0           2           3
           1         436        1242        1368
           1         705         706         707         708         709
         710         711         712         713         714         715
         716         717         718         719         720           2
         721         722         723         724         725         726
         727         728         729         730           8         802
         803         804         805         806         807         808
         809         810         811         812         813         814
         815         816         817         818         819         820
         821         822         823         824         825          21
        1030        1031        1032        1033        1034        1035
        1036        1037        1038        1039        1040        1041
        1042        1043        1044        1045        1046        1047
        1048        1049        1050        1051        1052        1053
          24        1082        1083        1084        1085        1086
        1087        1088        1089        1090        1091        1092
        1093        1094        1095        1096        1097        1098
        1099        1100        1101        1102        1103        1104
        1105        1106        1107        1108        1109        1110
        1111        1112        1113        1114        1115        1116
        1117          25        1118        1119        1120        1121
        1122        1123        1124        1125        1126        1127
        1128        1129        1130        1131        1132        1133
        1134        1135          26        1136        1137        1138
        1139        1140        1141        1142        1143        1144
        1145        1146        1147        1148        1149        1150
        1151        1152        1153        1154        1155        1156
        1157        1158        1159        1160        1161        1162
        1163        1164        1165        1166        1167        1168
        1169        1170        1171        1172          27        1173
        1174        1175        1176        1177        1178        1179
        1180        1181        1182        1183        1184        1185
        1186        1187        1188        1189        1190        1191
        1192        1193        1194        1195        1196        1197
        1198        1199        1200        1201        1202        1203
        1204        1205        1206          28        1207        1208
        1209        1210        1211        1212        1213        1214
        1215        1216        1217        1218        1219        1220
        1221        1222        1223        1224        1225        1226
        1227        1228        1229        1230        1231        1232
        1233        1234        1235        1236        1237        1238
        1239        1240        1241        1242        1243          30
        1266        1267        1268          48        1699        1700
        1701        1702        1703        1704        1705        1706
        1707        1708        1709        1710        1711        1712
        1713        1714        1715        1716        1717        1718
        1719        1720        1721        1722        1723        1724
        1725        1726        1727        1728        1729        1730
        1731        1732        1733          51        1807        1808
        1809        1810        1811        1812        1813        1814
        1815        1816        1817        1818        1819        1820
        1821        1822        1823        1824        1825        1826
        1827        1828        1829        1830        1831        1832
        1833        1834        1835        1836        1837        1838
        1839          52        1840        1841        1842        1843
        1844        1845        1846        1847        1848        1849
        1850        1851        1852        1853        1854        1855
        1856        1857        1858        1859        1860        1861
        1862        1863        1864        1865        1866        1867
        1868        1869        1870        1871        1872        1873
        1874        1875        1876          75        2565        2566
        2567        2568        2569        2570        2571        2572
        2573        2574        2575        2576        2577        2578
        2579        2580        2581        2582        2583        2584
        2585        2586        2587        2588        2589        2590
        2591        2592        2593        2594        2595        2596
        2597        2598        2599        2600        2601        2602
          78        2683        2684        2685        2686        2687
        2688        2689        2690        2691        2692        2693
        2694        2695        2696        2697        2698        2699
        2700        2701        2702        2703        2704        2705
        2706        2707        2708        2709        2710        2711
        2712        2713        2714        2715        2716        2717
        2718        2719        2720         608       20367       20368
       20369       20370       20371       20372       20373       20374
       20375       20376       20377       20378       20379       20380
       20381       20382       20383       20384       20385       20386
       20387       20388       20389       20390       20391       20392
       20393       20394       20395       20396       20397       20398
       20399         639       21508       21509       21510       21511
       21512       21513       21514       21515       21516       21517
       21518       21519       21520       21521       21522       21523
       21524       21525       21526       21527       21528       21529
       21530       21531       21532       21533       21534       21535
       21536       21537       21538       21539       21540       21541
       21542       21543       21544       21545       21546       21547
         641       21587       21588       21589       21590       21591
       21592       21593       21594       21595       21596       21597
       21598       21599       21600       21601       21602       21603
       21604       21605       21606       21607       21608       21609
       21610       21611       21612       21613       21614       21615
       21616       21617       21618       21619       21620       21621
       21622       21623       21624       21625       21626       21627
         649       21873       21874       21875       21876       21877
       21878       21879       21880       21881       21882       21883
       21884       21885       21886       21887       21888       21889
       21890       21891       21892       21893       21894       21895
       21896       21897       21898       21899       21900       21901
       21902       21903       21904       21905       21906       21907
       21908         665       22467       22468       22469       22470
       22471       22472       22473       22474       22475       22476
       22477       22478       22479       22480       22481       22482
       22483       22484       22485       22486       22487       22488
       22489       22490       22491       22492       22493       22494
       22495       22496       22497       22498       22499       22500
       22501       22502       22503       22504       22505       22506
         666       22507       22508       22509       22510       22511
       22512       22513       22514       22515       22516       22517
       22518       22519       22520       22521       22522       22523
       22524       22525       22526       22527       22528       22529
       22530       22531       22532       22533       22534       22535
       22536       22537       22538       22539       22540       22541
       22542       22543       22544       22545       22546       22547
       22548       22549         668       22584       22585       22586
       22587       22588       22589       22590       22591       22592
       22593       22594       22595       22596       22597       22598
       22599       22600       22601       22602       22603       22604
       22605       22606       22607       22608       22609       22610
       22611       22612       22613       22614       22615       22616
       22617       22618       22619         670       22654       22655
       22656       22657       22658       22659       22660       22661
       22662       22663       22664       22665       22666       22667
       22668       22669       22670       22671       22672       22673
       22674       22675       22676       22677       22678       22679
       22680       22681       22682         672       22726       22727
       22728       22729       22730       22731       22732       22733
       22734       22735       22736       22737       22738       22739
       22740       22741       22742       22743       22744       22745
       22746       22747       22748       22749       22750       22751
       22752       22753       22754       22755       22756       22757
       22758       22759       22760       22761       22762       22763
       22764       22765       22766       22767         684       23169
       23170       23171       23172       23173       23174       23175
       23176       23177       23178       23179       23180       23181
       23182       23183       23184       23185       23186       23187
       23188       23189       23190       23191       23192       23193
       23194       23195       23196       23197       23198       23199
       23200       23201       23202       23203       23204       23205
       23206       23207       23208       23209       23210         686
       23248       23249       23250       23251       23252       23253
       23254       23255       23256       23257       23258       23259
       23260       23261       23262       23263       23264       23265
       23266       23267       23268       23269       23270       23271
       23272       23273       23274       23275       23276       23277
       23278       23279         687       23280       23281       23282
       23283       23284       23285       23286       23287       23288
       23289       23290       23291       23292       23293       23294
       23295       23296       23297       23298       23299       23300
       23301       23302       23303       23304       23305       23306
       23307       23308       23309       23310       23311       23312
       23313       23314       23315       23316       23317       23318
       23319       23320       23321         693       23487       23488
       23489       23490       23491       23492       23493       23494
       23495       23496       23497       23498       23499       23500
       23501       23502       23503       23504       23505       23506
       23507       23508       23509       23510       23511       23512
       23513       23514       23515       23516       23517       23518
       23519       23520       23521       23522       23523       23524
       23525       23526         694       23527       23528       23529
       23530       23531       23532       23533       23534       23535
       23536       23537       23538       23539       23540       23541
       23542       23543       23544       23545       23546       23547
       23548       23549       23550       23551       23552       23553
       23554       23555       23556       23557       23558       23559
       23560       23561       23562       23563       23564       23565
       23566         695       23567       23568       23569       23570
       23571       23572       23573       23574       23575       23576
       23577       23578       23579       23580       23581       23582
       23583       23584       23585       23586       23587       23588
       23589       23590       23591       23592       23593       23594
       23595       23596       23597       23598       23599       23600
       23601       23602       23603       23604       23605         696
       23606       23607       23608       23609       23610       23611
       23612       23613       23614       23615       23616       23617
       23618       23619       23620       23621       23622       23623
       23624       23625       23626       23627       23628       23629
       23630       23631       23632       23633       23634       23635
       23636       23637       23638       23639       23640       23641
       23642       23643       23644       23645         697       23646
       23647       23648       23649       23650       23651       23652
       23653       23654       23655       23656       23657       23658
       23659       23660       23661       23662       23663       23664
       23665       23666       23667       23668       23669       23670
       23671       23672       23673       23674       23675       23676
       23677       23678       23679       23680         698       23681
       23682       23683       23684       23685       23686       23687
       23688       23689       23690       23691       23692       23693
       23694       23695       23696       23697       23698       23699
       23700       23701       23702       23703       23704       23705
       23706       23707       23708       23709       23710       23711
       23712       23713       23714       23715       23716       23717
       23718       23719       23720         699       23721       23722
       23723       23724       23725       23726       23727       23728
       23729       23730       23731       23732       23733       23734
       23735       23736       23737       23738       23739       23740
       23741       23742       23743       23744       23745       23746
       23747       23748       23749       23750       23751       23752
       23753       23754       23755       23756       23757       23758
       23759       23760         703       23858       23859       23860
       23861       23862       23863       23864       23865       23866
       23867       23868       23869       23870       23871       23872
       23873       23874       23875       23876       23877       23878
       23879       23880       23881       23882       23883       23884
       23885       23886       23887       23888       23889       23890
       23891       23892       23893       23894         704       23895
       23896       23897       23898       23899       23900       23901
       23902       23903       23904       23905       23906       23907
       23908       23909       23910       23911       23912         294
        9994        9995        9996        9997        9998        9999
       10000       10001       10002       10003       10004       10005
       10006       10007       10008       10009       10010       10011
       10012       10013       10014       10015       10016       10017
       10018       10019       10020       10021       10022       10023
       10024       10025       10026       10027       10028         295
       10029       10030       10031       10032       10033       10034
       10035       10036       10037       10038       10039       10040
       10041       10042       10043       10044       10045       10046
       10047       10048       10049       10050       10051       10052
       10053       10054       10055       10056       10057       10058
       10059       10060       10061       10062       10063         296
       10064       10065       10066       10067       10068       10069
       10070       10071       10072       10073       10074       10075
       10076       10077       10078       10079       10080       10081
       10082       10083       10084       10085       10086       10087
       10088       10089       10090       10091       10092       10093
       10094       10095       10096       10097       10098         297
       10099       10100       10101       10102       10103       10104
       10105       10106       10107       10108       10109       10110
       10111       10112       10113       10114       10115
