           2
           2
           1           3
           1          22          51
         698         699         700         701         702         703
         704         705         706         707         708         709
         710         711         712         713         714         715
         716         717         718         719         720         721
         722         723         724         725         726         727
         728         729         730         731         732         733
         734         735         736         737         738         739
         740         741         742         743         744         745
         746         747
           2
           1           3
           1          20          50
         104         127         158         162         191         192
         196         197         199         229         236         239
         268         269         270         271         277         283
         327          12          30          48          49          65
          78          90          91          92          97         110
         111         112         118         120         121         135
         136         137         138         139         140         150
         183         213         214         218         219         243
         253
           2
           1           3
           1         807        1784
       22597       22598       22599       22600       22601       22602
       22603       22604       22605       22606       22607       22608
       22609       22610       22611       22612       22613       22614
       22615       22616       22617       22618       22619       22620
       22621       22622       22623       22624       22625       22626
       22627       22628       22629       22630       22631       22632
       22633       22634       22635       22636       22637       22638
       22639       22640       22641       22642       22643       22644
       22645       22646       22647       22648       22649       22650
       22651       22652       22653       22654       22655       22656
       22657       22658       22659       22660       22661       22662
       22663       22664       22665       22666       22667       22668
       22669       22670       22671       22672       22673       22674
       22675       22676       22677       22678       22679       22680
       22681       22682       22683       22684       22685       22686
       22687       22688       22689       22690       22691       22692
       22693       22694       22695       22696       22697       22698
       22699       22700       22701       22702       22703       22704
       22705       22706       22707       22708       22709       22710
       22711       22712       22713       22714       22715       22716
       22717       22718       22719       22720       22721       22722
       22723       22724       22725       22726       22727       22728
       22729       22730       22731       22732       22733       22734
       22735       22736       22737       22738       22739       22740
       22741       22742       22743       22744       22745       22746
       22747       22748       22749       22750       22751       22752
       22753       22754       22755       22756       22757       22758
       22759       22760       22761       22762       22763       22764
       22765       22766       22767       22768       22769       22770
       22771       22772       22773       22774       22775       22776
       22777       22778       22779       22780       22781       22782
       22783       22784       22785       22786       22787       22788
       22789       22790       22791       22792       22793       22794
       22795       22796       22797       22798       22799       22800
       22801       22802       22803       22804       22805       22806
       22807       22808       22809       22810       22811       22812
       22813       22814       22815       22816       22817       22818
       22819       22820       22821       22822       22823       22824
       22825       22826       22827       22828       22829       22830
       22831       22832       22833       22834       22835       22836
       22837       22838       22839       22840       22841       22842
       22843       22844       22845       22846       22847       22848
       22849       22850       22851       22852       22853       22854
       22855       22856       22857       22858       22859       22860
       22861       22862       22863       22864       22865       22866
       22867       22868       22869       22870       22871       22872
       22873       22874       22875       22876       22877       22878
       22879       22880       22881       22882       22883       22884
       22885       22886       22887       22888       22889       22890
       22891       22892       22893       22894       22895       22896
       22897       22898       22899       22900       22901       22902
       22903       22904       22905       22906       22907       22908
       22909       22910       22911       22912       22913       22914
       22915       22916       22917       22918       22919       22920
       22921       22922       22923       22924       22925       22926
       22927       22928       22929       22930       22931       22932
       22933       22934       22935       22936       22937       22938
       22939       22940       22941       22942       22943       22944
       22945       22946       22947       22948       22949       22950
       22951       22952       22953       22954       22955       22956
       22957       22958       22959       22960       22961       22962
       22963       22964       22965       22966       22967       22968
       22969       22970       22971       22972       22973       22974
       22975       22976       22977       22978       22979       22980
       22981       22982       22983       22984       22985       22986
       22987       22988       22989       22990       22991       22992
       22993       22994       22995       22996       22997       22998
       22999       23000       23001       23002       23003       23004
       23005       23006       23007       23008       23009       23010
       23011       23012       23013       23014       23015       23016
       23017       23018       23019       23020       23021       23022
       23023       23024       23025       23026       23027       23028
       23029       23030       23031       23032       23033       23034
       23035       23036       23037       23038       23039       23040
       23041       23042       23043       23044       23045       23046
       23047       23048       23049       23050       23051       23052
       23053       23054       23055       23056       23057       23058
       23059       23060       23061       23062       23063       23064
       23065       23066       23067       23068       23069       23070
       23071       23072       23073       23074       23075       23076
       23077       23078       23079       23080       23081       23082
       23083       23084       23085       23086       23087       23088
       23089       23090       23091       23092       23093       23094
       23095       23096       23097       23098       23099       23100
       23101       23102       23103       23104       23105       23106
       23107       23108       23109       23110       23111       23112
       23113       23114       23115       23116       23117       23118
       23119       23120       23121       23122       23123       23124
       23125       23126       23127       23128       23129       23130
       23131       23132       23133       23134       23135       23136
       23137       23138       23139       23140       23141       23142
       23143       23144       23145       23146       23147       23148
       23149       23150       23151       23152       23153       23154
       23155       23156       23157       23158       23159       23160
       23161       23162       23163       23164       23165       23166
       23167       23168       23169       23170       23171       23172
       23173       23174       23175       23176       23177       23178
       23179       23180       23181       23182       23183       23184
       23185       23186       23187       23188       23189       23190
       23191       23192       23193       23194       23195       23196
       23197       23198       23199       23200       23201       23202
       23203       23204       23205       23206       23207       23208
       23209       23210       23211       23212       23213       23214
       23215       23216       23217       23218       23219       23220
       23221       23222       23223       23224       23225       23226
       23227       23228       23229       23230       23231       23232
       23233       23234       23235       23236       23237       23238
       23239       23240       23241       23242       23243       23244
       23245       23246       23247       23248       23249       23250
       23251       23252       23253       23254       23255       23256
       23257       23258       23259       23260       23261       23262
       23263       23264       23265       23266       23267       23268
       23269       23270       23271       23272       23273       23274
       23275       23276       23277       23278       23279       23280
       23281       23282       23283       23284       23285       23286
       23287       23288       23289       23290       23291       23292
       23293       23294       23295       23296       23297       23298
       23299       23300       23301       23302       23303       23304
       23305       23306       23307       23308       23309       23310
       23311       23312       23313       23314       23315       23316
       23317       23318       23319       23320       23321       23322
       23323       23324       23325       23326       23327       23328
       23329       23330       23331       23332       23333       23334
       23335       23336       23337       23338       23339       23340
       23341       23342       23343       23344       23345       23346
       23347       23348       23349       23350       23351       23352
       23353       23354       23355       23356       23357       23358
       23359       23360       23361       23362       23363       23364
       23365       23366       23367       23368       23369       23370
       23371       23372       23373       23374       23375       23376
       23377       23378       23379       23380       23381       23382
       23383       23384       23385       23386       23387       23388
       23389       23390       23391       23392       23393       23394
       23395       23396       23397       23398       23399       23400
       23401       23402       23403       23404       23405       23406
       23407       23408       23409       23410       23411       23412
       23413       23414       23415       23416       23417       23418
       23419       23420       23421       23422       23423       23424
       23425       23426       23427       23428       23429       23430
       23431       23432       23433       23434       23435       23436
       23437       23438       23439       23440       23441       23442
       23443       23444       23445       23446       23447       23448
       23449       23450       23451       23452       23453       23454
       23455       23456       23457       23458       23459       23460
       23461       23462       23463       23464       23465       23466
       23467       23468       23469       23470       23471       23472
       23473       23474       23475       23476       23477       23478
       23479       23480       23481       23482       23483       23484
       23485       23486       23487       23488       23489       23490
       23491       23492       23493       23494       23495       23496
       23497       23498       23499       23500       23501       23502
       23503       23504       23505       23506       23507       23508
       23509       23510       23511       23512       23513       23514
       23515       23516       23517       23518       23519       23520
       23521       23522       23523       23524       23525       23526
       23527       23528       23529       23530       23531       23532
       23533       23534       23535       23536       23537       23538
       23539       23540       23541       23542       23543       23544
       23545       23546       23547       23548       23549       23550
       23551       23552       23553       23554       23555       23556
       23557       23558       23559       23560       23561       23562
       23563       23564       23565       23566       23567       23568
       23569       23570       23571       23572       23573       23574
       23575       23576       23577       23578       23579       23580
       23581       23582       23583       23584       23585       23586
       23587       23588       23589       23590       23591       23592
       23593       23594       23595       23596       23597       23598
       23599       23600       23601       23602       23603       23604
       23605       23606       23607       23608       23609       23610
       23611       23612       23613       23614       23615       23616
       23617       23618       23619       23620       23621       23622
       23623       23624       23625       23626       23627       23628
       23629       23630       23631       23632       23633       23634
       23635       23636       23637       23638       23639       23640
       23641       23642       23643       23644       23645       23646
       23647       23648       23649       23650       23651       23652
       23653       23654       23655       23656       23657       23658
       23659       23660       23661       23662       23663       23664
       23665       23666       23667       23668       23669       23670
       23671       23672       23673       23674       23675       23676
       23677       23678       23679       23680       23681       23682
       23683       23684       23685       23686       23687       23688
       23689       23690       23691       23692       23693       23694
       23695       23696       23697       23698       23699       23700
       23701       23702       23703       23704       23705       23706
       23707       23708       23709       23710       23711       23712
       23713       23714       23715       23716       23717       23718
       23719       23720       23721       23722       23723       23724
       23725       23726       23727       23728       23729       23730
       23731       23732       23733       23734       23735       23736
       23737       23738       23739       23740       23741       23742
       23743       23744       23745       23746       23747       23748
       23749       23750       23751       23752       23753       23754
       23755       23756       23757       23758       23759       23760
       23761       23762       23763       23764       23765       23766
       23767       23768       23769       23770       23771       23772
       23773       23774       23775       23776       23777       23778
       23779       23780       23781       23782       23783       23784
       23785       23786       23787       23788       23789       23790
       23791       23792       23793       23794       23795       23796
       23797       23798       23799       23800       23801       23802
       23803       23804       23805       23806       23807       23808
       23809       23810       23811       23812       23813       23814
       23815       23816       23817       23818       23819       23820
       23821       23822       23823       23824       23825       23826
       23827       23828       23829       23830       23831       23832
       23833       23834       23835       23836       23837       23838
       23839       23840       23841       23842       23843       23844
       23845       23846       23847       23848       23849       23850
       23851       23852       23853       23854       23855       23856
       23857       23858       23859       23860       23861       23862
       23863       23864       23865       23866       23867       23868
       23869       23870       23871       23872       23873       23874
       23875       23876       23877       23878       23879       23880
       23881       23882       23883       23884       23885       23886
       23887       23888       23889       23890       23891       23892
       23893       23894       23895       23896       23897       23898
       23899       23900       23901       23902       23903       23904
       23905       23906       23907       23908       23909       23910
       23911       23912       23913       23914       23915       23916
       23917       23918       23919       23920       23921       23922
       23923       23924       23925       23926       23927       23928
       23929       23930       23931       23932       23933       23934
       23935       23936       23937       23938       23939       23940
       23941       23942       23943       23944       23945       23946
       23947       23948       23949       23950       23951       23952
       23953       23954       23955       23956       23957       23958
       23959       23960       23961       23962       23963       23964
       23965       23966       23967       23968       23969       23970
       23971       23972       23973       23974       23975       23976
       23977       23978       23979       23980       23981       23982
       23983       23984       23985       23986       23987       23988
       23989       23990       23991       23992       23993       23994
       23995       23996       23997       23998       23999       24000
       24001       24002       24003       24004       24005       24006
       24007       24008       24009       24010       24011       24012
       24013       24014       24015       24016       24017       24018
       24019       24020       24021       24022       24023       24024
       24025       24026       24027       24028       24029       24030
       24031       24032       24033       24034       24035       24036
       24037       24038       24039       24040       24041       24042
       24043       24044       24045       24046       24047       24048
       24049       24050       24051       24052       24053       24054
       24055       24056       24057       24058       24059       24060
       24061       24062       24063       24064       24065       24066
       24067       24068       24069       24070       24071       24072
       24073       24074       24075       24076       24077       24078
       24079       24080       24081       24082       24083       24084
       24085       24086       24087       24088       24089       24090
       24091       24092       24093       24094       24095       24096
       24097       24098       24099       24100       24101       24102
       24103       24104       24105       24106       24107       24108
       24109       24110       24111       24112       24113       24114
       24115       24116       24117       24118       24119       24120
       24121       24122       24123       24124       24125       24126
       24127       24128       24129       24130       24131       24132
       24133       24134       24135       24136       24137       24138
       24139       24140       24141       24142       24143       24144
       24145       24146       24147       24148       24149       24150
       24151       24152       24153       24154       24155       24156
       24157       24158       24159       24160       24161       24162
       24163       24164       24165       24166       24167       24168
       24169       24170       24171       24172       24173       24174
       24175       24176       24177       24178       24179       24180
       24181       24182       24183       24184       24185       24186
       24187       24188       24189       24190       24191       24192
       24193       24194       24195       24196       24197       24198
       24199       24200       24201       24202       24203       24204
       24205       24206       24207       24208       24209       24210
       24211       24212       24213       24214       24215       24216
       24217       24218       24219       24220       24221       24222
       24223       24224       24225       24226       24227       24228
       24229       24230       24231       24232       24233       24234
       24235       24236       24237       24238       24239       24240
       24241       24242       24243       24244       24245       24246
       24247       24248       24249       24250       24251       24252
       24253       24254       24255       24256       24257       24258
       24259       24260       24261       24262       24263       24264
       24265       24266       24267       24268       24269       24270
       24271       24272       24273       24274       24275       24276
       24277       24278       24279       24280       24281       24282
       24283       24284       24285       24286       24287       24288
       24289       24290       24291       24292       24293       24294
       24295       24296       24297       24298       24299       24300
       24301       24302       24303       24304       24305       24306
       24307       24308       24309       24310       24311       24312
       24313       24314       24315       24316       24317       24318
       24319       24320       24321       24322       24323       24324
       24325       24326       24327       24328       24329       24330
       24331       24332       24333       24334       24335       24336
       24337       24338       24339       24340       24341       24342
       24343       24344       24345       24346       24347       24348
       24349       24350       24351       24352       24353       24354
       24355       24356       24357       24358       24359       24360
       24361       24362       24363       24364       24365       24366
       24367       24368       24369       24370       24371       24372
       24373       24374       24375       24376       24377       24378
       24379
           2
           1           3
           1         734        1711
         104        3151        3152        3153        3154        3155
        3156        3157        3158        3159        3160        3161
        3162        3163        3164        3165        3166        3167
        3168        3169        3170        3171        3172        3173
        3174         127        3781        3782        3783        3784
        3785        3786        3787        3788        3789        3790
        3791        3792        3793        3794        3795        3796
        3797        3798        3799        3800        3801        3802
        3803        3804        3805        3806        3807        3808
        3809        3810        3811        3812        3813        3814
        3815        3816        3817        3818        3819        3820
        3821        3822        3823         158        4784        4785
        4786        4787        4788        4789        4790        4791
        4792        4793        4794        4795        4796        4797
        4798        4799        4800        4801        4802        4803
        4804        4805        4806        4807        4808        4809
        4810        4811        4812        4813        4814        4815
        4816        4817        4818        4819        4820        4821
        4822        4823        4824         162        4957        4958
        4959        4960        4961        4962        4963        4964
        4965        4966        4967        4968        4969        4970
        4971        4972        4973        4974        4975        4976
        4977        4978        4979        4980        4981        4982
        4983        4984        4985        4986        4987        4988
        4989        4990        4991        4992        4993         191
        5876        5877        5878        5879        5880        5881
        5882        5883        5884        5885        5886        5887
        5888        5889        5890        5891        5892        5893
        5894        5895        5896        5897        5898        5899
        5900        5901        5902        5903        5904        5905
        5906        5907        5908        5909        5910        5911
        5912        5913        5914        5915        5916        5917
        5918        5919        5920         192        5921        5922
        5923        5924        5925        5926        5927        5928
        5929        5930        5931        5932        5933        5934
        5935        5936        5937        5938        5939        5940
        5941        5942        5943        5944        5945        5946
        5947        5948        5949        5950        5951        5952
        5953        5954        5955        5956        5957        5958
        5959        5960        5961        5962        5963         196
        6093        6094        6095        6096        6097        6098
        6099        6100        6101        6102        6103        6104
        6105        6106        6107        6108        6109        6110
        6111        6112        6113        6114        6115        6116
        6117        6118        6119        6120        6121        6122
        6123        6124        6125        6126        6127        6128
        6129        6130        6131         197        6132        6133
        6134        6135        6136        6137        6138        6139
        6140        6141        6142        6143        6144        6145
        6146        6147        6148        6149        6150        6151
        6152        6153        6154        6155        6156        6157
        6158        6159        6160        6161        6162        6163
        6164        6165        6166        6167        6168        6169
        6170        6171        6172        6173         199        6215
        6216        6217        6218        6219        6220        6221
        6222        6223        6224        6225        6226        6227
        6228        6229        6230        6231        6232        6233
        6234        6235        6236        6237        6238        6239
        6240        6241        6242        6243        6244        6245
        6246        6247        6248        6249        6250        6251
        6252        6253        6254        6255        6256         229
        7155        7156        7157        7158        7159        7160
        7161        7162        7163        7164        7165        7166
        7167        7168        7169        7170        7171        7172
        7173        7174        7175        7176        7177        7178
        7179        7180        7181        7182        7183        7184
        7185        7186        7187        7188        7189        7190
        7191        7192        7193        7194         236        7436
        7437        7438        7439        7440        7441        7442
        7443        7444        7445        7446        7447        7448
        7449        7450        7451        7452        7453        7454
        7455        7456        7457        7458        7459        7460
        7461        7462        7463        7464        7465        7466
        7467        7468        7469        7470        7471        7472
        7473        7474         239        7557        7558        7559
        7560        7561        7562        7563        7564        7565
        7566        7567        7568        7569        7570        7571
        7572        7573        7574        7575        7576        7577
        7578        7579        7580        7581        7582        7583
        7584        7585        7586        7587        7588        7589
        7590        7591        7592        7593        7594        7595
        7596        7597        7598         268        8492        8493
        8494        8495        8496        8497        8498        8499
        8500        8501        8502        8503        8504        8505
        8506        8507        8508        8509        8510        8511
        8512        8513        8514        8515        8516        8517
        8518        8519        8520        8521        8522        8523
        8524        8525        8526        8527        8528        8529
        8530        8531         269        8532        8533        8534
        8535        8536        8537        8538        8539        8540
        8541        8542        8543        8544        8545        8546
        8547        8548        8549        8550        8551        8552
        8553        8554        8555        8556        8557        8558
        8559        8560        8561        8562        8563        8564
        8565        8566        8567        8568        8569        8570
         270        8571        8572        8573        8574        8575
        8576        8577        8578        8579        8580        8581
        8582        8583        8584        8585        8586        8587
        8588        8589        8590        8591        8592        8593
        8594        8595        8596        8597        8598        8599
        8600        8601        8602        8603        8604        8605
        8606         271        8607        8608        8609        8610
        8611        8612        8613        8614        8615        8616
        8617        8618        8619        8620        8621        8622
        8623        8624        8625        8626        8627        8628
        8629        8630        8631        8632        8633        8634
        8635        8636        8637        8638        8639        8640
        8641        8642        8643        8644        8645         277
        8826        8827        8828        8829        8830        8831
        8832        8833        8834        8835        8836        8837
        8838        8839        8840        8841        8842        8843
        8844        8845        8846        8847        8848        8849
        8850        8851        8852        8853        8854        8855
        8856        8857        8858        8859        8860        8861
        8862        8863        8864         283        9060        9061
        9062        9063        9064        9065        9066        9067
        9068        9069        9070        9071        9072        9073
        9074        9075        9076        9077        9078        9079
        9080        9081        9082        9083        9084        9085
        9086        9087        9088        9089        9090        9091
        9092        9093        9094        9095        9096        9097
        9098        9099         327       10486       10487       10488
       10489          12         867         868         869         870
         871         872         873         874         875         876
         877         878         879         880         881          30
        1185        1186        1187        1188        1189        1190
        1191        1192        1193        1194        1195        1196
        1197        1198        1199        1200        1201        1202
        1203        1204        1205        1206        1207        1208
        1209        1210        1211        1212        1213        1214
        1215        1216        1217        1218        1219        1220
          48        1661        1662        1663        1664        1665
        1666        1667        1668        1669        1670        1671
        1672        1673        1674        1675        1676        1677
        1678        1679        1680        1681        1682        1683
        1684        1685        1686        1687        1688        1689
        1690        1691        1692        1693        1694        1695
        1696        1697        1698          49        1699        1700
        1701        1702        1703        1704        1705        1706
        1707        1708        1709        1710        1711        1712
        1713        1714        1715        1716        1717        1718
        1719        1720        1721        1722        1723        1724
        1725        1726        1727        1728        1729        1730
        1731        1732        1733        1734        1735        1736
          65        2147        2148        2149        2150        2151
        2152        2153        2154        2155        2156        2157
        2158        2159        2160        2161        2162        2163
        2164        2165        2166        2167        2168        2169
        2170        2171        2172        2173        2174        2175
        2176        2177        2178        2179        2180        2181
        2182        2183        2184          78        2489        2490
        2491        2492        2493        2494        2495        2496
        2497        2498        2499        2500        2501        2502
        2503        2504        2505        2506        2507        2508
        2509        2510        2511        2512        2513        2514
        2515        2516        2517        2518        2519        2520
        2521        2522        2523        2524        2525        2526
          90        2799        2800        2801          91        2802
        2803        2804        2805        2806        2807        2808
        2809        2810        2811        2812        2813        2814
        2815        2816        2817        2818        2819        2820
        2821        2822        2823        2824        2825          92
        2826        2827        2828        2829        2830        2831
        2832        2833        2834        2835        2836        2837
        2838        2839        2840        2841        2842        2843
        2844        2845        2846        2847        2848        2849
        2850        2851        2852        2853        2854        2855
        2856        2857        2858        2859        2860        2861
        2862        2863          97        3001        3002        3003
        3004        3005        3006        3007        3008        3009
        3010        3011        3012        3013        3014        3015
        3016        3017         110        3319        3320        3321
        3322        3323        3324        3325        3326        3327
        3328        3329        3330        3331        3332        3333
        3334        3335        3336        3337        3338        3339
        3340        3341        3342         111        3343        3344
        3345        3346        3347         112        3348        3349
        3350        3351        3352        3353        3354        3355
        3356        3357        3358        3359        3360        3361
        3362        3363        3364        3365        3366        3367
        3368        3369        3370        3371        3372        3373
        3374        3375        3376        3377        3378        3379
        3380        3381        3382        3383        3384         118
        3558        3559        3560        3561        3562        3563
        3564        3565        3566        3567        3568        3569
        3570        3571        3572        3573        3574        3575
        3576        3577         120        3598        3599        3600
        3601        3602        3603        3604        3605        3606
        3607        3608        3609        3610        3611        3612
        3613        3614        3615        3616        3617        3618
        3619        3620        3621        3622        3623        3624
        3625        3626        3627        3628        3629        3630
        3631        3632        3633        3634        3635        3636
         121        3637        3638        3639        3640        3641
        3642        3643        3644        3645        3646        3647
        3648        3649        3650        3651        3652        3653
        3654        3655        3656         135        4080        4081
        4082        4083        4084        4085        4086        4087
        4088        4089        4090        4091        4092        4093
        4094        4095        4096        4097        4098        4099
        4100        4101        4102        4103        4104        4105
        4106        4107        4108        4109        4110        4111
        4112        4113        4114        4115        4116        4117
        4118         136        4119        4120        4121        4122
        4123        4124        4125        4126        4127        4128
        4129        4130        4131        4132        4133        4134
        4135        4136        4137        4138        4139        4140
        4141        4142        4143        4144        4145        4146
        4147        4148        4149        4150        4151        4152
        4153        4154         137        4155        4156        4157
        4158        4159        4160        4161        4162        4163
        4164        4165        4166        4167        4168        4169
        4170        4171        4172        4173        4174        4175
        4176        4177        4178        4179        4180        4181
        4182        4183        4184        4185        4186        4187
        4188        4189         138        4190        4191        4192
        4193        4194        4195        4196        4197        4198
        4199        4200        4201        4202        4203        4204
        4205        4206        4207        4208        4209        4210
        4211        4212        4213        4214        4215        4216
        4217        4218        4219        4220        4221        4222
        4223        4224        4225        4226        4227        4228
         139        4229        4230        4231        4232        4233
        4234        4235        4236        4237        4238        4239
        4240        4241        4242        4243        4244        4245
        4246        4247        4248        4249        4250        4251
        4252        4253        4254        4255        4256        4257
        4258        4259        4260        4261        4262        4263
        4264        4265        4266        4267        4268        4269
        4270         140        4271        4272        4273        4274
        4275        4276        4277        4278        4279        4280
        4281        4282        4283        4284        4285        4286
        4287        4288        4289        4290        4291        4292
        4293        4294        4295        4296        4297        4298
        4299        4300        4301        4302        4303        4304
        4305        4306        4307        4308        4309        4310
        4311        4312         150        4580        4581        4582
        4583        4584        4585        4586        4587        4588
        4589        4590        4591        4592         183        5644
        5645        5646        5647        5648        5649        5650
        5651        5652        5653        5654        5655        5656
        5657        5658        5659        5660        5661        5662
        5663        5664        5665        5666        5667        5668
        5669        5670        5671        5672        5673        5674
        5675        5676        5677        5678        5679         213
        6683        6684        6685        6686        6687        6688
        6689        6690        6691        6692        6693        6694
        6695        6696        6697        6698        6699        6700
        6701        6702        6703        6704        6705        6706
        6707        6708        6709        6710        6711        6712
        6713        6714        6715        6716        6717        6718
        6719        6720        6721        6722         214        6723
        6724        6725        6726        6727        6728        6729
        6730        6731        6732        6733        6734        6735
        6736        6737        6738        6739        6740        6741
        6742        6743        6744        6745        6746        6747
        6748        6749        6750        6751        6752        6753
        6754        6755        6756        6757        6758        6759
        6760        6761         218        6809        6810        6811
        6812        6813        6814        6815        6816        6817
        6818        6819        6820        6821        6822        6823
        6824        6825        6826        6827        6828        6829
        6830        6831        6832        6833        6834        6835
        6836        6837        6838        6839        6840        6841
        6842        6843        6844        6845        6846        6847
        6848         219        6849        6850        6851        6852
        6853        6854        6855        6856        6857        6858
        6859        6860        6861        6862        6863        6864
        6865        6866        6867        6868        6869        6870
        6871        6872        6873        6874        6875        6876
        6877        6878        6879        6880        6881        6882
        6883        6884        6885        6886        6887        6888
         243        7685        7686        7687        7688        7689
        7690        7691        7692        7693        7694        7695
        7696        7697        7698        7699        7700        7701
        7702        7703        7704        7705        7706        7707
        7708        7709        7710        7711        7712        7713
        7714        7715        7716        7717        7718        7719
        7720         253        8027        8028        8029        8030
        8031        8032        8033        8034        8035        8036
        8037        8038        8039        8040        8041        8042
        8043        8044        8045        8046        8047        8048
        8049        8050        8051        8052        8053        8054
        8055        8056        8057        8058        8059        8060
        8061        8062        8063        8064        8065        8066
