           3
           3
           0           1           2
           1           9          13          43
         640         641         642         643         644         645
         646         647         648         649         650         651
         652         653         654         655         656         657
         658         659         660         661         662         663
         664         665         666         667         668         669
         670         671         672         673         674         675
         676         677         678         679         680         681
           3
           0           1           2
           1           6          10          39
           1           2           3           6           7         191
         231         232         234         422         464         501
         532         533         555         556         567         577
         584         592         600         605         606         611
         612         613         614         615         616         617
         623         631         634         635         636         637
         638         639
           3
           0           1           2
           1         100         226        1203
       22588       22589       22590       22591       22592       22593
       22594       22595       22596       22597       22598       22599
       22600       22601       22602       22603       22604       22605
       22606       22607       22608       22609       22610       22611
       22612       22613       22614       22615       22616       22617
       22618       22619       22620       22621       22622       22623
       22624       22625       22626       22627       22628       22629
       22630       22631       22632       22633       22634       22635
       22636       22637       22638       22639       22640       22641
       22642       22643       22644       22645       22646       22647
       22648       22649       22650       22651       22652       22653
       22654       22655       22656       22657       22658       22659
       22660       22661       22662       22663       22664       22665
       22666       22667       22668       22669       22670       22671
       22672       22673       22674       22675       22676       22677
       22678       22679       22680       22681       22682       22683
       22684       22685       22686       22687       22688       22689
       22690       22691       22692       22693       22694       22695
       22696       22697       22698       22699       22700       22701
       22702       22703       22704       22705       22706       22707
       22708       22709       22710       22711       22712       22713
       22714       22715       22716       22717       22718       22719
       22720       22721       22722       22723       22724       22725
       22726       22727       22728       22729       22730       22731
       22732       22733       22734       22735       22736       22737
       22738       22739       22740       22741       22742       22743
       22744       22745       22746       22747       22748       22749
       22750       22751       22752       22753       22754       22755
       22756       22757       22758       22759       22760       22761
       22762       22763       22764       22765       22766       22767
       22768       22769       22770       22771       22772       22773
       22774       22775       22776       22777       22778       22779
       22780       22781       22782       22783       22784       22785
       22786       22787       22788       22789       22790       22791
       22792       22793       22794       22795       22796       22797
       22798       22799       22800       22801       22802       22803
       22804       22805       22806       22807       22808       22809
       22810       22811       22812       22813       22814       22815
       22816       22817       22818       22819       22820       22821
       22822       22823       22824       22825       22826       22827
       22828       22829       22830       22831       22832       22833
       22834       22835       22836       22837       22838       22839
       22840       22841       22842       22843       22844       22845
       22846       22847       22848       22849       22850       22851
       22852       22853       22854       22855       22856       22857
       22858       22859       22860       22861       22862       22863
       22864       22865       22866       22867       22868       22869
       22870       22871       22872       22873       22874       22875
       22876       22877       22878       22879       22880       22881
       22882       22883       22884       22885       22886       22887
       22888       22889       22890       22891       22892       22893
       22894       22895       22896       22897       22898       22899
       22900       22901       22902       22903       22904       22905
       22906       22907       22908       22909       22910       22911
       22912       22913       22914       22915       22916       22917
       22918       22919       22920       22921       22922       22923
       22924       22925       22926       22927       22928       22929
       22930       22931       22932       22933       22934       22935
       22936       22937       22938       22939       22940       22941
       22942       22943       22944       22945       22946       22947
       22948       22949       22950       22951       22952       22953
       22954       22955       22956       22957       22958       22959
       22960       22961       22962       22963       22964       22965
       22966       22967       22968       22969       22970       22971
       22972       22973       22974       22975       22976       22977
       22978       22979       22980       22981       22982       22983
       22984       22985       22986       22987       22988       22989
       22990       22991       22992       22993       22994       22995
       22996       22997       22998       22999       23000       23001
       23002       23003       23004       23005       23006       23007
       23008       23009       23010       23011       23012       23013
       23014       23015       23016       23017       23018       23019
       23020       23021       23022       23023       23024       23025
       23026       23027       23028       23029       23030       23031
       23032       23033       23034       23035       23036       23037
       23038       23039       23040       23041       23042       23043
       23044       23045       23046       23047       23048       23049
       23050       23051       23052       23053       23054       23055
       23056       23057       23058       23059       23060       23061
       23062       23063       23064       23065       23066       23067
       23068       23069       23070       23071       23072       23073
       23074       23075       23076       23077       23078       23079
       23080       23081       23082       23083       23084       23085
       23086       23087       23088       23089       23090       23091
       23092       23093       23094       23095       23096       23097
       23098       23099       23100       23101       23102       23103
       23104       23105       23106       23107       23108       23109
       23110       23111       23112       23113       23114       23115
       23116       23117       23118       23119       23120       23121
       23122       23123       23124       23125       23126       23127
       23128       23129       23130       23131       23132       23133
       23134       23135       23136       23137       23138       23139
       23140       23141       23142       23143       23144       23145
       23146       23147       23148       23149       23150       23151
       23152       23153       23154       23155       23156       23157
       23158       23159       23160       23161       23162       23163
       23164       23165       23166       23167       23168       23169
       23170       23171       23172       23173       23174       23175
       23176       23177       23178       23179       23180       23181
       23182       23183       23184       23185       23186       23187
       23188       23189       23190       23191       23192       23193
       23194       23195       23196       23197       23198       23199
       23200       23201       23202       23203       23204       23205
       23206       23207       23208       23209       23210       23211
       23212       23213       23214       23215       23216       23217
       23218       23219       23220       23221       23222       23223
       23224       23225       23226       23227       23228       23229
       23230       23231       23232       23233       23234       23235
       23236       23237       23238       23239       23240       23241
       23242       23243       23244       23245       23246       23247
       23248       23249       23250       23251       23252       23253
       23254       23255       23256       23257       23258       23259
       23260       23261       23262       23263       23264       23265
       23266       23267       23268       23269       23270       23271
       23272       23273       23274       23275       23276       23277
       23278       23279       23280       23281       23282       23283
       23284       23285       23286       23287       23288       23289
       23290       23291       23292       23293       23294       23295
       23296       23297       23298       23299       23300       23301
       23302       23303       23304       23305       23306       23307
       23308       23309       23310       23311       23312       23313
       23314       23315       23316       23317       23318       23319
       23320       23321       23322       23323       23324       23325
       23326       23327       23328       23329       23330       23331
       23332       23333       23334       23335       23336       23337
       23338       23339       23340       23341       23342       23343
       23344       23345       23346       23347       23348       23349
       23350       23351       23352       23353       23354       23355
       23356       23357       23358       23359       23360       23361
       23362       23363       23364       23365       23366       23367
       23368       23369       23370       23371       23372       23373
       23374       23375       23376       23377       23378       23379
       23380       23381       23382       23383       23384       23385
       23386       23387       23388       23389       23390       23391
       23392       23393       23394       23395       23396       23397
       23398       23399       23400       23401       23402       23403
       23404       23405       23406       23407       23408       23409
       23410       23411       23412       23413       23414       23415
       23416       23417       23418       23419       23420       23421
       23422       23423       23424       23425       23426       23427
       23428       23429       23430       23431       23432       23433
       23434       23435       23436       23437       23438       23439
       23440       23441       23442       23443       23444       23445
       23446       23447       23448       23449       23450       23451
       23452       23453       23454       23455       23456       23457
       23458       23459       23460       23461       23462       23463
       23464       23465       23466       23467       23468       23469
       23470       23471       23472       23473       23474       23475
       23476       23477       23478       23479       23480       23481
       23482       23483       23484       23485       23486       23487
       23488       23489       23490       23491       23492       23493
       23494       23495       23496       23497       23498       23499
       23500       23501       23502       23503       23504       23505
       23506       23507       23508       23509       23510       23511
       23512       23513       23514       23515       23516       23517
       23518       23519       23520       23521       23522       23523
       23524       23525       23526       23527       23528       23529
       23530       23531       23532       23533       23534       23535
       23536       23537       23538       23539       23540       23541
       23542       23543       23544       23545       23546       23547
       23548       23549       23550       23551       23552       23553
       23554       23555       23556       23557       23558       23559
       23560       23561       23562       23563       23564       23565
       23566       23567       23568       23569       23570       23571
       23572       23573       23574       23575       23576       23577
       23578       23579       23580       23581       23582       23583
       23584       23585       23586       23587       23588       23589
       23590       23591       23592       23593       23594       23595
       23596       23597       23598       23599       23600       23601
       23602       23603       23604       23605       23606       23607
       23608       23609       23610       23611       23612       23613
       23614       23615       23616       23617       23618       23619
       23620       23621       23622       23623       23624       23625
       23626       23627       23628       23629       23630       23631
       23632       23633       23634       23635       23636       23637
       23638       23639       23640       23641       23642       23643
       23644       23645       23646       23647       23648       23649
       23650       23651       23652       23653       23654       23655
       23656       23657       23658       23659       23660       23661
       23662       23663       23664       23665       23666       23667
       23668       23669       23670       23671       23672       23673
       23674       23675       23676       23677       23678       23679
       23680       23681       23682       23683       23684       23685
       23686       23687       23688       23689       23690       23691
       23692       23693       23694       23695       23696       23697
       23698       23699       23700       23701       23702       23703
       23704       23705       23706       23707       23708       23709
       23710       23711       23712       23713       23714       23715
       23716       23717       23718       23719       23720       23721
       23722       23723       23724       23725       23726       23727
       23728       23729       23730       23731       23732       23733
       23734       23735       23736       23737       23738       23739
       23740       23741       23742       23743       23744       23745
       23746       23747       23748       23749       23750       23751
       23752       23753       23754       23755       23756       23757
       23758       23759       23760       23761       23762       23763
       23764       23765       23766       23767       23768       23769
       23770       23771       23772       23773       23774       23775
       23776       23777       23778       23779       23780       23781
       23782       23783       23784       23785       23786       23787
       23788       23789
           3
           0           1           2
           1          27         158        1135
           1         640         641         642         643         644
         645           2         646         647         648         649
         650           3         651         652         653         654
           6         663         664         665           7         666
         667         668         191        6677        6678        6679
        6680        6681        6682        6683        6684        6685
        6686        6687        6688        6689        6690        6691
        6692        6693        6694        6695        6696        6697
        6698        6699        6700        6701        6702        6703
        6704        6705        6706        6707        6708        6709
        6710        6711         231        8214        8215        8216
        8217        8218        8219        8220        8221        8222
        8223        8224        8225        8226        8227        8228
        8229        8230        8231        8232        8233        8234
        8235        8236        8237        8238        8239        8240
        8241        8242        8243        8244        8245        8246
        8247        8248        8249        8250         232        8251
        8252        8253        8254        8255        8256        8257
        8258        8259        8260        8261        8262        8263
        8264        8265        8266        8267        8268        8269
        8270        8271        8272        8273        8274        8275
        8276        8277        8278        8279        8280        8281
        8282        8283        8284        8285        8286        8287
        8288         234        8327        8328        8329        8330
        8331        8332        8333        8334        8335        8336
        8337        8338        8339        8340        8341        8342
        8343         422       15302       15303       15304       15305
       15306       15307       15308       15309       15310       15311
       15312       15313       15314       15315       15316       15317
       15318         464       16704       16705       16706       16707
       16708       16709       16710       16711       16712       16713
       16714       16715       16716       16717       16718       16719
       16720       16721       16722       16723       16724       16725
       16726       16727       16728       16729       16730       16731
       16732       16733       16734       16735       16736         501
       17976       17977       17978       17979       17980       17981
       17982       17983       17984       17985       17986       17987
       17988       17989       17990       17991       17992       17993
       17994       17995       17996       17997       17998       17999
       18000       18001       18002       18003       18004       18005
       18006       18007       18008       18009       18010       18011
       18012       18013         532       19111       19112       19113
       19114       19115       19116       19117       19118       19119
       19120       19121       19122       19123       19124       19125
       19126       19127       19128       19129       19130       19131
       19132       19133       19134       19135       19136       19137
       19138       19139       19140       19141       19142       19143
       19144       19145       19146       19147       19148       19149
         533       19150       19151       19152       19153       19154
       19155       19156       19157       19158       19159       19160
       19161       19162       19163       19164       19165       19166
       19167       19168       19169       19170       19171       19172
       19173       19174       19175       19176       19177       19178
       19179       19180       19181       19182       19183       19184
       19185       19186       19187       19188         555       19962
       19963       19964       19965       19966       19967       19968
       19969       19970       19971       19972       19973       19974
       19975       19976       19977       19978       19979       19980
       19981       19982       19983       19984       19985       19986
       19987       19988       19989       19990       19991         556
       19992       19993       19994       19995       19996       19997
       19998       19999       20000       20001       20002       20003
       20004       20005       20006       20007       20008       20009
       20010       20011       20012       20013         567       20310
       20311       20312       20313       20314       20315       20316
       20317       20318       20319       20320       20321       20322
       20323       20324       20325       20326       20327       20328
       20329       20330       20331       20332       20333       20334
       20335       20336       20337       20338       20339       20340
       20341       20342       20343       20344       20345       20346
       20347       20348         577       20686       20687       20688
       20689       20690       20691       20692       20693       20694
       20695       20696       20697       20698       20699       20700
       20701       20702       20703       20704       20705       20706
       20707       20708       20709       20710       20711       20712
       20713       20714       20715       20716       20717       20718
       20719       20720         584       20878       20879       20880
       20881       20882       20883       20884       20885       20886
       20887       20888       20889       20890       20891       20892
       20893       20894       20895       20896       20897       20898
       20899       20900       20901         592       21116       21117
       21118       21119       21120       21121       21122       21123
       21124       21125       21126       21127       21128       21129
       21130       21131       21132       21133       21134       21135
       21136       21137       21138       21139       21140       21141
       21142       21143       21144       21145       21146       21147
       21148       21149       21150       21151       21152       21153
         600       21409       21410       21411       21412       21413
       21414       21415       21416       21417       21418       21419
       21420       21421       21422       21423       21424       21425
       21426       21427       21428       21429       21430       21431
       21432       21433       21434       21435       21436       21437
       21438       21439       21440         605       21534       21535
       21536       21537       21538       21539       21540       21541
       21542       21543       21544       21545       21546       21547
       21548       21549       21550       21551       21552       21553
       21554       21555         606       21556       21557       21558
       21559       21560       21561       21562       21563       21564
       21565       21566       21567       21568       21569       21570
       21571       21572         611       21676       21677       21678
       21679       21680       21681       21682       21683       21684
       21685       21686       21687       21688       21689       21690
       21691       21692       21693       21694       21695       21696
       21697       21698       21699       21700       21701       21702
       21703       21704       21705       21706       21707       21708
       21709       21710       21711       21712       21713       21714
       21715       21716       21717         612       21718       21719
       21720       21721       21722       21723       21724       21725
       21726       21727       21728       21729       21730       21731
       21732       21733       21734       21735       21736       21737
       21738       21739       21740       21741       21742       21743
       21744       21745       21746       21747       21748       21749
       21750       21751       21752       21753       21754       21755
         613       21756       21757       21758       21759       21760
       21761       21762       21763       21764       21765       21766
       21767       21768       21769       21770       21771       21772
       21773       21774       21775       21776       21777       21778
       21779       21780       21781       21782       21783       21784
       21785       21786       21787       21788         614       21789
       21790       21791       21792       21793       21794       21795
       21796       21797       21798       21799       21800       21801
       21802       21803       21804       21805       21806       21807
       21808       21809       21810       21811       21812       21813
       21814       21815       21816       21817       21818       21819
       21820       21821       21822       21823       21824         615
       21825       21826       21827       21828       21829       21830
       21831       21832       21833       21834       21835       21836
       21837       21838       21839       21840       21841       21842
       21843       21844       21845       21846       21847       21848
       21849       21850       21851       21852       21853       21854
       21855       21856       21857       21858       21859       21860
       21861       21862       21863       21864       21865       21866
         616       21867       21868       21869       21870       21871
       21872       21873       21874       21875       21876       21877
       21878       21879       21880       21881       21882       21883
       21884       21885       21886       21887       21888       21889
       21890       21891       21892       21893       21894       21895
       21896       21897       21898       21899       21900       21901
       21902       21903       21904       21905         617       21906
       21907       21908       21909       21910       21911       21912
       21913       21914       21915       21916       21917       21918
       21919       21920       21921       21922       21923       21924
       21925       21926       21927       21928       21929       21930
       21931       21932       21933       21934       21935       21936
       21937       21938       21939       21940       21941       21942
       21943       21944       21945       21946       21947         623
       22090       22091       22092       22093         631       22293
       22294       22295       22296       22297       22298       22299
       22300       22301       22302       22303       22304       22305
       22306       22307       22308       22309       22310       22311
       22312       22313       22314       22315         634       22364
       22365       22366       22367       22368       22369       22370
       22371       22372       22373       22374       22375       22376
       22377       22378       22379       22380       22381       22382
       22383       22384       22385       22386       22387       22388
       22389       22390       22391       22392       22393       22394
       22395       22396       22397       22398       22399       22400
       22401       22402       22403         635       22404       22405
       22406       22407       22408       22409       22410       22411
       22412       22413       22414       22415       22416       22417
       22418       22419       22420       22421       22422       22423
       22424       22425       22426       22427       22428       22429
       22430       22431       22432       22433       22434       22435
       22436       22437       22438       22439       22440       22441
       22442       22443         636       22444       22445       22446
       22447       22448       22449       22450       22451       22452
       22453       22454       22455       22456       22457       22458
       22459       22460       22461       22462       22463       22464
       22465       22466       22467       22468       22469       22470
       22471       22472       22473       22474       22475       22476
       22477         637       22478       22479       22480       22481
       22482       22483       22484       22485       22486       22487
       22488       22489       22490       22491       22492       22493
       22494       22495       22496       22497       22498       22499
       22500       22501       22502       22503       22504       22505
       22506       22507       22508       22509       22510       22511
       22512       22513       22514       22515       22516       22517
         638       22518       22519       22520       22521       22522
       22523       22524       22525       22526       22527       22528
       22529       22530       22531       22532       22533       22534
       22535       22536       22537       22538       22539       22540
       22541       22542       22543       22544       22545       22546
       22547         639       22548       22549       22550       22551
       22552       22553       22554       22555       22556       22557
       22558       22559       22560       22561       22562       22563
       22564       22565       22566       22567       22568       22569
       22570       22571       22572       22573       22574       22575
       22576       22577       22578       22579       22580       22581
       22582       22583       22584       22585       22586       22587
