           6
           2
           3           7
           1           5          24
         552         553         554         555         556         557
         558         559         560         561         562         563
         564         565         566         567         568         569
         570         571         572         573         574
           2
           3           7
           1           4          22
         548         550         551          23          33          51
          72          94         113         117         118         139
         140         141         142         161         184         205
         208         233         261
           2
           3           7
           1          30         454
       11495       11496       11497       11498       11499       11500
       11501       11502       11503       11504       11505       11506
       11507       11508       11509       11510       11511       11512
       11513       11514       11515       11516       11517       11518
       11519       11520       11521       11522       11523       11524
       11525       11526       11527       11528       11529       11530
       11531       11532       11533       11534       11535       11536
       11537       11538       11539       11540       11541       11542
       11543       11544       11545       11546       11547       11548
       11549       11550       11551       11552       11553       11554
       11555       11556       11557       11558       11559       11560
       11561       11562       11563       11564       11565       11566
       11567       11568       11569       11570       11571       11572
       11573       11574       11575       11576       11577       11578
       11579       11580       11581       11582       11583       11584
       11585       11586       11587       11588       11589       11590
       11591       11592       11593       11594       11595       11596
       11597       11598       11599       11600       11601       11602
       11603       11604       11605       11606       11607       11608
       11609       11610       11611       11612       11613       11614
       11615       11616       11617       11618       11619       11620
       11621       11622       11623       11624       11625       11626
       11627       11628       11629       11630       11631       11632
       11633       11634       11635       11636       11637       11638
       11639       11640       11641       11642       11643       11644
       11645       11646       11647       11648       11649       11650
       11651       11652       11653       11654       11655       11656
       11657       11658       11659       11660       11661       11662
       11663       11664       11665       11666       11667       11668
       11669       11670       11671       11672       11673       11674
       11675       11676       11677       11678       11679       11680
       11681       11682       11683       11684       11685       11686
       11687       11688       11689       11690       11691       11692
       11693       11694       11695       11696       11697       11698
       11699       11700       11701       11702       11703       11704
       11705       11706       11707       11708       11709       11710
       11711       11712       11713       11714       11715       11716
       11717       11718       11719       11720       11721       11722
       11723       11724       11725       11726       11727       11728
       11729       11730       11731       11732       11733       11734
       11735       11736       11737       11738       11739       11740
       11741       11742       11743       11744       11745       11746
       11747       11748       11749       11750       11751       11752
       11753       11754       11755       11756       11757       11758
       11759       11760       11761       11762       11763       11764
       11765       11766       11767       11768       11769       11770
       11771       11772       11773       11774       11775       11776
       11777       11778       11779       11780       11781       11782
       11783       11784       11785       11786       11787       11788
       11789       11790       11791       11792       11793       11794
       11795       11796       11797       11798       11799       11800
       11801       11802       11803       11804       11805       11806
       11807       11808       11809       11810       11811       11812
       11813       11814       11815       11816       11817       11818
       11819       11820       11821       11822       11823       11824
       11825       11826       11827       11828       11829       11830
       11831       11832       11833       11834       11835       11836
       11837       11838       11839       11840       11841       11842
       11843       11844       11845       11846       11847       11848
       11849       11850       11851       11852       11853       11854
       11855       11856       11857       11858       11859       11860
       11861       11862       11863       11864       11865       11866
       11867       11868       11869       11870       11871       11872
       11873       11874       11875       11876       11877       11878
       11879       11880       11881       11882       11883       11884
       11885       11886       11887       11888       11889       11890
       11891       11892       11893       11894       11895       11896
       11897       11898       11899       11900       11901       11902
       11903       11904       11905       11906       11907       11908
       11909       11910       11911       11912       11913       11914
       11915       11916       11917       11918       11919       11920
       11921       11922       11923       11924       11925       11926
       11927       11928       11929       11930       11931       11932
       11933       11934       11935       11936       11937       11938
       11939       11940       11941       11942       11943       11944
       11945       11946       11947
           2
           3           7
           1          13         410
         548       11483       11484       11485         550       11489
       11490       11491         551       11492       11493       11494
          23         807         808         809         810         811
         812         813         814         815         816         817
         818          33         958         959         960         961
         962         963         964         965         966         967
         968         969         970         971         972         973
          51        1345        1346        1347        1348        1349
        1350        1351        1352        1353        1354        1355
        1356        1357        1358        1359        1360        1361
          72        1872        1873        1874        1875        1876
        1877        1878        1879        1880        1881        1882
        1883        1884        1885        1886        1887        1888
        1889        1890        1891        1892        1893        1894
        1895        1896        1897          94        2429        2430
        2431        2432        2433        2434        2435        2436
        2437        2438        2439        2440        2441        2442
        2443        2444        2445        2446        2447        2448
        2449        2450        2451        2452         113        2873
        2874        2875        2876        2877        2878        2879
        2880        2881        2882        2883        2884        2885
        2886        2887        2888        2889        2890        2891
        2892        2893        2894        2895        2896        2897
        2898        2899        2900        2901        2902        2903
        2904        2905         117        2999        3000        3001
        3002        3003        3004        3005        3006        3007
        3008        3009        3010        3011        3012        3013
        3014        3015        3016        3017        3018        3019
        3020        3021        3022        3023        3024        3025
        3026        3027        3028         118        3029        3030
        3031        3032        3033        3034        3035        3036
        3037        3038        3039        3040        3041        3042
        3043        3044        3045        3046        3047        3048
        3049         139        3485        3486        3487        3488
        3489        3490        3491        3492        3493        3494
        3495        3496        3497        3498        3499        3500
        3501        3502        3503        3504        3505        3506
        3507        3508        3509        3510        3511        3512
        3513        3514        3515        3516        3517         140
        3518        3519        3520        3521        3522        3523
        3524        3525        3526        3527        3528        3529
        3530        3531        3532        3533        3534        3535
        3536        3537        3538        3539        3540        3541
        3542        3543        3544        3545        3546        3547
        3548        3549        3550        3551         141        3552
        3553        3554        3555        3556        3557        3558
        3559        3560        3561        3562        3563        3564
        3565        3566        3567        3568        3569        3570
        3571        3572        3573        3574        3575        3576
        3577        3578        3579        3580        3581         142
        3582        3583        3584        3585        3586        3587
        3588        3589        3590        3591        3592        3593
        3594        3595        3596        3597        3598        3599
        3600        3601        3602        3603        3604        3605
        3606        3607        3608         161        3920        3921
        3922        3923        3924        3925        3926        3927
        3928        3929        3930        3931        3932        3933
        3934        3935        3936        3937        3938        3939
        3940        3941        3942        3943        3944        3945
        3946        3947        3948        3949        3950        3951
         184        4295        4296        4297        4298        4299
        4300        4301        4302        4303        4304        4305
        4306        4307        4308        4309        4310        4311
        4312        4313        4314        4315        4316        4317
        4318        4319        4320        4321        4322        4323
        4324        4325        4326         205        4649        4650
        4651         208        4658        4659        4660         233
        5066        5067        5068         261        5540        5541
        5542
