           5
           2
           4           7
           1          13          29
         348         349         350         351         352         353
         354         355         356         357         358         359
         360         361         362         363         364         365
         366         367         368         369         370         371
         372         373         374         375
           2
           4           7
           1          12          29
         318         332         333         334         336         340
         341         342         343         344         347           1
           2           4           9          16          18          30
          47          48          49          71          72          74
          75          76          78          79
           2
           4           7
           1         414         911
       11692       11693       11694       11695       11696       11697
       11698       11699       11700       11701       11702       11703
       11704       11705       11706       11707       11708       11709
       11710       11711       11712       11713       11714       11715
       11716       11717       11718       11719       11720       11721
       11722       11723       11724       11725       11726       11727
       11728       11729       11730       11731       11732       11733
       11734       11735       11736       11737       11738       11739
       11740       11741       11742       11743       11744       11745
       11746       11747       11748       11749       11750       11751
       11752       11753       11754       11755       11756       11757
       11758       11759       11760       11761       11762       11763
       11764       11765       11766       11767       11768       11769
       11770       11771       11772       11773       11774       11775
       11776       11777       11778       11779       11780       11781
       11782       11783       11784       11785       11786       11787
       11788       11789       11790       11791       11792       11793
       11794       11795       11796       11797       11798       11799
       11800       11801       11802       11803       11804       11805
       11806       11807       11808       11809       11810       11811
       11812       11813       11814       11815       11816       11817
       11818       11819       11820       11821       11822       11823
       11824       11825       11826       11827       11828       11829
       11830       11831       11832       11833       11834       11835
       11836       11837       11838       11839       11840       11841
       11842       11843       11844       11845       11846       11847
       11848       11849       11850       11851       11852       11853
       11854       11855       11856       11857       11858       11859
       11860       11861       11862       11863       11864       11865
       11866       11867       11868       11869       11870       11871
       11872       11873       11874       11875       11876       11877
       11878       11879       11880       11881       11882       11883
       11884       11885       11886       11887       11888       11889
       11890       11891       11892       11893       11894       11895
       11896       11897       11898       11899       11900       11901
       11902       11903       11904       11905       11906       11907
       11908       11909       11910       11911       11912       11913
       11914       11915       11916       11917       11918       11919
       11920       11921       11922       11923       11924       11925
       11926       11927       11928       11929       11930       11931
       11932       11933       11934       11935       11936       11937
       11938       11939       11940       11941       11942       11943
       11944       11945       11946       11947       11948       11949
       11950       11951       11952       11953       11954       11955
       11956       11957       11958       11959       11960       11961
       11962       11963       11964       11965       11966       11967
       11968       11969       11970       11971       11972       11973
       11974       11975       11976       11977       11978       11979
       11980       11981       11982       11983       11984       11985
       11986       11987       11988       11989       11990       11991
       11992       11993       11994       11995       11996       11997
       11998       11999       12000       12001       12002       12003
       12004       12005       12006       12007       12008       12009
       12010       12011       12012       12013       12014       12015
       12016       12017       12018       12019       12020       12021
       12022       12023       12024       12025       12026       12027
       12028       12029       12030       12031       12032       12033
       12034       12035       12036       12037       12038       12039
       12040       12041       12042       12043       12044       12045
       12046       12047       12048       12049       12050       12051
       12052       12053       12054       12055       12056       12057
       12058       12059       12060       12061       12062       12063
       12064       12065       12066       12067       12068       12069
       12070       12071       12072       12073       12074       12075
       12076       12077       12078       12079       12080       12081
       12082       12083       12084       12085       12086       12087
       12088       12089       12090       12091       12092       12093
       12094       12095       12096       12097       12098       12099
       12100       12101       12102       12103       12104       12105
       12106       12107       12108       12109       12110       12111
       12112       12113       12114       12115       12116       12117
       12118       12119       12120       12121       12122       12123
       12124       12125       12126       12127       12128       12129
       12130       12131       12132       12133       12134       12135
       12136       12137       12138       12139       12140       12141
       12142       12143       12144       12145       12146       12147
       12148       12149       12150       12151       12152       12153
       12154       12155       12156       12157       12158       12159
       12160       12161       12162       12163       12164       12165
       12166       12167       12168       12169       12170       12171
       12172       12173       12174       12175       12176       12177
       12178       12179       12180       12181       12182       12183
       12184       12185       12186       12187       12188       12189
       12190       12191       12192       12193       12194       12195
       12196       12197       12198       12199       12200       12201
       12202       12203       12204       12205       12206       12207
       12208       12209       12210       12211       12212       12213
       12214       12215       12216       12217       12218       12219
       12220       12221       12222       12223       12224       12225
       12226       12227       12228       12229       12230       12231
       12232       12233       12234       12235       12236       12237
       12238       12239       12240       12241       12242       12243
       12244       12245       12246       12247       12248       12249
       12250       12251       12252       12253       12254       12255
       12256       12257       12258       12259       12260       12261
       12262       12263       12264       12265       12266       12267
       12268       12269       12270       12271       12272       12273
       12274       12275       12276       12277       12278       12279
       12280       12281       12282       12283       12284       12285
       12286       12287       12288       12289       12290       12291
       12292       12293       12294       12295       12296       12297
       12298       12299       12300       12301       12302       12303
       12304       12305       12306       12307       12308       12309
       12310       12311       12312       12313       12314       12315
       12316       12317       12318       12319       12320       12321
       12322       12323       12324       12325       12326       12327
       12328       12329       12330       12331       12332       12333
       12334       12335       12336       12337       12338       12339
       12340       12341       12342       12343       12344       12345
       12346       12347       12348       12349       12350       12351
       12352       12353       12354       12355       12356       12357
       12358       12359       12360       12361       12362       12363
       12364       12365       12366       12367       12368       12369
       12370       12371       12372       12373       12374       12375
       12376       12377       12378       12379       12380       12381
       12382       12383       12384       12385       12386       12387
       12388       12389       12390       12391       12392       12393
       12394       12395       12396       12397       12398       12399
       12400       12401       12402       12403       12404       12405
       12406       12407       12408       12409       12410       12411
       12412       12413       12414       12415       12416       12417
       12418       12419       12420       12421       12422       12423
       12424       12425       12426       12427       12428       12429
       12430       12431       12432       12433       12434       12435
       12436       12437       12438       12439       12440       12441
       12442       12443       12444       12445       12446       12447
       12448       12449       12450       12451       12452       12453
       12454       12455       12456       12457       12458       12459
       12460       12461       12462       12463       12464       12465
       12466       12467       12468       12469       12470       12471
       12472       12473       12474       12475       12476       12477
       12478       12479       12480       12481       12482       12483
       12484       12485       12486       12487       12488       12489
       12490       12491       12492       12493       12494       12495
       12496       12497       12498       12499       12500       12501
       12502       12503       12504       12505       12506       12507
       12508       12509       12510       12511       12512       12513
       12514       12515       12516       12517       12518       12519
       12520       12521       12522       12523       12524       12525
       12526       12527       12528       12529       12530       12531
       12532       12533       12534       12535       12536       12537
       12538       12539       12540       12541       12542       12543
       12544       12545       12546       12547       12548       12549
       12550       12551       12552       12553       12554       12555
       12556       12557       12558       12559       12560       12561
       12562       12563       12564       12565       12566       12567
       12568       12569       12570       12571       12572       12573
       12574       12575       12576       12577       12578       12579
       12580       12581       12582       12583       12584       12585
       12586       12587       12588       12589       12590       12591
       12592       12593       12594       12595       12596       12597
       12598       12599       12600       12601
           2
           4           7
           1         389         899
         318       10616       10617       10618         332       11106
       11107       11108       11109       11110       11111       11112
       11113       11114       11115       11116       11117       11118
       11119       11120       11121       11122       11123       11124
       11125       11126       11127       11128       11129       11130
       11131       11132       11133       11134       11135       11136
       11137       11138       11139       11140       11141       11142
       11143         333       11144       11145       11146       11147
       11148       11149       11150       11151       11152       11153
       11154       11155       11156       11157       11158       11159
       11160       11161       11162       11163       11164       11165
       11166       11167       11168       11169       11170       11171
       11172       11173       11174       11175       11176       11177
       11178       11179       11180       11181       11182       11183
       11184         334       11185       11186       11187       11188
       11189       11190       11191       11192       11193       11194
       11195       11196       11197       11198       11199       11200
       11201       11202       11203       11204       11205       11206
       11207       11208       11209       11210       11211       11212
       11213       11214       11215       11216       11217       11218
       11219       11220       11221       11222       11223       11224
       11225       11226         336       11263       11264       11265
       11266       11267       11268       11269       11270       11271
       11272       11273       11274       11275       11276       11277
       11278       11279       11280       11281       11282       11283
       11284       11285       11286       11287       11288       11289
       11290       11291       11292       11293       11294       11295
       11296       11297       11298       11299       11300       11301
       11302       11303       11304       11305         340       11416
       11417       11418       11419       11420       11421       11422
       11423       11424       11425       11426       11427       11428
       11429       11430       11431       11432       11433       11434
       11435       11436       11437       11438       11439       11440
       11441       11442       11443       11444       11445       11446
       11447       11448       11449       11450       11451       11452
         341       11453       11454       11455       11456       11457
       11458       11459       11460       11461       11462       11463
       11464       11465       11466       11467       11468       11469
       11470       11471       11472       11473       11474       11475
       11476       11477       11478       11479       11480       11481
       11482       11483       11484       11485       11486       11487
       11488       11489       11490       11491       11492       11493
       11494       11495         342       11496       11497       11498
       11499       11500       11501       11502       11503       11504
       11505       11506       11507       11508       11509       11510
       11511       11512       11513       11514       11515       11516
       11517       11518       11519       11520       11521       11522
       11523       11524       11525       11526       11527       11528
       11529       11530       11531       11532       11533       11534
       11535       11536       11537         343       11538       11539
       11540       11541       11542       11543       11544       11545
       11546       11547       11548       11549       11550       11551
       11552       11553       11554       11555       11556       11557
       11558       11559       11560       11561       11562       11563
       11564       11565       11566       11567       11568       11569
       11570       11571       11572       11573       11574       11575
         344       11576       11577       11578       11579       11580
       11581       11582       11583       11584       11585       11586
       11587       11588       11589       11590       11591       11592
       11593       11594       11595       11596       11597       11598
       11599       11600       11601       11602       11603       11604
       11605       11606       11607       11608       11609       11610
       11611       11612       11613       11614       11615       11616
       11617       11618         347       11685       11686       11687
       11688       11689       11690       11691           1         348
         349         350         351         352         353         354
         355         356         357         358         359         360
         361         362         363         364         365         366
         367         368         369         370         371         372
         373         374         375         376         377         378
         379         380         381           2         382         383
         384         385         386           4         390         391
         392         393         394         395         396         397
         398         399         400         401         402         403
         404         405         406         407         408         409
         410         411         412         413         414         415
         416         417         418         419         420         421
         422         423         424           9         482         483
         484         485         486         487         488         489
         490         491         492         493         494         495
         496         497         498         499         500         501
         502         503         504         505         506         507
         508         509         510         511         512         513
         514         515         516         517          16         661
         662         663         664         665         666         667
         668         669         670         671         672         673
         674         675         676         677         678         679
         680         681         682         683         684         685
         686         687         688         689         690         691
         692         693         694         695          18         732
         733         734         735         736         737         738
         739         740         741         742         743         744
         745         746         747         748         749         750
         751         752         753         754         755         756
         757         758         759         760         761         762
         763         764         765         766          30         986
         987         988         989         990         991         992
         993         994         995         996         997         998
         999        1000        1001        1002        1003        1004
        1005        1006        1007        1008        1009        1010
        1011        1012        1013        1014        1015        1016
        1017        1018        1019          47        1367        1368
        1369        1370        1371        1372        1373        1374
        1375        1376        1377        1378        1379        1380
        1381        1382        1383        1384        1385        1386
        1387        1388        1389        1390        1391        1392
        1393        1394        1395        1396        1397        1398
        1399        1400        1401        1402          48        1403
        1404        1405        1406        1407        1408        1409
        1410        1411        1412        1413        1414        1415
        1416        1417        1418        1419        1420        1421
        1422        1423        1424        1425        1426        1427
        1428        1429        1430        1431        1432        1433
        1434        1435        1436        1437        1438          49
        1439        1440        1441        1442        1443        1444
        1445        1446        1447        1448        1449        1450
        1451        1452        1453        1454        1455        1456
        1457        1458        1459        1460          71        2037
        2038        2039        2040        2041        2042        2043
        2044        2045        2046        2047        2048        2049
        2050        2051        2052        2053        2054        2055
        2056        2057        2058        2059        2060        2061
        2062        2063        2064        2065        2066        2067
        2068        2069        2070        2071        2072        2073
          72        2074        2075        2076        2077        2078
        2079        2080        2081        2082        2083        2084
        2085        2086        2087        2088        2089        2090
        2091        2092        2093        2094        2095        2096
        2097        2098        2099        2100        2101        2102
        2103        2104        2105        2106          74        2144
        2145        2146        2147        2148        2149        2150
        2151        2152        2153        2154        2155        2156
        2157        2158        2159        2160        2161        2162
        2163        2164        2165          75        2166        2167
        2168        2169        2170        2171        2172        2173
        2174        2175        2176        2177        2178        2179
        2180        2181        2182        2183        2184        2185
        2186        2187        2188        2189        2190        2191
        2192        2193        2194        2195        2196        2197
        2198        2199        2200        2201        2202        2203
          76        2204        2205        2206        2207        2208
        2209        2210        2211        2212        2213        2214
        2215        2216        2217        2218        2219        2220
        2221        2222        2223        2224        2225        2226
        2227        2228        2229        2230        2231        2232
        2233        2234        2235        2236        2237        2238
        2239        2240        2241        2242          78        2274
        2275        2276        2277        2278        2279        2280
        2281        2282        2283        2284        2285        2286
          79        2287        2288        2289
