           1
           3
           0           2           3
           1          17          37          45
         371         372         373         374         375         376
         377         378         379         380         381         382
         383         384         385         386         387         388
         389         390         391         392         393         394
         395         396         397         398         399         400
         401         402         403         404         405         406
         407         408         409         410         411         412
         413         414
           3
           0           2           3
           1          16          37          44
         198         221         244         264         282         299
         314         326         337         348         350         358
         364         368         370          12          30          49
          67          82          83          96         108         119
         132         145         152         153         160         171
         179         180         191         201         210         214
         139         151         165         166         167         168
         177
           3
           0           2           3
           1         570        1236        1528
       11319       11320       11321       11322       11323       11324
       11325       11326       11327       11328       11329       11330
       11331       11332       11333       11334       11335       11336
       11337       11338       11339       11340       11341       11342
       11343       11344       11345       11346       11347       11348
       11349       11350       11351       11352       11353       11354
       11355       11356       11357       11358       11359       11360
       11361       11362       11363       11364       11365       11366
       11367       11368       11369       11370       11371       11372
       11373       11374       11375       11376       11377       11378
       11379       11380       11381       11382       11383       11384
       11385       11386       11387       11388       11389       11390
       11391       11392       11393       11394       11395       11396
       11397       11398       11399       11400       11401       11402
       11403       11404       11405       11406       11407       11408
       11409       11410       11411       11412       11413       11414
       11415       11416       11417       11418       11419       11420
       11421       11422       11423       11424       11425       11426
       11427       11428       11429       11430       11431       11432
       11433       11434       11435       11436       11437       11438
       11439       11440       11441       11442       11443       11444
       11445       11446       11447       11448       11449       11450
       11451       11452       11453       11454       11455       11456
       11457       11458       11459       11460       11461       11462
       11463       11464       11465       11466       11467       11468
       11469       11470       11471       11472       11473       11474
       11475       11476       11477       11478       11479       11480
       11481       11482       11483       11484       11485       11486
       11487       11488       11489       11490       11491       11492
       11493       11494       11495       11496       11497       11498
       11499       11500       11501       11502       11503       11504
       11505       11506       11507       11508       11509       11510
       11511       11512       11513       11514       11515       11516
       11517       11518       11519       11520       11521       11522
       11523       11524       11525       11526       11527       11528
       11529       11530       11531       11532       11533       11534
       11535       11536       11537       11538       11539       11540
       11541       11542       11543       11544       11545       11546
       11547       11548       11549       11550       11551       11552
       11553       11554       11555       11556       11557       11558
       11559       11560       11561       11562       11563       11564
       11565       11566       11567       11568       11569       11570
       11571       11572       11573       11574       11575       11576
       11577       11578       11579       11580       11581       11582
       11583       11584       11585       11586       11587       11588
       11589       11590       11591       11592       11593       11594
       11595       11596       11597       11598       11599       11600
       11601       11602       11603       11604       11605       11606
       11607       11608       11609       11610       11611       11612
       11613       11614       11615       11616       11617       11618
       11619       11620       11621       11622       11623       11624
       11625       11626       11627       11628       11629       11630
       11631       11632       11633       11634       11635       11636
       11637       11638       11639       11640       11641       11642
       11643       11644       11645       11646       11647       11648
       11649       11650       11651       11652       11653       11654
       11655       11656       11657       11658       11659       11660
       11661       11662       11663       11664       11665       11666
       11667       11668       11669       11670       11671       11672
       11673       11674       11675       11676       11677       11678
       11679       11680       11681       11682       11683       11684
       11685       11686       11687       11688       11689       11690
       11691       11692       11693       11694       11695       11696
       11697       11698       11699       11700       11701       11702
       11703       11704       11705       11706       11707       11708
       11709       11710       11711       11712       11713       11714
       11715       11716       11717       11718       11719       11720
       11721       11722       11723       11724       11725       11726
       11727       11728       11729       11730       11731       11732
       11733       11734       11735       11736       11737       11738
       11739       11740       11741       11742       11743       11744
       11745       11746       11747       11748       11749       11750
       11751       11752       11753       11754       11755       11756
       11757       11758       11759       11760       11761       11762
       11763       11764       11765       11766       11767       11768
       11769       11770       11771       11772       11773       11774
       11775       11776       11777       11778       11779       11780
       11781       11782       11783       11784       11785       11786
       11787       11788       11789       11790       11791       11792
       11793       11794       11795       11796       11797       11798
       11799       11800       11801       11802       11803       11804
       11805       11806       11807       11808       11809       11810
       11811       11812       11813       11814       11815       11816
       11817       11818       11819       11820       11821       11822
       11823       11824       11825       11826       11827       11828
       11829       11830       11831       11832       11833       11834
       11835       11836       11837       11838       11839       11840
       11841       11842       11843       11844       11845       11846
       11847       11848       11849       11850       11851       11852
       11853       11854       11855       11856       11857       11858
       11859       11860       11861       11862       11863       11864
       11865       11866       11867       11868       11869       11870
       11871       11872       11873       11874       11875       11876
       11877       11878       11879       11880       11881       11882
       11883       11884       11885       11886       11887       11888
       11889       11890       11891       11892       11893       11894
       11895       11896       11897       11898       11899       11900
       11901       11902       11903       11904       11905       11906
       11907       11908       11909       11910       11911       11912
       11913       11914       11915       11916       11917       11918
       11919       11920       11921       11922       11923       11924
       11925       11926       11927       11928       11929       11930
       11931       11932       11933       11934       11935       11936
       11937       11938       11939       11940       11941       11942
       11943       11944       11945       11946       11947       11948
       11949       11950       11951       11952       11953       11954
       11955       11956       11957       11958       11959       11960
       11961       11962       11963       11964       11965       11966
       11967       11968       11969       11970       11971       11972
       11973       11974       11975       11976       11977       11978
       11979       11980       11981       11982       11983       11984
       11985       11986       11987       11988       11989       11990
       11991       11992       11993       11994       11995       11996
       11997       11998       11999       12000       12001       12002
       12003       12004       12005       12006       12007       12008
       12009       12010       12011       12012       12013       12014
       12015       12016       12017       12018       12019       12020
       12021       12022       12023       12024       12025       12026
       12027       12028       12029       12030       12031       12032
       12033       12034       12035       12036       12037       12038
       12039       12040       12041       12042       12043       12044
       12045       12046       12047       12048       12049       12050
       12051       12052       12053       12054       12055       12056
       12057       12058       12059       12060       12061       12062
       12063       12064       12065       12066       12067       12068
       12069       12070       12071       12072       12073       12074
       12075       12076       12077       12078       12079       12080
       12081       12082       12083       12084       12085       12086
       12087       12088       12089       12090       12091       12092
       12093       12094       12095       12096       12097       12098
       12099       12100       12101       12102       12103       12104
       12105       12106       12107       12108       12109       12110
       12111       12112       12113       12114       12115       12116
       12117       12118       12119       12120       12121       12122
       12123       12124       12125       12126       12127       12128
       12129       12130       12131       12132       12133       12134
       12135       12136       12137       12138       12139       12140
       12141       12142       12143       12144       12145       12146
       12147       12148       12149       12150       12151       12152
       12153       12154       12155       12156       12157       12158
       12159       12160       12161       12162       12163       12164
       12165       12166       12167       12168       12169       12170
       12171       12172       12173       12174       12175       12176
       12177       12178       12179       12180       12181       12182
       12183       12184       12185       12186       12187       12188
       12189       12190       12191       12192       12193       12194
       12195       12196       12197       12198       12199       12200
       12201       12202       12203       12204       12205       12206
       12207       12208       12209       12210       12211       12212
       12213       12214       12215       12216       12217       12218
       12219       12220       12221       12222       12223       12224
       12225       12226       12227       12228       12229       12230
       12231       12232       12233       12234       12235       12236
       12237       12238       12239       12240       12241       12242
       12243       12244       12245       12246       12247       12248
       12249       12250       12251       12252       12253       12254
       12255       12256       12257       12258       12259       12260
       12261       12262       12263       12264       12265       12266
       12267       12268       12269       12270       12271       12272
       12273       12274       12275       12276       12277       12278
       12279       12280       12281       12282       12283       12284
       12285       12286       12287       12288       12289       12290
       12291       12292       12293       12294       12295       12296
       12297       12298       12299       12300       12301       12302
       12303       12304       12305       12306       12307       12308
       12309       12310       12311       12312       12313       12314
       12315       12316       12317       12318       12319       12320
       12321       12322       12323       12324       12325       12326
       12327       12328       12329       12330       12331       12332
       12333       12334       12335       12336       12337       12338
       12339       12340       12341       12342       12343       12344
       12345       12346       12347       12348       12349       12350
       12351       12352       12353       12354       12355       12356
       12357       12358       12359       12360       12361       12362
       12363       12364       12365       12366       12367       12368
       12369       12370       12371       12372       12373       12374
       12375       12376       12377       12378       12379       12380
       12381       12382       12383       12384       12385       12386
       12387       12388       12389       12390       12391       12392
       12393       12394       12395       12396       12397       12398
       12399       12400       12401       12402       12403       12404
       12405       12406       12407       12408       12409       12410
       12411       12412       12413       12414       12415       12416
       12417       12418       12419       12420       12421       12422
       12423       12424       12425       12426       12427       12428
       12429       12430       12431       12432       12433       12434
       12435       12436       12437       12438       12439       12440
       12441       12442       12443       12444       12445       12446
       12447       12448       12449       12450       12451       12452
       12453       12454       12455       12456       12457       12458
       12459       12460       12461       12462       12463       12464
       12465       12466       12467       12468       12469       12470
       12471       12472       12473       12474       12475       12476
       12477       12478       12479       12480       12481       12482
       12483       12484       12485       12486       12487       12488
       12489       12490       12491       12492       12493       12494
       12495       12496       12497       12498       12499       12500
       12501       12502       12503       12504       12505       12506
       12507       12508       12509       12510       12511       12512
       12513       12514       12515       12516       12517       12518
       12519       12520       12521       12522       12523       12524
       12525       12526       12527       12528       12529       12530
       12531       12532       12533       12534       12535       12536
       12537       12538       12539       12540       12541       12542
       12543       12544       12545       12546       12547       12548
       12549       12550       12551       12552       12553       12554
       12555       12556       12557       12558       12559       12560
       12561       12562       12563       12564       12565       12566
       12567       12568       12569       12570       12571       12572
       12573       12574       12575       12576       12577       12578
       12579       12580       12581       12582       12583       12584
       12585       12586       12587       12588       12589       12590
       12591       12592       12593       12594       12595       12596
       12597       12598       12599       12600       12601       12602
       12603       12604       12605       12606       12607       12608
       12609       12610       12611       12612       12613       12614
       12615       12616       12617       12618       12619       12620
       12621       12622       12623       12624       12625       12626
       12627       12628       12629       12630       12631       12632
       12633       12634       12635       12636       12637       12638
       12639       12640       12641       12642       12643       12644
       12645       12646       12647       12648       12649       12650
       12651       12652       12653       12654       12655       12656
       12657       12658       12659       12660       12661       12662
       12663       12664       12665       12666       12667       12668
       12669       12670       12671       12672       12673       12674
       12675       12676       12677       12678       12679       12680
       12681       12682       12683       12684       12685       12686
       12687       12688       12689       12690       12691       12692
       12693       12694       12695       12696       12697       12698
       12699       12700       12701       12702       12703       12704
       12705       12706       12707       12708       12709       12710
       12711       12712       12713       12714       12715       12716
       12717       12718       12719       12720       12721       12722
       12723       12724       12725       12726       12727       12728
       12729       12730       12731       12732       12733       12734
       12735       12736       12737       12738       12739       12740
       12741       12742       12743       12744       12745       12746
       12747       12748       12749       12750       12751       12752
       12753       12754       12755       12756       12757       12758
       12759       12760       12761       12762       12763       12764
       12765       12766       12767       12768       12769       12770
       12771       12772       12773       12774       12775       12776
       12777       12778       12779       12780       12781       12782
       12783       12784       12785       12786       12787       12788
       12789       12790       12791       12792       12793       12794
       12795       12796       12797       12798       12799       12800
       12801       12802       12803       12804       12805       12806
       12807       12808       12809       12810       12811       12812
       12813       12814       12815       12816       12817       12818
       12819       12820       12821       12822       12823       12824
       12825       12826       12827       12828       12829       12830
       12831       12832       12833       12834       12835       12836
       12837       12838       12839       12840       12841       12842
       12843       12844       12845
           3
           0           2           3
           1         508        1276        1538
         198        5976        5977        5978        5979        5980
        5981         221        6729        6730        6731        6732
        6733        6734        6735        6736        6737        6738
        6739        6740        6741        6742        6743        6744
        6745        6746        6747        6748        6749        6750
        6751        6752        6753        6754        6755        6756
        6757        6758        6759        6760        6761        6762
        6763        6764        6765        6766        6767        6768
         244        7445        7446        7447        7448        7449
        7450        7451        7452        7453        7454        7455
        7456        7457        7458        7459        7460        7461
        7462        7463        7464        7465        7466        7467
        7468        7469        7470        7471        7472        7473
        7474        7475        7476        7477        7478        7479
        7480        7481        7482        7483        7484         264
        8063        8064        8065        8066        8067        8068
        8069        8070        8071        8072        8073        8074
        8075        8076        8077        8078        8079        8080
        8081        8082        8083        8084        8085        8086
        8087        8088        8089        8090        8091        8092
        8093        8094        8095        8096        8097        8098
        8099        8100         282        8628        8629        8630
        8631        8632        8633        8634        8635        8636
        8637        8638        8639        8640        8641        8642
        8643        8644        8645        8646        8647        8648
        8649        8650        8651        8652        8653        8654
        8655        8656        8657        8658        8659        8660
        8661         299        9150        9151        9152        9153
        9154        9155        9156        9157        9158        9159
        9160        9161        9162        9163        9164        9165
        9166        9167        9168        9169        9170        9171
        9172        9173        9174        9175        9176        9177
        9178        9179        9180        9181         314        9613
        9614        9615        9616        9617        9618        9619
        9620        9621        9622        9623        9624        9625
        9626        9627        9628        9629        9630        9631
        9632        9633        9634        9635        9636        9637
        9638        9639        9640        9641        9642        9643
        9644        9645        9646        9647        9648         326
        9986        9987        9988        9989        9990        9991
        9992        9993        9994        9995        9996        9997
        9998        9999       10000       10001       10002       10003
       10004       10005       10006       10007       10008       10009
       10010       10011       10012       10013       10014       10015
       10016       10017       10018       10019       10020       10021
       10022       10023       10024       10025         337       10357
       10358       10359       10360       10361       10362       10363
       10364       10365       10366       10367       10368       10369
       10370       10371       10372       10373       10374       10375
       10376       10377       10378       10379       10380       10381
       10382       10383       10384       10385       10386       10387
       10388       10389       10390       10391       10392       10393
       10394       10395       10396         348       10723       10724
       10725       10726       10727       10728       10729       10730
       10731       10732       10733       10734       10735       10736
       10737       10738       10739       10740       10741       10742
       10743       10744       10745       10746       10747       10748
       10749       10750       10751       10752       10753       10754
       10755       10756       10757       10758       10759       10760
       10761         350       10801       10802       10803       10804
       10805       10806       10807       10808       10809       10810
       10811       10812       10813       10814       10815       10816
       10817       10818       10819       10820       10821       10822
       10823       10824       10825       10826       10827       10828
       10829       10830       10831       10832       10833       10834
       10835       10836       10837       10838       10839         358
       11030       11031       11032       11033       11034       11035
       11036       11037       11038       11039       11040       11041
       11042       11043       11044       11045       11046       11047
       11048       11049       11050       11051       11052       11053
       11054       11055       11056       11057       11058       11059
       11060       11061       11062       11063       11064       11065
       11066         364       11174       11175       11176       11177
       11178       11179       11180       11181       11182       11183
       11184       11185       11186       11187       11188       11189
       11190       11191       11192       11193       11194       11195
       11196       11197       11198       11199       11200       11201
       11202       11203       11204       11205       11206         368
       11262       11263       11264       11265       11266       11267
       11268       11269       11270       11271       11272       11273
       11274       11275       11276       11277       11278       11279
       11280         370       11300       11301       11302       11303
       11304       11305       11306       11307       11308       11309
       11310       11311       11312       11313       11314       11315
       11316       11317       11318          12         540         541
         542         543         544         545         546         547
         548         549         550         551         552         553
         554          30         858         859         860         861
         862         863         864         865         866         867
         868         869         870         871         872         873
         874         875         876         877         878         879
         880         881         882         883         884         885
         886         887         888         889         890          49
        1367        1368        1369        1370        1371        1372
        1373        1374        1375        1376        1377        1378
        1379        1380        1381        1382        1383        1384
        1385        1386        1387        1388        1389        1390
        1391        1392        1393        1394        1395        1396
        1397        1398        1399        1400        1401        1402
        1403        1404          67        1891        1892        1893
        1894        1895        1896        1897        1898        1899
        1900        1901        1902        1903        1904        1905
        1906        1907        1908        1909        1910        1911
        1912        1913        1914        1915        1916        1917
        1918        1919        1920        1921        1922        1923
        1924        1925        1926        1927        1928        1929
          82        2311        2312        2313        2314        2315
        2316        2317        2318        2319        2320        2321
        2322        2323        2324        2325        2326        2327
        2328        2329        2330        2331        2332        2333
        2334        2335        2336        2337        2338        2339
        2340        2341        2342        2343        2344        2345
        2346        2347        2348        2349          83        2350
        2351        2352        2353        2354        2355        2356
        2357        2358        2359        2360        2361        2362
        2363        2364        2365        2366        2367        2368
        2369        2370        2371        2372        2373        2374
        2375        2376        2377        2378        2379        2380
        2381        2382        2383        2384        2385        2386
        2387        2388          96        2699        2700        2701
        2702        2703        2704        2705        2706        2707
        2708        2709        2710        2711        2712        2713
        2714        2715        2716        2717        2718        2719
        2720        2721        2722        2723        2724        2725
        2726        2727        2728        2729        2730        2731
        2732        2733        2734        2735        2736         108
        3045        3046        3047        3048        3049        3050
        3051        3052        3053        3054        3055        3056
        3057        3058        3059        3060        3061        3062
        3063        3064        3065        3066        3067        3068
        3069        3070        3071        3072        3073        3074
        3075        3076        3077        3078        3079        3080
        3081         119        3379        3380        3381        3382
        3383        3384        3385        3386        3387        3388
        3389        3390        3391        3392        3393        3394
        3395        3396        3397        3398        3399        3400
        3401        3402        3403        3404        3405        3406
        3407        3408        3409        3410        3411        3412
        3413        3414         132        3797        3798        3799
        3800        3801        3802        3803        3804        3805
        3806        3807        3808        3809        3810        3811
        3812        3813        3814        3815        3816        3817
        3818        3819        3820        3821        3822        3823
        3824        3825        3826        3827        3828         145
        4200        4201        4202        4203        4204        4205
        4206        4207        4208        4209        4210        4211
        4212        4213        4214        4215        4216        4217
        4218        4219        4220        4221        4222        4223
        4224        4225        4226        4227        4228        4229
        4230        4231        4232        4233        4234        4235
         152        4440        4441        4442        4443        4444
        4445        4446        4447        4448        4449        4450
        4451        4452        4453        4454        4455        4456
        4457        4458        4459        4460        4461        4462
        4463        4464        4465        4466        4467        4468
        4469        4470        4471        4472        4473         153
        4474        4475        4476        4477        4478        4479
        4480        4481        4482        4483        4484        4485
        4486        4487        4488        4489        4490        4491
        4492        4493        4494        4495        4496        4497
        4498        4499        4500        4501        4502        4503
        4504        4505         160        4682        4683        4684
        4685        4686        4687        4688        4689        4690
        4691        4692        4693        4694        4695        4696
        4697        4698        4699        4700        4701        4702
        4703        4704        4705        4706        4707        4708
        4709        4710        4711        4712        4713        4714
        4715        4716        4717        4718        4719        4720
         171        5084        5085        5086        5087        5088
        5089        5090        5091        5092        5093        5094
        5095        5096        5097        5098        5099        5100
        5101        5102        5103        5104        5105        5106
        5107        5108        5109        5110        5111        5112
        5113        5114        5115        5116        5117        5118
         179        5324        5325        5326        5327        5328
        5329        5330        5331        5332        5333        5334
        5335        5336        5337        5338        5339        5340
        5341        5342        5343        5344        5345        5346
        5347        5348        5349        5350        5351        5352
        5353        5354        5355        5356        5357        5358
        5359        5360        5361        5362        5363        5364
        5365         180        5366        5367        5368        5369
        5370        5371        5372        5373        5374        5375
        5376        5377        5378        5379        5380        5381
        5382        5383        5384        5385        5386        5387
        5388        5389        5390        5391        5392        5393
        5394        5395        5396        5397        5398        5399
        5400        5401        5402        5403        5404        5405
         191        5769        5770        5771        5772        5773
        5774        5775        5776        5777        5778        5779
        5780        5781        5782        5783        5784        5785
        5786        5787        5788        5789        5790        5791
        5792        5793        5794        5795        5796        5797
        5798        5799         201        6048        6049        6050
        6051        6052        6053        6054        6055        6056
        6057        6058        6059        6060        6061        6062
        6063        6064        6065        6066        6067        6068
        6069        6070        6071        6072        6073        6074
        6075        6076        6077        6078        6079        6080
        6081        6082        6083         210        6363        6364
        6365        6366        6367        6368        6369        6370
        6371        6372        6373        6374        6375        6376
        6377        6378        6379        6380        6381        6382
        6383        6384        6385        6386        6387        6388
        6389        6390        6391        6392        6393        6394
        6395        6396        6397        6398        6399        6400
         214        6519        6520        6521        6522        6523
        6524        6525        6526        6527        6528        6529
        6530        6531        6532        6533        6534        6535
        6536        6537        6538        6539        6540        6541
        6542        6543        6544        6545        6546        6547
        6548        6549        6550        6551        6552        6553
        6554        6555        6556         139        4032        4033
        4034        4035        4036        4037        4038        4039
        4040        4041        4042        4043        4044        4045
        4046        4047        4048        4049        4050        4051
        4052        4053        4054        4055        4056        4057
        4058        4059         151        4400        4401        4402
        4403        4404        4405        4406        4407        4408
        4409        4410        4411        4412        4413        4414
        4415        4416        4417        4418        4419        4420
        4421        4422        4423        4424        4425        4426
        4427        4428        4429        4430        4431        4432
        4433        4434        4435        4436        4437        4438
        4439         165        4848        4849        4850        4851
        4852        4853        4854        4855        4856        4857
        4858        4859        4860        4861        4862        4863
        4864        4865        4866        4867        4868        4869
        4870        4871        4872        4873        4874        4875
        4876        4877        4878        4879        4880        4881
        4882        4883        4884        4885        4886        4887
         166        4888        4889        4890        4891        4892
        4893        4894        4895        4896        4897        4898
        4899        4900        4901        4902        4903        4904
        4905        4906        4907        4908        4909        4910
        4911        4912        4913        4914        4915        4916
        4917        4918        4919        4920        4921        4922
        4923        4924         167        4925        4926        4927
        4928        4929        4930        4931        4932        4933
        4934        4935        4936        4937        4938        4939
        4940        4941        4942        4943        4944        4945
        4946        4947        4948        4949        4950        4951
        4952        4953        4954        4955        4956        4957
        4958        4959        4960        4961        4962        4963
        4964         168        4965        4966        4967        4968
        4969        4970        4971        4972        4973        4974
        4975        4976        4977        4978        4979        4980
        4981        4982        4983        4984        4985        4986
        4987        4988        4989        4990        4991        4992
        4993        4994        4995        4996        4997        4998
        4999        5000        5001        5002        5003        5004
         177        5258        5259        5260        5261        5262
        5263        5264        5265        5266        5267        5268
        5269        5270        5271        5272        5273        5274
        5275        5276        5277        5278        5279        5280
        5281        5282        5283        5284        5285        5286
        5287
