           0
           3
           1           3           4
           1          16          19          41
         327         328         329         330         331         332
         333         334         335         336         337         338
         339         340         341         342         343         344
         345         346         347         348         349         350
         351         352         353         354         355         356
         357         358         359         360         361         362
         363         364         365         366
           3
           1           3           4
           1          17          20          42
         154         176         198         218         235         251
         265         277         288         296         304         306
         314         320         324         326          71          87
         102           6          15          29          36          48
          60          75          90         104         115         124
         125         137         144         145         163         184
         186         187         208         226         243
           3
           1           3           4
           1         508         546        1313
       11560       11561       11562       11563       11564       11565
       11566       11567       11568       11569       11570       11571
       11572       11573       11574       11575       11576       11577
       11578       11579       11580       11581       11582       11583
       11584       11585       11586       11587       11588       11589
       11590       11591       11592       11593       11594       11595
       11596       11597       11598       11599       11600       11601
       11602       11603       11604       11605       11606       11607
       11608       11609       11610       11611       11612       11613
       11614       11615       11616       11617       11618       11619
       11620       11621       11622       11623       11624       11625
       11626       11627       11628       11629       11630       11631
       11632       11633       11634       11635       11636       11637
       11638       11639       11640       11641       11642       11643
       11644       11645       11646       11647       11648       11649
       11650       11651       11652       11653       11654       11655
       11656       11657       11658       11659       11660       11661
       11662       11663       11664       11665       11666       11667
       11668       11669       11670       11671       11672       11673
       11674       11675       11676       11677       11678       11679
       11680       11681       11682       11683       11684       11685
       11686       11687       11688       11689       11690       11691
       11692       11693       11694       11695       11696       11697
       11698       11699       11700       11701       11702       11703
       11704       11705       11706       11707       11708       11709
       11710       11711       11712       11713       11714       11715
       11716       11717       11718       11719       11720       11721
       11722       11723       11724       11725       11726       11727
       11728       11729       11730       11731       11732       11733
       11734       11735       11736       11737       11738       11739
       11740       11741       11742       11743       11744       11745
       11746       11747       11748       11749       11750       11751
       11752       11753       11754       11755       11756       11757
       11758       11759       11760       11761       11762       11763
       11764       11765       11766       11767       11768       11769
       11770       11771       11772       11773       11774       11775
       11776       11777       11778       11779       11780       11781
       11782       11783       11784       11785       11786       11787
       11788       11789       11790       11791       11792       11793
       11794       11795       11796       11797       11798       11799
       11800       11801       11802       11803       11804       11805
       11806       11807       11808       11809       11810       11811
       11812       11813       11814       11815       11816       11817
       11818       11819       11820       11821       11822       11823
       11824       11825       11826       11827       11828       11829
       11830       11831       11832       11833       11834       11835
       11836       11837       11838       11839       11840       11841
       11842       11843       11844       11845       11846       11847
       11848       11849       11850       11851       11852       11853
       11854       11855       11856       11857       11858       11859
       11860       11861       11862       11863       11864       11865
       11866       11867       11868       11869       11870       11871
       11872       11873       11874       11875       11876       11877
       11878       11879       11880       11881       11882       11883
       11884       11885       11886       11887       11888       11889
       11890       11891       11892       11893       11894       11895
       11896       11897       11898       11899       11900       11901
       11902       11903       11904       11905       11906       11907
       11908       11909       11910       11911       11912       11913
       11914       11915       11916       11917       11918       11919
       11920       11921       11922       11923       11924       11925
       11926       11927       11928       11929       11930       11931
       11932       11933       11934       11935       11936       11937
       11938       11939       11940       11941       11942       11943
       11944       11945       11946       11947       11948       11949
       11950       11951       11952       11953       11954       11955
       11956       11957       11958       11959       11960       11961
       11962       11963       11964       11965       11966       11967
       11968       11969       11970       11971       11972       11973
       11974       11975       11976       11977       11978       11979
       11980       11981       11982       11983       11984       11985
       11986       11987       11988       11989       11990       11991
       11992       11993       11994       11995       11996       11997
       11998       11999       12000       12001       12002       12003
       12004       12005       12006       12007       12008       12009
       12010       12011       12012       12013       12014       12015
       12016       12017       12018       12019       12020       12021
       12022       12023       12024       12025       12026       12027
       12028       12029       12030       12031       12032       12033
       12034       12035       12036       12037       12038       12039
       12040       12041       12042       12043       12044       12045
       12046       12047       12048       12049       12050       12051
       12052       12053       12054       12055       12056       12057
       12058       12059       12060       12061       12062       12063
       12064       12065       12066       12067       12068       12069
       12070       12071       12072       12073       12074       12075
       12076       12077       12078       12079       12080       12081
       12082       12083       12084       12085       12086       12087
       12088       12089       12090       12091       12092       12093
       12094       12095       12096       12097       12098       12099
       12100       12101       12102       12103       12104       12105
       12106       12107       12108       12109       12110       12111
       12112       12113       12114       12115       12116       12117
       12118       12119       12120       12121       12122       12123
       12124       12125       12126       12127       12128       12129
       12130       12131       12132       12133       12134       12135
       12136       12137       12138       12139       12140       12141
       12142       12143       12144       12145       12146       12147
       12148       12149       12150       12151       12152       12153
       12154       12155       12156       12157       12158       12159
       12160       12161       12162       12163       12164       12165
       12166       12167       12168       12169       12170       12171
       12172       12173       12174       12175       12176       12177
       12178       12179       12180       12181       12182       12183
       12184       12185       12186       12187       12188       12189
       12190       12191       12192       12193       12194       12195
       12196       12197       12198       12199       12200       12201
       12202       12203       12204       12205       12206       12207
       12208       12209       12210       12211       12212       12213
       12214       12215       12216       12217       12218       12219
       12220       12221       12222       12223       12224       12225
       12226       12227       12228       12229       12230       12231
       12232       12233       12234       12235       12236       12237
       12238       12239       12240       12241       12242       12243
       12244       12245       12246       12247       12248       12249
       12250       12251       12252       12253       12254       12255
       12256       12257       12258       12259       12260       12261
       12262       12263       12264       12265       12266       12267
       12268       12269       12270       12271       12272       12273
       12274       12275       12276       12277       12278       12279
       12280       12281       12282       12283       12284       12285
       12286       12287       12288       12289       12290       12291
       12292       12293       12294       12295       12296       12297
       12298       12299       12300       12301       12302       12303
       12304       12305       12306       12307       12308       12309
       12310       12311       12312       12313       12314       12315
       12316       12317       12318       12319       12320       12321
       12322       12323       12324       12325       12326       12327
       12328       12329       12330       12331       12332       12333
       12334       12335       12336       12337       12338       12339
       12340       12341       12342       12343       12344       12345
       12346       12347       12348       12349       12350       12351
       12352       12353       12354       12355       12356       12357
       12358       12359       12360       12361       12362       12363
       12364       12365       12366       12367       12368       12369
       12370       12371       12372       12373       12374       12375
       12376       12377       12378       12379       12380       12381
       12382       12383       12384       12385       12386       12387
       12388       12389       12390       12391       12392       12393
       12394       12395       12396       12397       12398       12399
       12400       12401       12402       12403       12404       12405
       12406       12407       12408       12409       12410       12411
       12412       12413       12414       12415       12416       12417
       12418       12419       12420       12421       12422       12423
       12424       12425       12426       12427       12428       12429
       12430       12431       12432       12433       12434       12435
       12436       12437       12438       12439       12440       12441
       12442       12443       12444       12445       12446       12447
       12448       12449       12450       12451       12452       12453
       12454       12455       12456       12457       12458       12459
       12460       12461       12462       12463       12464       12465
       12466       12467       12468       12469       12470       12471
       12472       12473       12474       12475       12476       12477
       12478       12479       12480       12481       12482       12483
       12484       12485       12486       12487       12488       12489
       12490       12491       12492       12493       12494       12495
       12496       12497       12498       12499       12500       12501
       12502       12503       12504       12505       12506       12507
       12508       12509       12510       12511       12512       12513
       12514       12515       12516       12517       12518       12519
       12520       12521       12522       12523       12524       12525
       12526       12527       12528       12529       12530       12531
       12532       12533       12534       12535       12536       12537
       12538       12539       12540       12541       12542       12543
       12544       12545       12546       12547       12548       12549
       12550       12551       12552       12553       12554       12555
       12556       12557       12558       12559       12560       12561
       12562       12563       12564       12565       12566       12567
       12568       12569       12570       12571       12572       12573
       12574       12575       12576       12577       12578       12579
       12580       12581       12582       12583       12584       12585
       12586       12587       12588       12589       12590       12591
       12592       12593       12594       12595       12596       12597
       12598       12599       12600       12601       12602       12603
       12604       12605       12606       12607       12608       12609
       12610       12611       12612       12613       12614       12615
       12616       12617       12618       12619       12620       12621
       12622       12623       12624       12625       12626       12627
       12628       12629       12630       12631       12632       12633
       12634       12635       12636       12637       12638       12639
       12640       12641       12642       12643       12644       12645
       12646       12647       12648       12649       12650       12651
       12652       12653       12654       12655       12656       12657
       12658       12659       12660       12661       12662       12663
       12664       12665       12666       12667       12668       12669
       12670       12671       12672       12673       12674       12675
       12676       12677       12678       12679       12680       12681
       12682       12683       12684       12685       12686       12687
       12688       12689       12690       12691       12692       12693
       12694       12695       12696       12697       12698       12699
       12700       12701       12702       12703       12704       12705
       12706       12707       12708       12709       12710       12711
       12712       12713       12714       12715       12716       12717
       12718       12719       12720       12721       12722       12723
       12724       12725       12726       12727       12728       12729
       12730       12731       12732       12733       12734       12735
       12736       12737       12738       12739       12740       12741
       12742       12743       12744       12745       12746       12747
       12748       12749       12750       12751       12752       12753
       12754       12755       12756       12757       12758       12759
       12760       12761       12762       12763       12764       12765
       12766       12767       12768       12769       12770       12771
       12772       12773       12774       12775       12776       12777
       12778       12779       12780       12781       12782       12783
       12784       12785       12786       12787       12788       12789
       12790       12791       12792       12793       12794       12795
       12796       12797       12798       12799       12800       12801
       12802       12803       12804       12805       12806       12807
       12808       12809       12810       12811       12812       12813
       12814       12815       12816       12817       12818       12819
       12820       12821       12822       12823       12824       12825
       12826       12827       12828       12829       12830       12831
       12832       12833       12834       12835       12836       12837
       12838       12839       12840       12841       12842       12843
       12844       12845       12846       12847       12848       12849
       12850       12851       12852       12853       12854       12855
       12856       12857       12858       12859       12860       12861
       12862       12863       12864       12865       12866       12867
       12868       12869       12870       12871
           3
           1           3           4
           1         570         636        1344
         154        5501        5502        5503        5504        5505
        5506        5507        5508        5509        5510        5511
        5512        5513        5514        5515        5516        5517
        5518        5519        5520        5521        5522        5523
        5524        5525         176        6347        6348        6349
        6350        6351        6352        6353        6354        6355
        6356        6357        6358        6359        6360        6361
        6362        6363        6364        6365        6366        6367
        6368        6369        6370        6371        6372        6373
        6374        6375        6376        6377        6378        6379
        6380        6381        6382        6383        6384        6385
        6386         198        7193        7194        7195        7196
        7197        7198        7199        7200        7201        7202
        7203        7204        7205        7206        7207        7208
        7209        7210        7211        7212        7213        7214
        7215        7216        7217        7218        7219        7220
        7221        7222        7223        7224        7225        7226
        7227        7228        7229        7230        7231        7232
         218        7942        7943        7944        7945        7946
        7947        7948        7949        7950        7951        7952
        7953        7954        7955        7956        7957        7958
        7959        7960        7961        7962        7963        7964
        7965        7966        7967        7968        7969        7970
        7971        7972        7973        7974        7975        7976
        7977        7978        7979         235        8577        8578
        8579        8580        8581        8582        8583        8584
        8585        8586        8587        8588        8589        8590
        8591        8592        8593        8594        8595        8596
        8597        8598        8599        8600        8601        8602
        8603        8604        8605        8606        8607        8608
        8609        8610        8611        8612         251        9138
        9139        9140        9141        9142        9143        9144
        9145        9146        9147        9148        9149        9150
        9151        9152        9153        9154        9155        9156
        9157        9158        9159        9160        9161        9162
        9163        9164        9165        9166        9167        9168
        9169        9170        9171        9172         265        9629
        9630        9631        9632        9633        9634        9635
        9636        9637        9638        9639        9640        9641
        9642        9643        9644        9645        9646        9647
        9648        9649        9650        9651        9652        9653
        9654        9655        9656        9657        9658        9659
        9660        9661        9662        9663        9664        9665
         277       10042       10043       10044       10045       10046
       10047       10048       10049       10050       10051       10052
       10053       10054       10055       10056       10057       10058
       10059       10060       10061       10062       10063       10064
       10065       10066       10067       10068       10069       10070
       10071       10072       10073       10074       10075       10076
       10077       10078       10079       10080       10081         288
       10422       10423       10424       10425       10426       10427
       10428       10429       10430       10431       10432       10433
       10434       10435       10436       10437       10438       10439
       10440       10441       10442       10443       10444       10445
       10446       10447       10448       10449       10450       10451
       10452       10453       10454       10455       10456       10457
       10458       10459       10460       10461         296       10690
       10691       10692       10693       10694       10695       10696
       10697       10698       10699       10700       10701       10702
       10703       10704       10705       10706       10707       10708
       10709       10710       10711       10712       10713       10714
       10715       10716       10717       10718       10719       10720
       10721       10722       10723       10724       10725       10726
       10727       10728         304       10949       10950       10951
       10952       10953       10954       10955       10956       10957
       10958       10959       10960       10961       10962       10963
       10964       10965       10966       10967       10968       10969
       10970       10971       10972       10973       10974       10975
       10976       10977       10978       10979       10980       10981
       10982       10983       10984       10985       10986         306
       11024       11025       11026       11027       11028       11029
       11030       11031       11032       11033       11034       11035
       11036       11037       11038       11039       11040       11041
       11042       11043       11044       11045       11046       11047
       11048       11049       11050       11051       11052       11053
       11054       11055       11056       11057       11058       11059
       11060       11061         314       11256       11257       11258
       11259       11260       11261       11262       11263       11264
       11265       11266       11267       11268       11269       11270
       11271       11272       11273       11274       11275       11276
       11277       11278       11279       11280       11281       11282
       11283       11284       11285       11286       11287       11288
       11289       11290       11291       11292         320       11419
       11420       11421       11422       11423       11424       11425
       11426       11427       11428       11429       11430       11431
       11432       11433       11434       11435       11436       11437
       11438       11439       11440       11441       11442       11443
       11444       11445       11446       11447       11448       11449
       11450         324       11511       11512       11513       11514
       11515       11516       11517       11518       11519       11520
       11521       11522       11523       11524       11525       11526
       11527       11528       11529       11530       11531       11532
       11533         326       11545       11546       11547       11548
       11549       11550       11551       11552       11553       11554
       11555       11556       11557       11558       11559          71
        2574        2575        2576        2577        2578        2579
        2580        2581        2582        2583        2584        2585
        2586        2587        2588        2589        2590        2591
        2592        2593        2594        2595        2596        2597
          87        3202        3203        3204        3205        3206
        3207        3208        3209        3210        3211        3212
        3213        3214        3215        3216        3217        3218
        3219        3220        3221        3222        3223        3224
        3225        3226        3227        3228        3229        3230
        3231        3232        3233        3234        3235        3236
        3237         102        3807        3808        3809           6
         485         486         487         488         489         490
         491         492          15         696         697         698
         699         700         701         702         703         704
         705         706         707         708         709         710
         711         712         713         714         715         716
         717         718         719         720         721         722
         723         724         725         726         727         728
         729         730         731         732         733         734
         735         736          29        1150        1151        1152
        1153        1154        1155        1156        1157        1158
        1159        1160        1161        1162        1163        1164
        1165        1166        1167        1168        1169        1170
        1171        1172        1173        1174        1175        1176
        1177        1178        1179        1180        1181        1182
        1183        1184        1185        1186        1187        1188
        1189        1190          36        1380        1381        1382
        1383        1384        1385        1386        1387        1388
        1389        1390        1391        1392        1393        1394
        1395        1396        1397        1398        1399        1400
        1401        1402        1403        1404        1405        1406
        1407        1408        1409        1410        1411        1412
          48        1778        1779        1780        1781        1782
        1783        1784        1785        1786        1787        1788
        1789        1790        1791        1792        1793        1794
        1795        1796        1797        1798        1799        1800
        1801        1802        1803        1804        1805        1806
        1807        1808        1809        1810        1811        1812
        1813          60        2205        2206        2207        2208
        2209        2210        2211        2212        2213        2214
        2215        2216        2217        2218        2219        2220
        2221        2222        2223          75        2712        2713
        2714        2715        2716        2717        2718        2719
        2720        2721        2722        2723        2724        2725
        2726        2727        2728        2729        2730        2731
        2732        2733        2734        2735        2736        2737
        2738        2739        2740        2741        2742        2743
        2744        2745        2746          90        3315        3316
        3317        3318        3319        3320        3321        3322
        3323        3324        3325        3326        3327        3328
        3329        3330        3331        3332        3333        3334
        3335        3336        3337        3338        3339        3340
        3341        3342        3343        3344        3345        3346
        3347        3348        3349        3350        3351        3352
         104        3852        3853        3854        3855        3856
        3857        3858        3859        3860        3861        3862
        3863        3864        3865        3866        3867        3868
        3869        3870        3871        3872        3873        3874
        3875        3876        3877        3878        3879        3880
        3881        3882        3883        3884        3885        3886
        3887        3888        3889         115        4251        4252
        4253        4254        4255        4256        4257        4258
        4259        4260        4261        4262        4263        4264
        4265        4266        4267        4268        4269        4270
        4271        4272        4273        4274        4275        4276
        4277        4278        4279        4280        4281        4282
        4283        4284        4285         124        4572        4573
        4574        4575        4576        4577        4578        4579
        4580        4581        4582        4583        4584        4585
        4586        4587        4588        4589        4590        4591
        4592        4593        4594        4595        4596        4597
        4598        4599        4600        4601        4602        4603
        4604        4605        4606        4607        4608        4609
        4610         125        4611        4612        4613        4614
        4615        4616        4617        4618        4619        4620
        4621        4622        4623        4624        4625        4626
        4627        4628        4629        4630        4631        4632
        4633        4634        4635        4636        4637        4638
        4639        4640        4641        4642        4643        4644
        4645        4646         137        4975        4976        4977
        4978        4979        4980        4981        4982        4983
        4984        4985        4986        4987        4988        4989
        4990        4991        4992        4993        4994        4995
        4996        4997        4998        4999        5000        5001
        5002        5003        5004        5005        5006        5007
        5008        5009        5010        5011         144        5232
        5233        5234        5235        5236        5237        5238
        5239        5240        5241        5242        5243        5244
        5245        5246        5247        5248        5249        5250
        5251        5252        5253        5254        5255         145
        5256        5257        5258        5259        5260        5261
        5262        5263        5264        5265        5266        5267
        5268        5269        5270        5271        5272        5273
         163        5825        5826        5827        5828        5829
        5830        5831        5832        5833        5834        5835
        5836        5837        5838        5839        5840        5841
        5842        5843        5844        5845        5846        5847
        5848        5849        5850        5851        5852        5853
        5854        5855        5856        5857         184        6649
        6650        6651        6652        6653        6654        6655
        6656        6657        6658        6659        6660        6661
        6662        6663        6664        6665        6666        6667
        6668        6669        6670        6671        6672         186
        6713        6714        6715        6716        6717        6718
        6719        6720        6721        6722        6723        6724
        6725        6726        6727        6728        6729        6730
        6731        6732        6733        6734        6735        6736
        6737        6738        6739        6740        6741        6742
        6743        6744        6745        6746        6747         187
        6748        6749        6750        6751        6752        6753
        6754        6755        6756        6757        6758        6759
        6760        6761        6762        6763        6764        6765
        6766        6767        6768        6769        6770        6771
        6772        6773        6774        6775        6776        6777
        6778        6779        6780        6781        6782        6783
         208        7552        7553        7554        7555        7556
        7557        7558        7559        7560        7561        7562
        7563        7564        7565        7566        7567        7568
        7569        7570        7571        7572        7573        7574
        7575        7576        7577        7578        7579        7580
        7581        7582        7583        7584        7585        7586
         226        8237        8238        8239        8240        8241
        8242        8243        8244        8245        8246        8247
        8248        8249        8250        8251        8252        8253
        8254        8255        8256        8257        8258        8259
        8260        8261        8262        8263        8264        8265
        8266        8267        8268        8269        8270        8271
         243        8870        8871        8872        8873        8874
        8875        8876        8877        8878        8879
