           4
           3
           0           2           5
           1          23          28          39
         339         340         341         342         343         344
         345         346         347         348         349         350
         351         352         353         354         355         356
         357         358         359         360         361         362
         363         364         365         366         367         368
         369         370         371         372         373         374
         375         376
           3
           0           2           5
           1          23          27          39
         133         134         156         178         200         223
         244         263         280         294         295         307
         308         310         317         318         323         325
         330         334         337         338          26          27
          28          29           4          20          37          50
          51          56          67          68          69          71
          75          95
           3
           0           2           5
           1         709         883        1271
       11512       11513       11514       11515       11516       11517
       11518       11519       11520       11521       11522       11523
       11524       11525       11526       11527       11528       11529
       11530       11531       11532       11533       11534       11535
       11536       11537       11538       11539       11540       11541
       11542       11543       11544       11545       11546       11547
       11548       11549       11550       11551       11552       11553
       11554       11555       11556       11557       11558       11559
       11560       11561       11562       11563       11564       11565
       11566       11567       11568       11569       11570       11571
       11572       11573       11574       11575       11576       11577
       11578       11579       11580       11581       11582       11583
       11584       11585       11586       11587       11588       11589
       11590       11591       11592       11593       11594       11595
       11596       11597       11598       11599       11600       11601
       11602       11603       11604       11605       11606       11607
       11608       11609       11610       11611       11612       11613
       11614       11615       11616       11617       11618       11619
       11620       11621       11622       11623       11624       11625
       11626       11627       11628       11629       11630       11631
       11632       11633       11634       11635       11636       11637
       11638       11639       11640       11641       11642       11643
       11644       11645       11646       11647       11648       11649
       11650       11651       11652       11653       11654       11655
       11656       11657       11658       11659       11660       11661
       11662       11663       11664       11665       11666       11667
       11668       11669       11670       11671       11672       11673
       11674       11675       11676       11677       11678       11679
       11680       11681       11682       11683       11684       11685
       11686       11687       11688       11689       11690       11691
       11692       11693       11694       11695       11696       11697
       11698       11699       11700       11701       11702       11703
       11704       11705       11706       11707       11708       11709
       11710       11711       11712       11713       11714       11715
       11716       11717       11718       11719       11720       11721
       11722       11723       11724       11725       11726       11727
       11728       11729       11730       11731       11732       11733
       11734       11735       11736       11737       11738       11739
       11740       11741       11742       11743       11744       11745
       11746       11747       11748       11749       11750       11751
       11752       11753       11754       11755       11756       11757
       11758       11759       11760       11761       11762       11763
       11764       11765       11766       11767       11768       11769
       11770       11771       11772       11773       11774       11775
       11776       11777       11778       11779       11780       11781
       11782       11783       11784       11785       11786       11787
       11788       11789       11790       11791       11792       11793
       11794       11795       11796       11797       11798       11799
       11800       11801       11802       11803       11804       11805
       11806       11807       11808       11809       11810       11811
       11812       11813       11814       11815       11816       11817
       11818       11819       11820       11821       11822       11823
       11824       11825       11826       11827       11828       11829
       11830       11831       11832       11833       11834       11835
       11836       11837       11838       11839       11840       11841
       11842       11843       11844       11845       11846       11847
       11848       11849       11850       11851       11852       11853
       11854       11855       11856       11857       11858       11859
       11860       11861       11862       11863       11864       11865
       11866       11867       11868       11869       11870       11871
       11872       11873       11874       11875       11876       11877
       11878       11879       11880       11881       11882       11883
       11884       11885       11886       11887       11888       11889
       11890       11891       11892       11893       11894       11895
       11896       11897       11898       11899       11900       11901
       11902       11903       11904       11905       11906       11907
       11908       11909       11910       11911       11912       11913
       11914       11915       11916       11917       11918       11919
       11920       11921       11922       11923       11924       11925
       11926       11927       11928       11929       11930       11931
       11932       11933       11934       11935       11936       11937
       11938       11939       11940       11941       11942       11943
       11944       11945       11946       11947       11948       11949
       11950       11951       11952       11953       11954       11955
       11956       11957       11958       11959       11960       11961
       11962       11963       11964       11965       11966       11967
       11968       11969       11970       11971       11972       11973
       11974       11975       11976       11977       11978       11979
       11980       11981       11982       11983       11984       11985
       11986       11987       11988       11989       11990       11991
       11992       11993       11994       11995       11996       11997
       11998       11999       12000       12001       12002       12003
       12004       12005       12006       12007       12008       12009
       12010       12011       12012       12013       12014       12015
       12016       12017       12018       12019       12020       12021
       12022       12023       12024       12025       12026       12027
       12028       12029       12030       12031       12032       12033
       12034       12035       12036       12037       12038       12039
       12040       12041       12042       12043       12044       12045
       12046       12047       12048       12049       12050       12051
       12052       12053       12054       12055       12056       12057
       12058       12059       12060       12061       12062       12063
       12064       12065       12066       12067       12068       12069
       12070       12071       12072       12073       12074       12075
       12076       12077       12078       12079       12080       12081
       12082       12083       12084       12085       12086       12087
       12088       12089       12090       12091       12092       12093
       12094       12095       12096       12097       12098       12099
       12100       12101       12102       12103       12104       12105
       12106       12107       12108       12109       12110       12111
       12112       12113       12114       12115       12116       12117
       12118       12119       12120       12121       12122       12123
       12124       12125       12126       12127       12128       12129
       12130       12131       12132       12133       12134       12135
       12136       12137       12138       12139       12140       12141
       12142       12143       12144       12145       12146       12147
       12148       12149       12150       12151       12152       12153
       12154       12155       12156       12157       12158       12159
       12160       12161       12162       12163       12164       12165
       12166       12167       12168       12169       12170       12171
       12172       12173       12174       12175       12176       12177
       12178       12179       12180       12181       12182       12183
       12184       12185       12186       12187       12188       12189
       12190       12191       12192       12193       12194       12195
       12196       12197       12198       12199       12200       12201
       12202       12203       12204       12205       12206       12207
       12208       12209       12210       12211       12212       12213
       12214       12215       12216       12217       12218       12219
       12220       12221       12222       12223       12224       12225
       12226       12227       12228       12229       12230       12231
       12232       12233       12234       12235       12236       12237
       12238       12239       12240       12241       12242       12243
       12244       12245       12246       12247       12248       12249
       12250       12251       12252       12253       12254       12255
       12256       12257       12258       12259       12260       12261
       12262       12263       12264       12265       12266       12267
       12268       12269       12270       12271       12272       12273
       12274       12275       12276       12277       12278       12279
       12280       12281       12282       12283       12284       12285
       12286       12287       12288       12289       12290       12291
       12292       12293       12294       12295       12296       12297
       12298       12299       12300       12301       12302       12303
       12304       12305       12306       12307       12308       12309
       12310       12311       12312       12313       12314       12315
       12316       12317       12318       12319       12320       12321
       12322       12323       12324       12325       12326       12327
       12328       12329       12330       12331       12332       12333
       12334       12335       12336       12337       12338       12339
       12340       12341       12342       12343       12344       12345
       12346       12347       12348       12349       12350       12351
       12352       12353       12354       12355       12356       12357
       12358       12359       12360       12361       12362       12363
       12364       12365       12366       12367       12368       12369
       12370       12371       12372       12373       12374       12375
       12376       12377       12378       12379       12380       12381
       12382       12383       12384       12385       12386       12387
       12388       12389       12390       12391       12392       12393
       12394       12395       12396       12397       12398       12399
       12400       12401       12402       12403       12404       12405
       12406       12407       12408       12409       12410       12411
       12412       12413       12414       12415       12416       12417
       12418       12419       12420       12421       12422       12423
       12424       12425       12426       12427       12428       12429
       12430       12431       12432       12433       12434       12435
       12436       12437       12438       12439       12440       12441
       12442       12443       12444       12445       12446       12447
       12448       12449       12450       12451       12452       12453
       12454       12455       12456       12457       12458       12459
       12460       12461       12462       12463       12464       12465
       12466       12467       12468       12469       12470       12471
       12472       12473       12474       12475       12476       12477
       12478       12479       12480       12481       12482       12483
       12484       12485       12486       12487       12488       12489
       12490       12491       12492       12493       12494       12495
       12496       12497       12498       12499       12500       12501
       12502       12503       12504       12505       12506       12507
       12508       12509       12510       12511       12512       12513
       12514       12515       12516       12517       12518       12519
       12520       12521       12522       12523       12524       12525
       12526       12527       12528       12529       12530       12531
       12532       12533       12534       12535       12536       12537
       12538       12539       12540       12541       12542       12543
       12544       12545       12546       12547       12548       12549
       12550       12551       12552       12553       12554       12555
       12556       12557       12558       12559       12560       12561
       12562       12563       12564       12565       12566       12567
       12568       12569       12570       12571       12572       12573
       12574       12575       12576       12577       12578       12579
       12580       12581       12582       12583       12584       12585
       12586       12587       12588       12589       12590       12591
       12592       12593       12594       12595       12596       12597
       12598       12599       12600       12601       12602       12603
       12604       12605       12606       12607       12608       12609
       12610       12611       12612       12613       12614       12615
       12616       12617       12618       12619       12620       12621
       12622       12623       12624       12625       12626       12627
       12628       12629       12630       12631       12632       12633
       12634       12635       12636       12637       12638       12639
       12640       12641       12642       12643       12644       12645
       12646       12647       12648       12649       12650       12651
       12652       12653       12654       12655       12656       12657
       12658       12659       12660       12661       12662       12663
       12664       12665       12666       12667       12668       12669
       12670       12671       12672       12673       12674       12675
       12676       12677       12678       12679       12680       12681
       12682       12683       12684       12685       12686       12687
       12688       12689       12690       12691       12692       12693
       12694       12695       12696       12697       12698       12699
       12700       12701       12702       12703       12704       12705
       12706       12707       12708       12709       12710       12711
       12712       12713       12714       12715       12716       12717
       12718       12719       12720       12721       12722       12723
       12724       12725       12726       12727       12728       12729
       12730       12731       12732       12733       12734       12735
       12736       12737       12738       12739       12740       12741
       12742       12743       12744       12745       12746       12747
       12748       12749       12750       12751       12752       12753
       12754       12755       12756       12757       12758       12759
       12760       12761       12762       12763       12764       12765
       12766       12767       12768       12769       12770       12771
       12772       12773       12774       12775       12776       12777
       12778       12779       12780       12781
           3
           0           2           5
           1         768         902        1315
         133        4593        4594        4595         134        4596
        4597        4598        4599        4600        4601        4602
        4603        4604        4605        4606        4607        4608
        4609        4610        4611        4612        4613        4614
        4615        4616        4617        4618        4619        4620
        4621        4622        4623        4624        4625        4626
        4627        4628        4629        4630        4631        4632
        4633        4634         156        5299        5300        5301
        5302        5303        5304        5305        5306        5307
        5308        5309        5310        5311        5312        5313
        5314        5315        5316        5317        5318        5319
        5320        5321        5322        5323        5324        5325
        5326        5327        5328        5329        5330        5331
        5332        5333        5334        5335        5336        5337
        5338         178        5953        5954        5955        5956
        5957        5958        5959        5960        5961        5962
        5963        5964        5965        5966        5967        5968
        5969        5970        5971        5972        5973        5974
        5975        5976        5977        5978        5979        5980
        5981        5982        5983        5984        5985         200
        6591        6592        6593        6594        6595        6596
        6597        6598        6599        6600        6601        6602
        6603        6604        6605        6606        6607        6608
        6609        6610        6611        6612        6613        6614
        6615        6616        6617        6618        6619        6620
        6621        6622        6623        6624        6625        6626
        6627        6628        6629         223        7401        7402
        7403        7404        7405        7406        7407        7408
        7409        7410        7411        7412        7413        7414
        7415        7416        7417        7418        7419        7420
        7421        7422        7423        7424        7425        7426
        7427        7428        7429        7430        7431        7432
        7433        7434        7435        7436        7437        7438
        7439         244        8169        8170        8171        8172
        8173        8174        8175        8176        8177        8178
        8179        8180        8181        8182        8183        8184
        8185        8186        8187        8188        8189         263
        8840        8841        8842        8843        8844        8845
        8846        8847        8848        8849        8850        8851
        8852        8853        8854        8855        8856        8857
        8858        8859        8860        8861        8862        8863
        8864        8865        8866        8867        8868        8869
        8870        8871        8872         280        9453        9454
        9455        9456        9457        9458        9459        9460
        9461        9462        9463        9464        9465        9466
        9467        9468        9469        9470        9471        9472
        9473        9474        9475        9476        9477        9478
        9479        9480        9481        9482        9483        9484
        9485        9486        9487        9488         294        9969
        9970        9971        9972        9973        9974        9975
        9976        9977        9978        9979        9980        9981
        9982        9983        9984        9985        9986        9987
        9988        9989        9990        9991        9992        9993
        9994        9995        9996        9997        9998        9999
       10000       10001       10002       10003       10004       10005
       10006       10007       10008         295       10009       10010
       10011       10012       10013       10014       10015       10016
       10017       10018       10019       10020       10021       10022
       10023       10024       10025       10026       10027       10028
       10029       10030       10031       10032       10033       10034
       10035       10036       10037       10038       10039       10040
       10041       10042       10043       10044       10045       10046
       10047         307       10469       10470       10471       10472
       10473       10474       10475       10476       10477       10478
       10479       10480       10481       10482       10483       10484
       10485       10486       10487       10488       10489       10490
       10491       10492       10493       10494       10495       10496
       10497       10498       10499       10500       10501       10502
       10503       10504       10505       10506       10507       10508
         308       10509       10510       10511       10512       10513
       10514       10515       10516       10517       10518       10519
       10520       10521       10522       10523       10524       10525
       10526       10527       10528       10529       10530       10531
       10532       10533       10534       10535       10536       10537
       10538       10539       10540       10541       10542       10543
       10544       10545       10546       10547         310       10588
       10589       10590       10591       10592       10593       10594
       10595       10596       10597       10598       10599       10600
       10601       10602       10603       10604       10605       10606
       10607       10608       10609       10610       10611       10612
       10613       10614       10615       10616       10617       10618
       10619       10620       10621         317       10838       10839
       10840       10841       10842       10843       10844       10845
       10846       10847       10848       10849       10850       10851
       10852       10853       10854       10855       10856       10857
       10858       10859       10860       10861       10862       10863
       10864       10865       10866       10867       10868       10869
       10870       10871       10872       10873       10874         318
       10875       10876       10877       10878       10879       10880
       10881       10882       10883       10884       10885       10886
       10887       10888       10889       10890       10891       10892
       10893       10894       10895       10896       10897       10898
       10899       10900       10901       10902       10903       10904
       10905       10906       10907       10908       10909       10910
       10911       10912       10913       10914         323       11034
       11035       11036       11037       11038       11039       11040
       11041       11042       11043       11044       11045       11046
       11047       11048       11049       11050       11051       11052
       11053       11054       11055       11056       11057       11058
       11059       11060       11061       11062       11063       11064
       11065       11066       11067       11068       11069         325
       11106       11107       11108       11109       11110       11111
       11112       11113       11114       11115       11116       11117
       11118       11119       11120       11121       11122       11123
       11124       11125       11126       11127       11128       11129
       11130       11131       11132       11133       11134       11135
       11136       11137       11138       11139       11140       11141
         330       11263       11264       11265       11266       11267
       11268       11269       11270       11271       11272       11273
       11274       11275       11276       11277       11278       11279
       11280       11281       11282       11283       11284       11285
       11286       11287       11288       11289       11290       11291
       11292       11293       11294       11295       11296       11297
       11298         334       11378       11379       11380       11381
       11382       11383       11384       11385       11386       11387
       11388       11389       11390       11391       11392       11393
       11394       11395       11396       11397       11398       11399
       11400       11401       11402       11403       11404       11405
       11406       11407       11408       11409       11410       11411
       11412         337       11462       11463       11464       11465
       11466       11467       11468       11469       11470       11471
       11472       11473       11474       11475       11476       11477
       11478       11479       11480       11481       11482       11483
       11484       11485       11486       11487       11488       11489
       11490       11491       11492       11493         338       11494
       11495       11496       11497       11498       11499       11500
       11501       11502       11503       11504       11505       11506
       11507       11508       11509       11510       11511          26
         953         954         955         956         957         958
         959         960         961         962         963         964
         965         966         967         968         969         970
         971         972         973         974         975         976
         977         978         979         980         981         982
         983         984         985         986         987         988
         989          27         990         991         992         993
         994         995         996         997         998         999
        1000        1001        1002        1003        1004        1005
        1006        1007        1008        1009        1010        1011
        1012        1013        1014        1015        1016        1017
        1018        1019        1020        1021        1022        1023
        1024        1025        1026        1027          28        1028
        1029        1030        1031        1032        1033        1034
        1035        1036        1037        1038        1039        1040
        1041        1042        1043        1044        1045        1046
        1047        1048        1049        1050        1051        1052
        1053        1054        1055        1056        1057        1058
        1059        1060        1061        1062        1063        1064
        1065          29        1066        1067        1068        1069
        1070        1071        1072        1073        1074        1075
        1076        1077        1078        1079        1080        1081
        1082           4         365         366         367         368
          20         722         723         724         725         726
         727         728         729         730         731         732
         733         734         735         736         737         738
         739         740         741         742         743         744
         745         746         747         748         749         750
         751         752         753         754         755         756
         757          37        1315        1316        1317        1318
        1319        1320        1321        1322        1323        1324
        1325        1326        1327        1328        1329        1330
        1331        1332        1333        1334        1335        1336
        1337        1338        1339        1340        1341        1342
        1343        1344        1345        1346          50        1771
        1772        1773        1774        1775        1776        1777
        1778        1779        1780        1781        1782        1783
        1784        1785        1786        1787        1788        1789
        1790        1791        1792        1793        1794        1795
        1796        1797        1798        1799        1800        1801
        1802        1803        1804        1805        1806        1807
        1808        1809        1810        1811          51        1812
        1813        1814        1815        1816        1817        1818
        1819        1820        1821        1822        1823        1824
        1825        1826        1827        1828        1829        1830
        1831        1832        1833        1834        1835        1836
        1837        1838        1839        1840        1841        1842
        1843        1844        1845        1846        1847        1848
        1849        1850        1851        1852        1853          56
        2012        2013        2014        2015        2016        2017
        2018        2019        2020        2021        2022        2023
        2024        2025        2026        2027        2028        2029
        2030        2031        2032        2033        2034        2035
        2036        2037        2038        2039        2040        2041
        2042        2043        2044        2045        2046        2047
        2048        2049        2050        2051        2052        2053
        2054          67        2375        2376        2377        2378
        2379        2380        2381        2382        2383        2384
        2385        2386        2387        2388        2389        2390
        2391        2392        2393        2394        2395        2396
        2397        2398        2399        2400        2401        2402
        2403        2404        2405        2406        2407        2408
        2409        2410        2411        2412        2413        2414
          68        2415        2416        2417        2418        2419
        2420        2421        2422        2423        2424        2425
        2426        2427        2428        2429        2430        2431
        2432        2433        2434        2435        2436        2437
        2438        2439        2440        2441        2442        2443
        2444        2445        2446        2447        2448        2449
        2450        2451        2452        2453        2454        2455
          69        2456        2457        2458        2459        2460
        2461        2462        2463        2464        2465        2466
        2467        2468        2469        2470        2471        2472
        2473        2474        2475        2476        2477        2478
        2479        2480        2481        2482        2483        2484
        2485        2486        2487        2488        2489        2490
        2491        2492        2493        2494          71        2535
        2536        2537        2538        2539        2540        2541
        2542        2543        2544        2545        2546        2547
        2548        2549        2550        2551        2552        2553
        2554        2555        2556        2557        2558        2559
        2560        2561        2562        2563        2564        2565
        2566        2567        2568        2569          75        2692
        2693        2694        2695        2696        2697        2698
        2699        2700        2701        2702        2703        2704
        2705        2706        2707        2708        2709        2710
        2711        2712        2713        2714        2715        2716
        2717        2718        2719        2720        2721        2722
        2723        2724          95        3375        3376        3377
        3378        3379        3380        3381        3382        3383
        3384        3385        3386        3387        3388        3389
