           7
           2
           5           6
           1          18          36
         541         542         543         544         545         546
         547         548         549         550         551         552
         553         554         555         556         557         558
         559         560         561         562         563         564
         565         566         567         568         569         570
         571         572         573         574         575
           2
           5           6
           1          17          36
         421         422         451         475         486         503
         516         517         527         534         535         536
         537         538         539         540         103         104
         105         129         152         175         197         199
         200         224         226         228         229         235
         260         272         292         302         318
           2
           5           6
           1         511         908
       11859       11860       11861       11862       11863       11864
       11865       11866       11867       11868       11869       11870
       11871       11872       11873       11874       11875       11876
       11877       11878       11879       11880       11881       11882
       11883       11884       11885       11886       11887       11888
       11889       11890       11891       11892       11893       11894
       11895       11896       11897       11898       11899       11900
       11901       11902       11903       11904       11905       11906
       11907       11908       11909       11910       11911       11912
       11913       11914       11915       11916       11917       11918
       11919       11920       11921       11922       11923       11924
       11925       11926       11927       11928       11929       11930
       11931       11932       11933       11934       11935       11936
       11937       11938       11939       11940       11941       11942
       11943       11944       11945       11946       11947       11948
       11949       11950       11951       11952       11953       11954
       11955       11956       11957       11958       11959       11960
       11961       11962       11963       11964       11965       11966
       11967       11968       11969       11970       11971       11972
       11973       11974       11975       11976       11977       11978
       11979       11980       11981       11982       11983       11984
       11985       11986       11987       11988       11989       11990
       11991       11992       11993       11994       11995       11996
       11997       11998       11999       12000       12001       12002
       12003       12004       12005       12006       12007       12008
       12009       12010       12011       12012       12013       12014
       12015       12016       12017       12018       12019       12020
       12021       12022       12023       12024       12025       12026
       12027       12028       12029       12030       12031       12032
       12033       12034       12035       12036       12037       12038
       12039       12040       12041       12042       12043       12044
       12045       12046       12047       12048       12049       12050
       12051       12052       12053       12054       12055       12056
       12057       12058       12059       12060       12061       12062
       12063       12064       12065       12066       12067       12068
       12069       12070       12071       12072       12073       12074
       12075       12076       12077       12078       12079       12080
       12081       12082       12083       12084       12085       12086
       12087       12088       12089       12090       12091       12092
       12093       12094       12095       12096       12097       12098
       12099       12100       12101       12102       12103       12104
       12105       12106       12107       12108       12109       12110
       12111       12112       12113       12114       12115       12116
       12117       12118       12119       12120       12121       12122
       12123       12124       12125       12126       12127       12128
       12129       12130       12131       12132       12133       12134
       12135       12136       12137       12138       12139       12140
       12141       12142       12143       12144       12145       12146
       12147       12148       12149       12150       12151       12152
       12153       12154       12155       12156       12157       12158
       12159       12160       12161       12162       12163       12164
       12165       12166       12167       12168       12169       12170
       12171       12172       12173       12174       12175       12176
       12177       12178       12179       12180       12181       12182
       12183       12184       12185       12186       12187       12188
       12189       12190       12191       12192       12193       12194
       12195       12196       12197       12198       12199       12200
       12201       12202       12203       12204       12205       12206
       12207       12208       12209       12210       12211       12212
       12213       12214       12215       12216       12217       12218
       12219       12220       12221       12222       12223       12224
       12225       12226       12227       12228       12229       12230
       12231       12232       12233       12234       12235       12236
       12237       12238       12239       12240       12241       12242
       12243       12244       12245       12246       12247       12248
       12249       12250       12251       12252       12253       12254
       12255       12256       12257       12258       12259       12260
       12261       12262       12263       12264       12265       12266
       12267       12268       12269       12270       12271       12272
       12273       12274       12275       12276       12277       12278
       12279       12280       12281       12282       12283       12284
       12285       12286       12287       12288       12289       12290
       12291       12292       12293       12294       12295       12296
       12297       12298       12299       12300       12301       12302
       12303       12304       12305       12306       12307       12308
       12309       12310       12311       12312       12313       12314
       12315       12316       12317       12318       12319       12320
       12321       12322       12323       12324       12325       12326
       12327       12328       12329       12330       12331       12332
       12333       12334       12335       12336       12337       12338
       12339       12340       12341       12342       12343       12344
       12345       12346       12347       12348       12349       12350
       12351       12352       12353       12354       12355       12356
       12357       12358       12359       12360       12361       12362
       12363       12364       12365       12366       12367       12368
       12369       12370       12371       12372       12373       12374
       12375       12376       12377       12378       12379       12380
       12381       12382       12383       12384       12385       12386
       12387       12388       12389       12390       12391       12392
       12393       12394       12395       12396       12397       12398
       12399       12400       12401       12402       12403       12404
       12405       12406       12407       12408       12409       12410
       12411       12412       12413       12414       12415       12416
       12417       12418       12419       12420       12421       12422
       12423       12424       12425       12426       12427       12428
       12429       12430       12431       12432       12433       12434
       12435       12436       12437       12438       12439       12440
       12441       12442       12443       12444       12445       12446
       12447       12448       12449       12450       12451       12452
       12453       12454       12455       12456       12457       12458
       12459       12460       12461       12462       12463       12464
       12465       12466       12467       12468       12469       12470
       12471       12472       12473       12474       12475       12476
       12477       12478       12479       12480       12481       12482
       12483       12484       12485       12486       12487       12488
       12489       12490       12491       12492       12493       12494
       12495       12496       12497       12498       12499       12500
       12501       12502       12503       12504       12505       12506
       12507       12508       12509       12510       12511       12512
       12513       12514       12515       12516       12517       12518
       12519       12520       12521       12522       12523       12524
       12525       12526       12527       12528       12529       12530
       12531       12532       12533       12534       12535       12536
       12537       12538       12539       12540       12541       12542
       12543       12544       12545       12546       12547       12548
       12549       12550       12551       12552       12553       12554
       12555       12556       12557       12558       12559       12560
       12561       12562       12563       12564       12565       12566
       12567       12568       12569       12570       12571       12572
       12573       12574       12575       12576       12577       12578
       12579       12580       12581       12582       12583       12584
       12585       12586       12587       12588       12589       12590
       12591       12592       12593       12594       12595       12596
       12597       12598       12599       12600       12601       12602
       12603       12604       12605       12606       12607       12608
       12609       12610       12611       12612       12613       12614
       12615       12616       12617       12618       12619       12620
       12621       12622       12623       12624       12625       12626
       12627       12628       12629       12630       12631       12632
       12633       12634       12635       12636       12637       12638
       12639       12640       12641       12642       12643       12644
       12645       12646       12647       12648       12649       12650
       12651       12652       12653       12654       12655       12656
       12657       12658       12659       12660       12661       12662
       12663       12664       12665       12666       12667       12668
       12669       12670       12671       12672       12673       12674
       12675       12676       12677       12678       12679       12680
       12681       12682       12683       12684       12685       12686
       12687       12688       12689       12690       12691       12692
       12693       12694       12695       12696       12697       12698
       12699       12700       12701       12702       12703       12704
       12705       12706       12707       12708       12709       12710
       12711       12712       12713       12714       12715       12716
       12717       12718       12719       12720       12721       12722
       12723       12724       12725       12726       12727       12728
       12729       12730       12731       12732       12733       12734
       12735       12736       12737       12738       12739       12740
       12741       12742       12743       12744       12745       12746
       12747       12748       12749       12750       12751       12752
       12753       12754       12755       12756       12757       12758
       12759       12760       12761       12762       12763       12764
       12765
           2
           5           6
           1         498         922
         421        8672        8673        8674        8675        8676
        8677        8678        8679        8680        8681        8682
        8683        8684        8685        8686        8687        8688
        8689        8690        8691        8692        8693        8694
        8695        8696        8697        8698        8699        8700
        8701        8702        8703        8704        8705         422
        8706        8707        8708        8709        8710        8711
        8712         451        9376        9377        9378        9379
        9380        9381        9382        9383        9384        9385
        9386        9387        9388        9389        9390        9391
        9392        9393        9394        9395        9396        9397
        9398        9399        9400        9401        9402        9403
        9404        9405        9406        9407        9408        9409
        9410        9411         475       10029       10030       10031
       10032       10033       10034       10035       10036       10037
       10038       10039       10040       10041       10042       10043
       10044       10045       10046       10047       10048       10049
       10050       10051       10052       10053       10054       10055
       10056       10057       10058       10059       10060       10061
       10062       10063       10064         486       10376       10377
       10378       10379       10380       10381       10382       10383
       10384       10385       10386       10387       10388       10389
       10390       10391       10392       10393       10394       10395
       10396       10397       10398       10399       10400       10401
       10402       10403       10404       10405       10406       10407
       10408       10409       10410       10411         503       10849
       10850       10851       10852       10853       10854       10855
       10856       10857       10858       10859       10860       10861
       10862       10863       10864       10865       10866       10867
       10868       10869       10870       10871       10872       10873
       10874       10875       10876       10877       10878       10879
       10880       10881       10882       10883         516       11192
       11193       11194       11195       11196       11197       11198
       11199       11200       11201       11202       11203       11204
       11205       11206       11207       11208       11209       11210
       11211       11212       11213       11214       11215       11216
       11217       11218       11219       11220       11221       11222
       11223       11224       11225       11226         517       11227
       11228       11229       11230       11231       11232       11233
       11234       11235       11236       11237       11238       11239
       11240       11241       11242       11243       11244       11245
       11246       11247       11248       11249       11250       11251
       11252       11253       11254       11255       11256       11257
       11258       11259         527       11487       11488       11489
       11490       11491       11492       11493       11494       11495
       11496       11497       11498       11499       11500       11501
       11502       11503       11504       11505       11506       11507
       11508       11509       11510       11511       11512       11513
       11514       11515       11516       11517         534       11661
       11662       11663       11664       11665       11666       11667
       11668       11669       11670       11671       11672       11673
       11674       11675       11676       11677       11678       11679
       11680       11681       11682       11683       11684       11685
       11686       11687       11688       11689       11690       11691
       11692       11693         535       11694       11695       11696
       11697       11698       11699       11700       11701       11702
       11703       11704       11705       11706       11707       11708
       11709       11710       11711       11712       11713       11714
       11715       11716       11717       11718       11719       11720
       11721       11722       11723       11724       11725       11726
       11727       11728       11729         536       11730       11731
       11732       11733       11734       11735       11736       11737
       11738       11739       11740       11741       11742       11743
       11744       11745       11746       11747         537       11748
       11749       11750       11751       11752       11753       11754
       11755       11756       11757       11758       11759       11760
       11761       11762       11763       11764       11765       11766
       11767       11768       11769       11770       11771       11772
       11773       11774       11775       11776       11777       11778
       11779       11780       11781       11782       11783       11784
         538       11785       11786       11787       11788       11789
       11790       11791       11792       11793       11794       11795
       11796       11797       11798       11799       11800       11801
       11802       11803       11804       11805       11806       11807
       11808       11809       11810       11811       11812       11813
       11814       11815       11816       11817       11818         539
       11819       11820       11821       11822       11823       11824
       11825       11826       11827       11828       11829       11830
       11831       11832       11833       11834       11835       11836
       11837       11838       11839       11840       11841       11842
       11843       11844       11845       11846       11847       11848
       11849       11850       11851       11852       11853       11854
       11855         540       11856       11857       11858         103
        2692        2693        2694        2695        2696        2697
        2698        2699        2700        2701        2702        2703
        2704        2705        2706        2707         104        2708
        2709        2710         105        2711        2712        2713
        2714        2715        2716        2717        2718        2719
        2720        2721        2722        2723        2724        2725
        2726        2727        2728        2729         129        3131
        3132        3133        3134        3135        3136        3137
        3138        3139        3140        3141        3142        3143
        3144        3145        3146        3147        3148        3149
        3150        3151        3152        3153        3154        3155
        3156         152        3533        3534        3535        3536
        3537        3538        3539        3540        3541        3542
        3543        3544        3545        3546        3547        3548
        3549        3550        3551        3552        3553        3554
        3555        3556        3557        3558         175        3938
        3939        3940        3941        3942        3943        3944
        3945        3946        3947        3948        3949        3950
        3951        3952        3953        3954        3955        3956
        3957        3958        3959        3960        3961        3962
         197        4331        4332        4333        4334        4335
        4336        4337        4338        4339        4340        4341
        4342        4343        4344        4345        4346        4347
        4348        4349        4350        4351        4352        4353
        4354        4355        4356        4357        4358        4359
        4360        4361        4362        4363        4364         199
        4393        4394        4395        4396        4397        4398
        4399        4400        4401        4402        4403        4404
        4405        4406        4407        4408        4409        4410
        4411        4412        4413        4414         200        4415
        4416        4417        4418        4419        4420        4421
        4422        4423        4424        4425        4426        4427
        4428        4429        4430        4431        4432        4433
        4434        4435        4436        4437        4438        4439
        4440        4441        4442         224        4863        4864
        4865        4866        4867        4868        4869        4870
        4871        4872        4873        4874        4875        4876
        4877        4878        4879        4880        4881        4882
        4883        4884        4885        4886        4887        4888
        4889        4890        4891        4892        4893        4894
        4895        4896         226        4931        4932        4933
        4934        4935        4936        4937        4938        4939
        4940        4941        4942        4943        4944        4945
        4946        4947        4948        4949        4950        4951
        4952        4953        4954        4955        4956        4957
        4958        4959        4960        4961        4962        4963
        4964         228        4993        4994        4995        4996
        4997        4998        4999        5000        5001        5002
        5003        5004        5005        5006        5007        5008
        5009        5010        5011        5012        5013        5014
        5015        5016        5017        5018        5019        5020
        5021        5022        5023        5024        5025        5026
         229        5027        5028        5029        5030        5031
        5032        5033        5034        5035        5036        5037
        5038        5039        5040        5041        5042        5043
        5044        5045        5046        5047        5048        5049
        5050        5051        5052        5053        5054        5055
        5056        5057        5058         235        5137        5138
        5139         260        5559        5560        5561        5562
        5563        5564        5565        5566        5567        5568
        5569        5570        5571        5572        5573        5574
        5575        5576        5577        5578        5579        5580
        5581        5582        5583        5584        5585        5586
        5587        5588        5589        5590        5591         272
        5868        5869        5870         292        6172        6173
        6174        6175        6176        6177        6178        6179
        6180        6181        6182        6183        6184        6185
        6186        6187        6188        6189        6190        6191
        6192        6193        6194        6195        6196        6197
        6198         302        6443        6444        6445         318
        6685        6686        6687
