           2
           3
           1           3           4
           1          22          42          46
         328         329         330         331         332         333
         334         335         336         337         338         339
         340         341         342         343         344         345
         346         347         348         349         350         351
         352         353         354         355         356         357
         358         359         360         361         362         363
         364         365         366         367         368         369
         370         371         372
           3
           1           3           4
           1          21          39          44
         182         183         204         223         241         258
         271         283         284         294         303         312
         314         317         320         321         323         325
         326         327           3          14          35          57
          82         109         132         154         161         162
         180         181         201         219         235         237
         253         267          79          80         104         105
         106
           3
           1           3           4
           1         769        1489        1623
       11886       11887       11888       11889       11890       11891
       11892       11893       11894       11895       11896       11897
       11898       11899       11900       11901       11902       11903
       11904       11905       11906       11907       11908       11909
       11910       11911       11912       11913       11914       11915
       11916       11917       11918       11919       11920       11921
       11922       11923       11924       11925       11926       11927
       11928       11929       11930       11931       11932       11933
       11934       11935       11936       11937       11938       11939
       11940       11941       11942       11943       11944       11945
       11946       11947       11948       11949       11950       11951
       11952       11953       11954       11955       11956       11957
       11958       11959       11960       11961       11962       11963
       11964       11965       11966       11967       11968       11969
       11970       11971       11972       11973       11974       11975
       11976       11977       11978       11979       11980       11981
       11982       11983       11984       11985       11986       11987
       11988       11989       11990       11991       11992       11993
       11994       11995       11996       11997       11998       11999
       12000       12001       12002       12003       12004       12005
       12006       12007       12008       12009       12010       12011
       12012       12013       12014       12015       12016       12017
       12018       12019       12020       12021       12022       12023
       12024       12025       12026       12027       12028       12029
       12030       12031       12032       12033       12034       12035
       12036       12037       12038       12039       12040       12041
       12042       12043       12044       12045       12046       12047
       12048       12049       12050       12051       12052       12053
       12054       12055       12056       12057       12058       12059
       12060       12061       12062       12063       12064       12065
       12066       12067       12068       12069       12070       12071
       12072       12073       12074       12075       12076       12077
       12078       12079       12080       12081       12082       12083
       12084       12085       12086       12087       12088       12089
       12090       12091       12092       12093       12094       12095
       12096       12097       12098       12099       12100       12101
       12102       12103       12104       12105       12106       12107
       12108       12109       12110       12111       12112       12113
       12114       12115       12116       12117       12118       12119
       12120       12121       12122       12123       12124       12125
       12126       12127       12128       12129       12130       12131
       12132       12133       12134       12135       12136       12137
       12138       12139       12140       12141       12142       12143
       12144       12145       12146       12147       12148       12149
       12150       12151       12152       12153       12154       12155
       12156       12157       12158       12159       12160       12161
       12162       12163       12164       12165       12166       12167
       12168       12169       12170       12171       12172       12173
       12174       12175       12176       12177       12178       12179
       12180       12181       12182       12183       12184       12185
       12186       12187       12188       12189       12190       12191
       12192       12193       12194       12195       12196       12197
       12198       12199       12200       12201       12202       12203
       12204       12205       12206       12207       12208       12209
       12210       12211       12212       12213       12214       12215
       12216       12217       12218       12219       12220       12221
       12222       12223       12224       12225       12226       12227
       12228       12229       12230       12231       12232       12233
       12234       12235       12236       12237       12238       12239
       12240       12241       12242       12243       12244       12245
       12246       12247       12248       12249       12250       12251
       12252       12253       12254       12255       12256       12257
       12258       12259       12260       12261       12262       12263
       12264       12265       12266       12267       12268       12269
       12270       12271       12272       12273       12274       12275
       12276       12277       12278       12279       12280       12281
       12282       12283       12284       12285       12286       12287
       12288       12289       12290       12291       12292       12293
       12294       12295       12296       12297       12298       12299
       12300       12301       12302       12303       12304       12305
       12306       12307       12308       12309       12310       12311
       12312       12313       12314       12315       12316       12317
       12318       12319       12320       12321       12322       12323
       12324       12325       12326       12327       12328       12329
       12330       12331       12332       12333       12334       12335
       12336       12337       12338       12339       12340       12341
       12342       12343       12344       12345       12346       12347
       12348       12349       12350       12351       12352       12353
       12354       12355       12356       12357       12358       12359
       12360       12361       12362       12363       12364       12365
       12366       12367       12368       12369       12370       12371
       12372       12373       12374       12375       12376       12377
       12378       12379       12380       12381       12382       12383
       12384       12385       12386       12387       12388       12389
       12390       12391       12392       12393       12394       12395
       12396       12397       12398       12399       12400       12401
       12402       12403       12404       12405       12406       12407
       12408       12409       12410       12411       12412       12413
       12414       12415       12416       12417       12418       12419
       12420       12421       12422       12423       12424       12425
       12426       12427       12428       12429       12430       12431
       12432       12433       12434       12435       12436       12437
       12438       12439       12440       12441       12442       12443
       12444       12445       12446       12447       12448       12449
       12450       12451       12452       12453       12454       12455
       12456       12457       12458       12459       12460       12461
       12462       12463       12464       12465       12466       12467
       12468       12469       12470       12471       12472       12473
       12474       12475       12476       12477       12478       12479
       12480       12481       12482       12483       12484       12485
       12486       12487       12488       12489       12490       12491
       12492       12493       12494       12495       12496       12497
       12498       12499       12500       12501       12502       12503
       12504       12505       12506       12507       12508       12509
       12510       12511       12512       12513       12514       12515
       12516       12517       12518       12519       12520       12521
       12522       12523       12524       12525       12526       12527
       12528       12529       12530       12531       12532       12533
       12534       12535       12536       12537       12538       12539
       12540       12541       12542       12543       12544       12545
       12546       12547       12548       12549       12550       12551
       12552       12553       12554       12555       12556       12557
       12558       12559       12560       12561       12562       12563
       12564       12565       12566       12567       12568       12569
       12570       12571       12572       12573       12574       12575
       12576       12577       12578       12579       12580       12581
       12582       12583       12584       12585       12586       12587
       12588       12589       12590       12591       12592       12593
       12594       12595       12596       12597       12598       12599
       12600       12601       12602       12603       12604       12605
       12606       12607       12608       12609       12610       12611
       12612       12613       12614       12615       12616       12617
       12618       12619       12620       12621       12622       12623
       12624       12625       12626       12627       12628       12629
       12630       12631       12632       12633       12634       12635
       12636       12637       12638       12639       12640       12641
       12642       12643       12644       12645       12646       12647
       12648       12649       12650       12651       12652       12653
       12654       12655       12656       12657       12658       12659
       12660       12661       12662       12663       12664       12665
       12666       12667       12668       12669       12670       12671
       12672       12673       12674       12675       12676       12677
       12678       12679       12680       12681       12682       12683
       12684       12685       12686       12687       12688       12689
       12690       12691       12692       12693       12694       12695
       12696       12697       12698       12699       12700       12701
       12702       12703       12704       12705       12706       12707
       12708       12709       12710       12711       12712       12713
       12714       12715       12716       12717       12718       12719
       12720       12721       12722       12723       12724       12725
       12726       12727       12728       12729       12730       12731
       12732       12733       12734       12735       12736       12737
       12738       12739       12740       12741       12742       12743
       12744       12745       12746       12747       12748       12749
       12750       12751       12752       12753       12754       12755
       12756       12757       12758       12759       12760       12761
       12762       12763       12764       12765       12766       12767
       12768       12769       12770       12771       12772       12773
       12774       12775       12776       12777       12778       12779
       12780       12781       12782       12783       12784       12785
       12786       12787       12788       12789       12790       12791
       12792       12793       12794       12795       12796       12797
       12798       12799       12800       12801       12802       12803
       12804       12805       12806       12807       12808       12809
       12810       12811       12812       12813       12814       12815
       12816       12817       12818       12819       12820       12821
       12822       12823       12824       12825       12826       12827
       12828       12829       12830       12831       12832       12833
       12834       12835       12836       12837       12838       12839
       12840       12841       12842       12843       12844       12845
       12846       12847       12848       12849       12850       12851
       12852       12853       12854       12855       12856       12857
       12858       12859       12860       12861       12862       12863
       12864       12865       12866       12867       12868       12869
       12870       12871       12872       12873       12874       12875
       12876       12877       12878       12879       12880       12881
       12882       12883       12884       12885       12886       12887
       12888       12889       12890       12891       12892       12893
       12894       12895       12896       12897       12898       12899
       12900       12901       12902       12903       12904       12905
       12906       12907       12908       12909       12910       12911
       12912       12913       12914       12915       12916       12917
       12918       12919       12920       12921       12922       12923
       12924       12925       12926       12927       12928       12929
       12930       12931       12932       12933       12934       12935
       12936       12937       12938       12939       12940       12941
       12942       12943       12944       12945       12946       12947
       12948       12949       12950       12951       12952       12953
       12954       12955       12956       12957       12958       12959
       12960       12961       12962       12963       12964       12965
       12966       12967       12968       12969       12970       12971
       12972       12973       12974       12975       12976       12977
       12978       12979       12980       12981       12982       12983
       12984       12985       12986       12987       12988       12989
       12990       12991       12992       12993       12994       12995
       12996       12997       12998       12999       13000       13001
       13002       13003       13004       13005       13006       13007
       13008       13009       13010       13011       13012       13013
       13014       13015       13016       13017       13018       13019
       13020       13021       13022       13023       13024       13025
       13026       13027       13028       13029       13030       13031
       13032       13033       13034       13035       13036       13037
       13038       13039       13040       13041       13042       13043
       13044       13045       13046       13047       13048       13049
       13050       13051       13052       13053       13054       13055
       13056       13057       13058       13059       13060       13061
       13062       13063       13064       13065       13066       13067
       13068       13069       13070       13071       13072       13073
       13074       13075       13076       13077       13078       13079
       13080       13081       13082       13083       13084       13085
       13086       13087       13088       13089       13090       13091
       13092       13093       13094       13095       13096       13097
       13098       13099       13100       13101       13102       13103
       13104       13105       13106       13107       13108       13109
       13110       13111       13112       13113       13114       13115
       13116       13117       13118       13119       13120       13121
       13122       13123       13124       13125       13126       13127
       13128       13129       13130       13131       13132       13133
       13134       13135       13136       13137       13138       13139
       13140       13141       13142       13143       13144       13145
       13146       13147       13148       13149       13150       13151
       13152       13153       13154       13155       13156       13157
       13158       13159       13160       13161       13162       13163
       13164       13165       13166       13167       13168       13169
       13170       13171       13172       13173       13174       13175
       13176       13177       13178       13179       13180       13181
       13182       13183       13184       13185       13186       13187
       13188       13189       13190       13191       13192       13193
       13194       13195       13196       13197       13198       13199
       13200       13201       13202       13203       13204       13205
       13206       13207       13208       13209       13210       13211
       13212       13213       13214       13215       13216       13217
       13218       13219       13220       13221       13222       13223
       13224       13225       13226       13227       13228       13229
       13230       13231       13232       13233       13234       13235
       13236       13237       13238       13239       13240       13241
       13242       13243       13244       13245       13246       13247
       13248       13249       13250       13251       13252       13253
       13254       13255       13256       13257       13258       13259
       13260       13261       13262       13263       13264       13265
       13266       13267       13268       13269       13270       13271
       13272       13273       13274       13275       13276       13277
       13278       13279       13280       13281       13282       13283
       13284       13285       13286       13287       13288       13289
       13290       13291       13292       13293       13294       13295
       13296       13297       13298       13299       13300       13301
       13302       13303       13304       13305       13306       13307
       13308       13309       13310       13311       13312       13313
       13314       13315       13316       13317       13318       13319
       13320       13321       13322       13323       13324       13325
       13326       13327       13328       13329       13330       13331
       13332       13333       13334       13335       13336       13337
       13338       13339       13340       13341       13342       13343
       13344       13345       13346       13347       13348       13349
       13350       13351       13352       13353       13354       13355
       13356       13357       13358       13359       13360       13361
       13362       13363       13364       13365       13366       13367
       13368       13369       13370       13371       13372       13373
       13374       13375       13376       13377       13378       13379
       13380       13381       13382       13383       13384       13385
       13386       13387       13388       13389       13390       13391
       13392       13393       13394       13395       13396       13397
       13398       13399       13400       13401       13402       13403
       13404       13405       13406       13407       13408       13409
       13410       13411       13412       13413       13414       13415
       13416       13417       13418       13419       13420       13421
       13422       13423       13424       13425       13426       13427
       13428       13429       13430       13431       13432       13433
       13434       13435       13436       13437       13438       13439
       13440       13441       13442       13443       13444       13445
       13446       13447       13448       13449       13450       13451
       13452       13453       13454       13455       13456       13457
       13458       13459       13460       13461       13462       13463
       13464       13465       13466       13467       13468       13469
       13470       13471       13472       13473       13474       13475
       13476       13477       13478       13479       13480       13481
       13482       13483       13484       13485       13486       13487
       13488       13489       13490       13491       13492       13493
       13494       13495       13496       13497       13498       13499
       13500       13501       13502       13503       13504       13505
       13506       13507
           3
           1           3           4
           1         667        1319        1493
         182        6797        6798        6799        6800        6801
        6802        6803        6804        6805        6806        6807
        6808        6809        6810        6811        6812        6813
         183        6814        6815        6816        6817        6818
        6819        6820        6821        6822        6823        6824
        6825        6826        6827        6828        6829        6830
        6831        6832        6833        6834        6835        6836
        6837        6838        6839        6840        6841        6842
        6843        6844        6845        6846        6847        6848
         204        7627        7628        7629        7630        7631
        7632        7633        7634        7635        7636        7637
        7638        7639        7640        7641        7642        7643
        7644        7645        7646        7647        7648        7649
        7650        7651        7652        7653        7654        7655
        7656        7657        7658        7659        7660        7661
        7662        7663         223        8358        8359        8360
        8361        8362        8363        8364        8365        8366
        8367        8368        8369        8370        8371        8372
        8373        8374        8375        8376        8377        8378
        8379        8380        8381        8382        8383        8384
        8385        8386        8387        8388        8389        8390
        8391        8392        8393        8394        8395         241
        9065        9066        9067        9068        9069        9070
        9071        9072        9073        9074        9075        9076
        9077        9078        9079        9080        9081        9082
        9083        9084        9085        9086        9087        9088
        9089        9090        9091        9092        9093        9094
        9095        9096        9097        9098        9099        9100
        9101        9102        9103         258        9693        9694
        9695        9696        9697        9698        9699        9700
        9701        9702        9703        9704        9705        9706
        9707        9708        9709        9710        9711        9712
        9713        9714        9715        9716        9717        9718
        9719        9720        9721        9722        9723        9724
        9725        9726        9727        9728        9729        9730
         271       10146       10147       10148       10149       10150
       10151       10152       10153       10154       10155       10156
       10157       10158       10159       10160       10161       10162
       10163       10164       10165       10166       10167       10168
       10169       10170       10171       10172       10173       10174
       10175       10176       10177       10178       10179       10180
       10181       10182       10183         283       10542       10543
       10544       10545       10546       10547       10548       10549
       10550       10551       10552       10553       10554       10555
       10556       10557       10558       10559       10560       10561
       10562       10563       10564       10565       10566       10567
       10568       10569       10570       10571       10572       10573
       10574       10575       10576       10577       10578       10579
         284       10580       10581       10582       10583       10584
       10585       10586       10587       10588       10589       10590
       10591       10592       10593       10594       10595       10596
       10597       10598       10599       10600       10601       10602
       10603       10604       10605       10606       10607       10608
       10609       10610       10611       10612         294       10910
       10911       10912       10913       10914       10915       10916
       10917       10918       10919       10920       10921       10922
       10923       10924       10925       10926       10927       10928
       10929       10930       10931       10932       10933       10934
       10935       10936       10937       10938       10939       10940
       10941       10942       10943       10944         303       11184
       11185       11186       11187       11188       11189       11190
       11191       11192       11193       11194       11195       11196
       11197       11198       11199       11200       11201       11202
       11203       11204       11205       11206       11207       11208
       11209       11210       11211       11212       11213       11214
       11215       11216       11217       11218       11219         312
       11469       11470       11471       11472       11473       11474
       11475       11476       11477       11478       11479       11480
       11481       11482       11483       11484       11485       11486
       11487       11488       11489       11490       11491       11492
       11493       11494       11495       11496       11497       11498
       11499       11500       11501       11502       11503       11504
       11505       11506       11507       11508         314       11550
       11551       11552       11553       11554       11555       11556
       11557       11558       11559       11560       11561       11562
       11563       11564       11565       11566       11567       11568
       11569       11570       11571       11572       11573       11574
       11575       11576       11577       11578       11579       11580
       11581       11582       11583       11584       11585       11586
       11587       11588       11589       11590       11591         317
       11632       11633       11634       11635       11636       11637
       11638         320       11679       11680       11681       11682
       11683       11684       11685       11686       11687       11688
       11689       11690       11691       11692       11693       11694
       11695       11696       11697       11698       11699       11700
       11701       11702       11703       11704       11705       11706
       11707       11708       11709       11710       11711       11712
       11713       11714       11715       11716       11717       11718
       11719       11720         321       11721       11722       11723
       11724       11725       11726       11727       11728       11729
       11730       11731       11732       11733       11734       11735
       11736       11737       11738       11739       11740       11741
       11742       11743       11744       11745       11746       11747
       11748       11749       11750       11751       11752       11753
       11754       11755       11756       11757       11758       11759
       11760       11761       11762         323       11783       11784
       11785       11786       11787       11788       11789       11790
       11791       11792       11793       11794       11795       11796
       11797       11798       11799       11800       11801       11802
       11803         325       11818       11819       11820       11821
       11822       11823       11824       11825       11826       11827
       11828       11829       11830       11831       11832       11833
       11834       11835       11836       11837       11838       11839
       11840       11841       11842         326       11843       11844
       11845       11846       11847       11848       11849       11850
       11851       11852       11853       11854       11855       11856
       11857       11858       11859       11860       11861         327
       11862       11863       11864       11865       11866       11867
       11868       11869       11870       11871       11872       11873
       11874       11875       11876       11877       11878       11879
       11880       11881       11882       11883       11884       11885
           3         384         385         386         387         388
         389         390         391         392         393         394
         395         396         397         398         399         400
         401         402         403         404         405         406
         407         408         409         410         411          14
         715         716         717         718         719         720
         721         722         723         724         725         726
         727         728         729         730         731         732
         733         734         735         736         737         738
         739         740         741         742         743         744
         745         746         747         748         749         750
         751         752          35        1431        1432        1433
        1434        1435        1436        1437        1438        1439
        1440        1441        1442        1443        1444        1445
        1446        1447        1448        1449        1450        1451
        1452        1453        1454        1455        1456        1457
        1458        1459        1460        1461        1462        1463
        1464        1465        1466        1467        1468        1469
          57        2234        2235        2236        2237        2238
        2239        2240        2241        2242        2243        2244
        2245        2246        2247        2248        2249        2250
        2251        2252        2253        2254        2255        2256
        2257        2258        2259        2260        2261        2262
        2263        2264        2265        2266        2267        2268
        2269        2270        2271        2272          82        3132
        3133        3134        3135        3136        3137        3138
        3139        3140        3141        3142        3143        3144
        3145        3146        3147        3148        3149        3150
        3151        3152        3153        3154        3155        3156
        3157        3158        3159        3160        3161        3162
        3163        3164        3165        3166        3167        3168
        3169        3170        3171        3172         109        4121
        4122        4123        4124        4125        4126        4127
        4128        4129        4130        4131        4132        4133
        4134        4135        4136        4137        4138        4139
        4140        4141        4142        4143        4144        4145
        4146        4147        4148        4149        4150        4151
        4152        4153        4154        4155        4156        4157
        4158        4159        4160        4161         132        4970
        4971        4972        4973        4974        4975        4976
        4977        4978        4979        4980        4981        4982
        4983        4984        4985        4986        4987        4988
        4989        4990        4991        4992        4993        4994
        4995        4996        4997        4998        4999        5000
        5001        5002        5003        5004        5005        5006
        5007        5008        5009        5010         154        5772
        5773        5774        5775        5776        5777        5778
        5779        5780        5781        5782        5783        5784
        5785        5786        5787        5788        5789        5790
        5791        5792        5793        5794        5795        5796
        5797        5798        5799        5800        5801        5802
        5803        5804        5805        5806        5807        5808
        5809        5810         161        6008        6009        6010
        6011        6012        6013        6014        6015        6016
        6017        6018        6019        6020        6021        6022
        6023        6024        6025        6026        6027        6028
        6029        6030        6031        6032        6033        6034
        6035        6036        6037        6038        6039        6040
        6041        6042        6043        6044        6045        6046
         162        6047        6048        6049        6050        6051
        6052        6053        6054        6055        6056        6057
        6058        6059        6060        6061        6062        6063
        6064        6065        6066        6067        6068        6069
        6070        6071        6072        6073        6074        6075
        6076        6077        6078        6079        6080        6081
        6082        6083         180        6714        6715        6716
        6717        6718        6719        6720        6721        6722
        6723        6724        6725        6726        6727        6728
        6729        6730        6731        6732        6733        6734
        6735        6736        6737        6738        6739        6740
        6741        6742        6743        6744        6745        6746
        6747        6748        6749        6750        6751        6752
        6753        6754         181        6755        6756        6757
        6758        6759        6760        6761        6762        6763
        6764        6765        6766        6767        6768        6769
        6770        6771        6772        6773        6774        6775
        6776        6777        6778        6779        6780        6781
        6782        6783        6784        6785        6786        6787
        6788        6789        6790        6791        6792        6793
        6794        6795        6796         201        7496        7497
        7498        7499        7500        7501        7502        7503
        7504        7505        7506        7507        7508        7509
        7510        7511        7512        7513        7514        7515
        7516        7517        7518        7519        7520        7521
        7522        7523        7524        7525        7526        7527
        7528        7529        7530        7531        7532        7533
        7534        7535        7536        7537        7538        7539
         219        8210        8211        8212        8213        8214
        8215        8216        8217        8218        8219        8220
        8221        8222        8223        8224        8225        8226
        8227        8228        8229        8230        8231        8232
        8233        8234        8235         235        8834        8835
        8836        8837        8838        8839        8840        8841
        8842        8843        8844        8845        8846        8847
        8848        8849        8850        8851        8852        8853
        8854        8855        8856        8857        8858        8859
        8860        8861        8862        8863        8864        8865
        8866        8867        8868        8869         237        8912
        8913        8914        8915        8916        8917        8918
        8919        8920        8921        8922        8923        8924
        8925        8926        8927        8928        8929        8930
        8931        8932        8933        8934        8935        8936
        8937        8938        8939        8940        8941         253
        9523        9524        9525        9526        9527        9528
        9529        9530        9531        9532        9533        9534
        9535        9536        9537        9538        9539        9540
        9541        9542        9543        9544        9545        9546
        9547        9548        9549        9550        9551        9552
         267       10036       10037       10038          79        3042
        3043        3044        3045        3046        3047        3048
        3049        3050        3051        3052        3053        3054
        3055        3056        3057        3058        3059        3060
        3061        3062        3063        3064        3065        3066
        3067        3068        3069        3070        3071        3072
        3073        3074        3075        3076        3077          80
        3078        3079        3080        3081        3082        3083
        3084        3085        3086        3087        3088        3089
        3090        3091        3092        3093         104        3927
        3928        3929        3930        3931        3932        3933
        3934        3935        3936        3937        3938        3939
        3940        3941        3942        3943        3944        3945
        3946        3947        3948        3949        3950        3951
        3952        3953        3954        3955        3956        3957
        3958        3959        3960        3961        3962        3963
        3964        3965        3966        3967         105        3968
        3969        3970        3971        3972        3973        3974
        3975        3976        3977        3978        3979        3980
        3981        3982        3983        3984        3985        3986
        3987        3988        3989        3990        3991        3992
        3993        3994        3995        3996        3997        3998
        3999        4000        4001        4002        4003        4004
        4005        4006         106        4007        4008        4009
        4010        4011        4012        4013        4014        4015
        4016        4017        4018        4019        4020        4021
        4022        4023        4024        4025        4026        4027
        4028        4029        4030        4031        4032        4033
        4034        4035        4036        4037        4038        4039
        4040        4041        4042        4043
